#
# A fatal error has been detected by the Java Runtime Environment:
#
#  EXCEPTION_ACCESS_VIOLATION (0xc0000005) at pc=0x00007ffe67f0f011, pid=16120, tid=9608
#
# JRE version: Java(TM) SE Runtime Environment (25.0+37) (build 25+37-LTS-3491)
# Java VM: Java HotSpot(TM) 64-Bit Server VM (25+37-LTS-3491, mixed mode, sharing, tiered, compressed oops, compressed class ptrs, g1 gc, windows-amd64)
# Problematic frame:
# C  [awt.dll+0xdf011]
#
# No core dump will be written. Minidumps are not enabled by default on client versions of Windows
#
# If you would like to submit a bug report, please visit:
#   https://bugreport.java.com/bugreport/crash.jsp
# The crash happened outside the Java Virtual Machine in native code.
# See problematic frame for where to report the bug.
#

---------------  S U M M A R Y ------------

Command Line: -Dfile.encoding=UTF-8 --enable-preview --module-path=C:\Users\User\OneDrive\Documentos\NetBeansProjects\Versiones-PrototipoSistemaContable-master\abrilolivo07 Prototipo-Sistema-Contable master PrototipoSistemaContable-Nuevo\build\classes prototiposistemacontable.FrmCatalogoCuentas

Host: 11th Gen Intel(R) Core(TM) i5-1145G7 @ 2.60GHz, 8 cores, 15G,  Windows 11 , 64 bit Build 26100 (10.0.26100.6725)
Time: Tue Nov 25 21:59:06 2025 Hora estándar del Centro elapsed time: 641.308308 seconds (0d 0h 10m 41s)

---------------  T H R E A D  ---------------

Current thread (0x00000229f32d1870):  JavaThread "AWT-Windows" daemon [_thread_in_native, id=9608, stack(0x000000f1fb000000,0x000000f1fb100000) (1024K)]

Stack: [0x000000f1fb000000,0x000000f1fb100000],  sp=0x000000f1fb0fece0,  free space=1019k
Native frames: (J=compiled Java code, j=interpreted, Vv=VM code, C=native code)
C  [awt.dll+0xdf011]  (no source info available)
C  [awt.dll+0x98b2c]  (no source info available)
C  [awt.dll+0x98bd6]  (no source info available)
C  [awt.dll+0x95f59]  (no source info available)
C  [awt.dll+0xe373b]  (no source info available)
C  [awt.dll+0xb2e4d]  (no source info available)
C  [awt.dll+0x99110]  (no source info available)
C  [USER32.dll+0x17846]  (no source info available)
C  [USER32.dll+0x1730c]  (no source info available)
C  [awt.dll+0x16613]  (no source info available)
C  [COMCTL32.dll+0x2cec8]  (no source info available)
C  [COMCTL32.dll+0x2cc9f]  (no source info available)
C  [USER32.dll+0x17846]  (no source info available)
C  [USER32.dll+0x1539d]  (no source info available)
C  [awt.dll+0xd839e]  (no source info available)
C  [awt.dll+0xda2c2]  (no source info available)
C  0x00000229defcd2b3  (no source info available)

The last pc belongs to native method entry point (kind = native) (printed below).
Java frames: (J=compiled Java code, j=interpreted, Vv=VM code)
j  sun.awt.windows.WToolkit.eventLoop()V+0 java.desktop@25
j  sun.awt.windows.WToolkit.run()V+56 java.desktop@25
j  java.lang.Thread.runWith(Ljava/lang/Object;Ljava/lang/Runnable;)V+5 java.base@25
j  java.lang.Thread.run()V+19 java.base@25
v  ~StubRoutines::call_stub 0x00000229defc12ed

siginfo: EXCEPTION_ACCESS_VIOLATION (0xc0000005), reading address 0xffffffffffffffff


Registers:
RAX=0x0065646f4e010001, RBX=0x00000229ee92b630, RCX=0x0000000000000000, RDX=0x0000000000000000
RSP=0x000000f1fb0fece0, RBP=0x000000f1fb0fedf9, RSI=0x000000001c010965, RDI=0x0000000000000000
R8 =0x0000000000000001, R9 =0x000000f1f974c000, R10=0x0000000000000000, R11=0x0000000000000246
R12=0x0000000000000000, R13=0x0000000000000001, R14=0x00000229f35c8ea0, R15=0x0000000000000000
RIP=0x00007ffe67f0f011, EFLAGS=0x0000000000010246

XMM[0]=0x0000000000000000 0x0000000000000000
XMM[1]=0x0000000000000000 0x0000000000000000
XMM[2]=0x0000000000000000 0x0000000000000000
XMM[3]=0x0000000000000000 0x0000000000000000
XMM[4]=0x0000000000000000 0x0000000000000000
XMM[5]=0x0000000000000000 0x0000000000000000
XMM[6]=0x0000000000000000 0x0000000000000000
XMM[7]=0x0000000000000000 0x0000000000000000
XMM[8]=0x0000000000000000 0x0000000000000000
XMM[9]=0x0000000000000000 0x0000000000000000
XMM[10]=0x0000000000000000 0x0000000000000000
XMM[11]=0x0000000000000000 0x0000000000000000
XMM[12]=0x0000000000000000 0x0000000000000000
XMM[13]=0x0000000000000000 0x0000000000000000
XMM[14]=0x0000000000000000 0x0000000000000000
XMM[15]=0x0000000000000000 0x0000000000000000
  MXCSR=0x00001fa0


Register to memory mapping:

RAX=0x0065646f4e010001 is an unknown value
RBX=0x00000229ee92b630 points into unknown readable memory: 0x00000229ccf3bd20 | 20 bd f3 cc 29 02 00 00
RCX=0x0 is null
RDX=0x0 is null
RSP=0x000000f1fb0fece0 is pointing into the stack for thread: 0x00000229f32d1870
RBP=0x000000f1fb0fedf9 is pointing into the stack for thread: 0x00000229f32d1870
RSI=0x000000001c010965 is an unknown value
RDI=0x0 is null
R8 =0x0000000000000001 is an unknown value
R9 =0x000000f1f974c000 points into unknown readable memory: 0x0000000000000000 | 00 00 00 00 00 00 00 00
R10=0x0 is null
R11=0x0000000000000246 is an unknown value
R12=0x0 is null
R13=0x0000000000000001 is an unknown value
R14=0x00000229f35c8ea0 points into unknown readable memory: 0x00007ffe67f3e8e0 | e0 e8 f3 67 fe 7f 00 00
R15=0x0 is null

Top of Stack: (sp=0x000000f1fb0fece0)
0x000000f1fb0fece0:   00007ffe67f6c838 000000001c010965   8..g....e.......
0x000000f1fb0fecf0:   00000229f35c8ea0 00000229f32d1cb8   ..\.).....-.)...
0x000000f1fb0fed00:   0000000000000000 00007ffe67ec8b2c   ........,..g....
0x000000f1fb0fed10:   000000001c010965 00000229f35c8ea0   e.........\.)...
0x000000f1fb0fed20:   00000229ee92b630 00007ffe67e46613   0...)....f.g....
0x000000f1fb0fed30:   00000229f32d1cb8 00007ffe67ec8bd6   ..-.)......g....
0x000000f1fb0fed40:   00000229f35c8f40 0000000000000001   @.\.)...........
0x000000f1fb0fed50:   0000000000000000 000000f1fb0fef50   ........P.......
0x000000f1fb0fed60:   00000229f32d1cb8 00007ffe67ec5f59   ..-.)...Y_.g....
0x000000f1fb0fed70:   00000229f35c8f40 000000f1fb0fee54   @.\.)...T.......
0x000000f1fb0fed80:   0000000000000000 0000000000000000   ................
0x000000f1fb0fed90:   00007ffe67ec90b0 00007ffee48ba3ee   ...g............
0x000000f1fb0feda0:   0000000000000000 00007ffee46d0be9   ..........m.....
0x000000f1fb0fedb0:   000000f100000310 0000000000000000   ................
0x000000f1fb0fedc0:   000000f1fb0fee54 0000000000000000   T...............
0x000000f1fb0fedd0:   0000000000000000 0000000000000000   ................
0x000000f1fb0fede0:   00000229f35c8f40 00000229f32d1cb8   @.\.).....-.)...
0x000000f1fb0fedf0:   0000000000000000 0000000000000000   ................
0x000000f1fb0fee00:   000091803ac0b08e 0000000000000000   ...:............
0x000000f1fb0fee10:   0000000000000000 0000000000000000   ................
0x000000f1fb0fee20:   0000000000000000 0000000000000000   ................
0x000000f1fb0fee30:   0000000000000000 0000000000000310   ................
0x000000f1fb0fee40:   0000000000000000 00000229f35c8ea0   ..........\.)...
0x000000f1fb0fee50:   00000229f35c8ea0 00007ffe67f1373b   ..\.)...;7.g....
0x000000f1fb0fee60:   0000000000000000 0000358cd3f16cda   .........l...5..
0x000000f1fb0fee70:   000047b751e0faf1 0000000000000022   ...Q.G..".......
0x000000f1fb0fee80:   000000000000c16d 0000000000000000   m...............
0x000000f1fb0fee90:   0000000000000000 00007ffee46a7a19   .........zj.....
0x000000f1fb0feea0:   0000000000000000 0000000000000001   ................
0x000000f1fb0feeb0:   0000000000000022 00007ffee48aa6af   "...............
0x000000f1fb0feec0:   00000000001d0366 00007ffee46a8cfa   f.........j.....
0x000000f1fb0feed0:   ffffffffffffffeb 000091803ac0b39e   ...........:....

Instructions: (pc=0x00007ffe67f0f011)
  0x00007ffe67f0ef11:   83 ec 28 66 0f 6e c2 0f 5b c0 f3 0f 59 41 48 0f
  0x00007ffe67f0ef21:   5a c8 f2 0f 10 05 cd 3c 03 00 f2 0f 5c 0d 05 3d
  0x00007ffe67f0ef31:   01 00 66 0f 2f c1 76 0a b8 00 00 00 80 48 83 c4
  0x00007ffe67f0ef41:   28 c3 66 0f 2f 0d 75 86 02 00 76 0a b8 ff ff ff
  0x00007ffe67f0ef51:   7f 48 83 c4 28 c3 0f 28 c1 e8 5b 07 01 00 f2 0f
  0x00007ffe67f0ef61:   2c c0 48 83 c4 28 c3 cc cc cc cc cc cc cc cc 48
  0x00007ffe67f0ef71:   83 ec 28 66 0f 6e c2 0f 5b c0 f3 0f 59 41 4c 0f
  0x00007ffe67f0ef81:   5a c8 f2 0f 10 05 6d 3c 03 00 f2 0f 5c 0d a5 3c
  0x00007ffe67f0ef91:   01 00 66 0f 2f c1 76 0a b8 00 00 00 80 48 83 c4
  0x00007ffe67f0efa1:   28 c3 66 0f 2f 0d 15 86 02 00 76 0a b8 ff ff ff
  0x00007ffe67f0efb1:   7f 48 83 c4 28 c3 0f 28 c1 e8 fb 06 01 00 f2 0f
  0x00007ffe67f0efc1:   2c c0 48 83 c4 28 c3 cc cc cc cc cc cc cc cc 48
  0x00007ffe67f0efd1:   8b 49 08 48 85 c9 0f 85 63 78 fe ff 33 c0 c3 48
  0x00007ffe67f0efe1:   89 5c 24 08 48 89 74 24 10 57 48 83 ec 20 8b fa
  0x00007ffe67f0eff1:   48 8b f1 e8 b7 93 f4 ff 48 8b d8 48 89 44 24 40
  0x00007ffe67f0f001:   41 b8 01 00 00 00 8b d7 48 8b c8 e8 0f 93 f4 ff
=>0x00007ffe67f0f011:   48 8b 48 08 48 85 c9 74 0d 48 8b d6 e8 1e 78 fe
  0x00007ffe67f0f021:   ff 48 8b f8 eb 02 33 ff 48 8b cb e8 3f 95 f4 ff
  0x00007ffe67f0f031:   90 48 8b c7 48 8b 5c 24 30 48 8b 74 24 38 48 83
  0x00007ffe67f0f041:   c4 20 5f c3 cc cc cc cc cc cc cc cc cc cc cc 48
  0x00007ffe67f0f051:   8b 01 89 10 c3 cc cc cc cc cc cc cc cc cc cc 40
  0x00007ffe67f0f061:   57 48 83 ec 40 48 83 79 38 00 48 8b f9 0f 84 b9
  0x00007ffe67f0f071:   01 00 00 48 8b 0d 85 9e 06 00 ba 02 00 01 00 48
  0x00007ffe67f0f081:   89 5c 24 58 48 89 74 24 68 e8 d0 ce 00 00 4c 8b
  0x00007ffe67f0f091:   05 b2 a3 06 00 48 8b c8 48 8b 57 38 48 8b d8 4c
  0x00007ffe67f0f0a1:   8b 08 4d 8b 91 f8 02 00 00 41 ff d2 48 8b f0 48
  0x00007ffe67f0f0b1:   85 c0 0f 84 6a 01 00 00 48 8b 0b 48 8b d0 4c 8b
  0x00007ffe67f0f0c1:   05 72 a3 06 00 4c 8b 89 00 01 00 00 48 8b cb 41
  0x00007ffe67f0f0d1:   ff d1 84 c0 0f 84 48 01 00 00 48 8b 03 48 8b d6
  0x00007ffe67f0f0e1:   48 8b 7f 08 48 8b cb 4c 8b 05 61 a3 06 00 48 81
  0x00007ffe67f0f0f1:   c7 00 04 00 00 48 89 6c 24 60 4c 8b 88 f8 02 00
  0x00007ffe67f0f101:   00 4c 89 64 24 38 41 ff d1 48 8b 0b 48 8b d6 4c


Stack slot to memory mapping:

stack at sp + 0 slots: 0x00007ffe67f6c838 awt.dll
stack at sp + 1 slots: 0x000000001c010965 is an unknown value
stack at sp + 2 slots: 0x00000229f35c8ea0 points into unknown readable memory: 0x00007ffe67f3e8e0 | e0 e8 f3 67 fe 7f 00 00
stack at sp + 3 slots: 0x00000229f32d1cb8 points into unknown readable memory: 0x00007ffe66976b50 | 50 6b 97 66 fe 7f 00 00
stack at sp + 4 slots: 0x0 is null
stack at sp + 5 slots: 0x00007ffe67ec8b2c awt.dll
stack at sp + 6 slots: 0x000000001c010965 is an unknown value
stack at sp + 7 slots: 0x00000229f35c8ea0 points into unknown readable memory: 0x00007ffe67f3e8e0 | e0 e8 f3 67 fe 7f 00 00

Lock stack of current Java thread (top to bottom):

native method entry point (kind = native)  [0x00000229defccee0, 0x00000229defcdae0]  3072 bytes
[MachCode]
  0x00000229defccee0: 488b 4b08 | 0fb7 492e | 584c 8d74 | ccf8 6800 | 0000 0068 | 0000 0000 | 5055 488b | ec41 5548 
  0x00000229defccf00: 8b43 084c | 8d68 3848 | 8b40 0868 | 0000 0000 | 5348 8b50 | 1848 8b52 | 7048 8b12 | 5248 8b53 
  0x00000229defccf20: 1048 85d2 | 7407 4881 | c2d0 0000 | 0052 488b | 5010 5249 | 8bc6 482b | c548 c1e8 | 0350 6800 
  0x00000229defccf40: 0000 0068 | f7ff ffff | 41c6 87f1 | 0400 0001 | 488b 4310 | 4885 c074 | 208b 8890 | 0000 0083 
  0x00000229defccf60: c102 8988 | 9000 0000 | 2388 a400 | 0000 0f84 | b80a 0000 | e9cf 0000 | 0048 8b43 | 1848 85c0 
  0x00000229defccf80: 0f85 b000 | 0000 e805 | 0000 00e9 | 9900 0000 | 488b d348 | 8d44 2408 | 4c89 6dc0 | 498b cfc5 
  0x00000229defccfa0: f877 4989 | af38 0400 | 0049 8987 | 2804 0000 | 4883 ec20 | 40f6 c40f | 0f84 1900 | 0000 4883 
  0x00000229defccfc0: ec08 48b8 | e01e 1066 | fe7f 0000 | ffd0 4883 | c408 e90c | 0000 0048 | b8e0 1e10 | 66fe 7f00 
  0x00000229defccfe0: 00ff d048 | 83c4 2049 | c787 2804 | 0000 0000 | 0000 49c7 | 8738 0400 | 0000 0000 | 0049 c787 
  0x00000229defcd000: 3004 0000 | 0000 0000 | c5f8 7749 | 837f 0800 | 0f84 0500 | 0000 e9c5 | 41ff ff4c | 8b6d c04c 
  0x00000229defcd020: 8b75 c84e | 8d74 f500 | c348 8b43 | 1848 85c0 | 0f84 1200 | 0000 8b48 | 0883 c102 | 8948 0823 
  0x00000229defcd040: 482c 0f84 | e409 0000 | 493b a770 | 0500 000f | 8748 0000 | 0089 8424 | 00f0 ffff | 8984 2400 
  0x00000229defcd060: e0ff ff89 | 8424 00d0 | ffff 8984 | 2400 c0ff | ff89 8424 | 00b0 ffff | 8984 2400 | a0ff ff89 
  0x00000229defcd080: 8424 0090 | ffff 8984 | 2400 80ff | ff49 3ba7 | 6805 0000 | 7607 4989 | a770 0500 | 0041 c687 
  0x00000229defcd0a0: f104 0000 | 0048 8b5d | e84c 8b5b | 0845 0fb7 | 5b2e 41c1 | e303 492b | e348 83ec | 2048 83e4 
  0x00000229defcd0c0: f04c 8b5b | 604d 85db | 0f85 ab00 | 0000 e805 | 0000 00e9 | 9900 0000 | 488b d348 | 8d44 2408 
  0x00000229defcd0e0: 4c89 6dc0 | 498b cfc5 | f877 4989 | af38 0400 | 0049 8987 | 2804 0000 | 4883 ec20 | 40f6 c40f 
  0x00000229defcd100: 0f84 1900 | 0000 4883 | ec08 48b8 | 1048 1066 | fe7f 0000 | ffd0 4883 | c408 e90c | 0000 0048 
  0x00000229defcd120: b810 4810 | 66fe 7f00 | 00ff d048 | 83c4 2049 | c787 2804 | 0000 0000 | 0000 49c7 | 8738 0400 
  0x00000229defcd140: 0000 0000 | 0049 c787 | 3004 0000 | 0000 0000 | c5f8 7749 | 837f 0800 | 0f84 0500 | 0000 e97d 
  0x00000229defcd160: 40ff ff4c | 8b6d c04c | 8b75 c84e | 8d74 f500 | c348 8b5d | e84c 8b5b | 6041 ffd3 | 488b 5de8 
  0x00000229defcd180: 4889 4518 | 440f b75b | 2c41 f6c3 | 080f 841b | 0000 004c | 8b5b 084d | 8b5b 084d | 8b5b 184d 
  0x00000229defcd1a0: 8b5b 704d | 8b1b 4c89 | 5d10 488d | 5510 488b | 4358 49ba | 800e 4b66 | fe7f 0000 | 493b c20f 
  0x00000229defcd1c0: 85ab 0000 | 00e8 0500 | 0000 e999 | 0000 0048 | 8bd3 488d | 4424 084c | 896d c049 | 8bcf c5f8 
  0x00000229defcd1e0: 7749 89af | 3804 0000 | 4989 8728 | 0400 0048 | 83ec 2040 | f6c4 0f0f | 8419 0000 | 0048 83ec 
  0x00000229defcd200: 0848 b810 | 4810 66fe | 7f00 00ff | d048 83c4 | 08e9 0c00 | 0000 48b8 | 1048 1066 | fe7f 0000 
  0x00000229defcd220: ffd0 4883 | c420 49c7 | 8728 0400 | 0000 0000 | 0049 c787 | 3804 0000 | 0000 0000 | 49c7 8730 
  0x00000229defcd240: 0400 0000 | 0000 00c5 | f877 4983 | 7f08 000f | 8405 0000 | 00e9 863f | ffff 4c8b | 6dc0 4c8b 
  0x00000229defcd260: 75c8 4e8d | 74f5 00c3 | 488b 5de8 | 488b 4358 | 498d 8f48 | 0400 004c | 8d15 d500 | 0000 4d89 
  0x00000229defcd280: 9730 0400 | 00c5 f877 | 4989 af38 | 0400 0049 | 89a7 2804 | 0000 41c7 | 87d4 0400 | 0004 0000 
  0x00000229defcd2a0: 0049 3ba7 | c805 0000 | 7607 4989 | a7c8 0500 | 00ff d049 | 3ba7 c805 | 0000 720b | 49c7 87c8 
  0x00000229defcd2c0: 0500 0000 | 0000 00c5 | f877 4883 | ec10 c5fb | 1104 2448 | 83ec 1048 | 8904 2448 | c744 2408 
  0x00000229defcd2e0: 0000 0000 | 41c7 87d4 | 0400 0005 | 0000 00f0 | 8344 24c0 | 0049 3b6f | 280f 870e | 0000 0041 
  0x00000229defcd300: 83bf d004 | 0000 000f | 8420 0000 | 0049 8bcf | 4c8b e448 | 83ec 2048 | 83e4 f048 | b840 ac11 
  0x00000229defcd320: 66fe 7f00 | 00ff d049 | 8be4 4d33 | e441 c787 | d404 0000 | 0800 0000 | 4d8b 97f0 | 0500 0049 
  0x00000229defcd340: 83fa 0074 | 3549 c787 | f005 0000 | 0000 0000 | 41ff e249 | ba60 befc | de29 0200 | 0041 ffd2 
  0x00000229defcd360: 4883 ec10 | c5fb 1104 | 2448 83ec | 1048 8904 | 2448 c744 | 2408 0000 | 0000 49c7 | 8728 0400 
  0x00000229defcd380: 0000 0000 | 0049 c787 | 3804 0000 | 0000 0000 | 49c7 8730 | 0400 0000 | 0000 00c5 | f877 4d8b 
  0x00000229defcd3a0: 9fb8 0400 | 0041 c783 | 0001 0000 | 0000 0000 | 49bb 5aa7 | fcde 2902 | 0000 4c3b | 5d18 0f85 
  0x00000229defcd3c0: 5b02 0000 | 488b 0424 | 4883 c410 | 4885 c00f | 8435 0200 | 00a8 030f | 8508 0000 | 0048 8b00 
  0x00000229defcd3e0: e925 0200 | 00a8 010f | 8509 0000 | 0048 8b40 | fee9 1402 | 0000 488b | 40ff 4180 | 7f48 000f 
  0x00000229defcd400: 8405 0200 | 0048 83f8 | 000f 84fb | 0100 004d | 8b5f 384d | 85db 0f84 | 1400 0000 | 4983 eb08 
  0x00000229defcd420: 4d89 5f38 | 4d03 5f40 | 4989 03e9 | da01 0000 | 4881 ecf0 | 0000 0048 | 8904 2448 | 894c 2408 
  0x00000229defcd440: 4889 5424 | 104c 8944 | 2418 4c89 | 4c24 204c | 8954 2428 | 4c89 5c24 | 30c5 fb11 | 4424 40c5 
  0x00000229defcd460: fb11 4c24 | 48c5 fb11 | 5424 50c5 | fb11 5c24 | 58c5 fb11 | 6424 60c5 | fb11 6c24 | 6862 e1ff 
  0x00000229defcd480: 0811 4424 | 0e62 e1ff | 0811 4c24 | 0f62 e1ff | 0811 5424 | 1062 e1ff | 0811 5c24 | 1162 e1ff 
  0x00000229defcd4a0: 0811 6424 | 1262 e1ff | 0811 6c24 | 1362 e1ff | 0811 7424 | 1462 e1ff | 0811 7c24 | 1562 61ff 
  0x00000229defcd4c0: 0811 4424 | 1662 61ff | 0811 4c24 | 1762 61ff | 0811 5424 | 1862 61ff | 0811 5c24 | 1962 61ff 
  0x00000229defcd4e0: 0811 6424 | 1a62 61ff | 0811 6c24 | 1b62 61ff | 0811 7424 | 1c62 61ff | 0811 7c24 | 1d49 8bd7 
  0x00000229defcd500: 488b c848 | 83ec 2040 | f6c4 0f0f | 8419 0000 | 0048 83ec | 0848 b820 | 7604 66fe | 7f00 00ff 
  0x00000229defcd520: d048 83c4 | 08e9 0c00 | 0000 48b8 | 2076 0466 | fe7f 0000 | ffd0 4883 | c420 6261 | ff08 107c 
  0x00000229defcd540: 241d 6261 | ff08 1074 | 241c 6261 | ff08 106c | 241b 6261 | ff08 1064 | 241a 6261 | ff08 105c 
  0x00000229defcd560: 2419 6261 | ff08 1054 | 2418 6261 | ff08 104c | 2417 6261 | ff08 1044 | 2416 62e1 | ff08 107c 
  0x00000229defcd580: 2415 62e1 | ff08 1074 | 2414 62e1 | ff08 106c | 2413 62e1 | ff08 1064 | 2412 62e1 | ff08 105c 
  0x00000229defcd5a0: 2411 62e1 | ff08 1054 | 2410 62e1 | ff08 104c | 240f 62e1 | ff08 1044 | 240e c5fb | 106c 2468 
  0x00000229defcd5c0: c5fb 1064 | 2460 c5fb | 105c 2458 | c5fb 1054 | 2450 c5fb | 104c 2448 | c5fb 1044 | 2440 4c8b 
  0x00000229defcd5e0: 5c24 304c | 8b54 2428 | 4c8b 4c24 | 204c 8b44 | 2418 488b | 5424 1048 | 8b4c 2408 | 488b 0424 
  0x00000229defcd600: 4881 c4f0 | 0000 00c5 | f877 4889 | 4510 4883 | ec10 4889 | 0424 48c7 | 4424 0800 | 0000 0041 
  0x00000229defcd620: 83bf 5005 | 0000 020f | 85bf 0000 | 0048 81ec | 8000 0000 | 4889 4424 | 7848 894c | 2470 4889 
  0x00000229defcd640: 5424 6848 | 895c 2460 | 4889 6c24 | 5048 8974 | 2448 4889 | 7c24 404c | 8944 2438 | 4c89 4c24 
  0x00000229defcd660: 304c 8954 | 2428 4c89 | 5c24 204c | 8964 2418 | 4c89 6c24 | 104c 8974 | 2408 4c89 | 3c24 4c8b 
  0x00000229defcd680: e448 83ec | 2048 83e4 | f048 b8f0 | f54a 66fe | 7f00 00ff | d049 8be4 | 4c8b 3c24 | 4c8b 7424 
  0x00000229defcd6a0: 084c 8b6c | 2410 4c8b | 6424 184c | 8b5c 2420 | 4c8b 5424 | 284c 8b4c | 2430 4c8b | 4424 3848 
  0x00000229defcd6c0: 8b7c 2440 | 488b 7424 | 4848 8b6c | 2450 488b | 5c24 6048 | 8b54 2468 | 488b 4c24 | 7048 8b44 
  0x00000229defcd6e0: 2478 4881 | c480 0000 | 004d 33e4 | 488b 5de8 | 4c8b 6b08 | 4d8d 6d38 | 4983 7f08 | 000f 84bb 
  0x00000229defcd700: 0000 00e8 | 0500 0000 | e996 0000 | 0048 8d44 | 2408 4c89 | 6dc0 498b | cfc5 f877 | 4989 af38 
  0x00000229defcd720: 0400 0049 | 8987 2804 | 0000 4883 | ec20 40f6 | c40f 0f84 | 1900 0000 | 4883 ec08 | 48b8 5066 
  0x00000229defcd740: 1066 fe7f | 0000 ffd0 | 4883 c408 | e90c 0000 | 0048 b850 | 6610 66fe | 7f00 00ff | d048 83c4 
  0x00000229defcd760: 2049 c787 | 2804 0000 | 0000 0000 | 49c7 8738 | 0400 0000 | 0000 0049 | c787 3004 | 0000 0000 
  0x00000229defcd780: 0000 c5f8 | 7749 837f | 0800 0f84 | 0500 0000 | e94b 3aff | ff4c 8b6d | c04c 8b75 | c84e 8d74 
  0x00000229defcd7a0: f500 c348 | b938 0874 | 66fe 7f00 | 0048 83e4 | f048 b850 | 8c37 66fe | 7f00 00ff | d0f4 440f 
  0x00000229defcd7c0: b75b 2c41 | f6c3 200f | 8472 0100 | 0048 8d55 | a84c 8b5a | 084d 85db | 0f85 bb00 | 0000 e805 
  0x00000229defcd7e0: 0000 00e9 | 9600 0000 | 488d 4424 | 084c 896d | c049 8bcf | c5f8 7749 | 89af 3804 | 0000 4989 
  0x00000229defcd800: 8728 0400 | 0048 83ec | 2040 f6c4 | 0f0f 8419 | 0000 0048 | 83ec 0848 | b880 6510 | 66fe 7f00 
  0x00000229defcd820: 00ff d048 | 83c4 08e9 | 0c00 0000 | 48b8 8065 | 1066 fe7f | 0000 ffd0 | 4883 c420 | 49c7 8728 
  0x00000229defcd840: 0400 0000 | 0000 0049 | c787 3804 | 0000 0000 | 0000 49c7 | 8730 0400 | 0000 0000 | 00c5 f877 
  0x00000229defcd860: 4983 7f08 | 000f 8405 | 0000 00e9 | 7039 ffff | 4c8b 6dc0 | 4c8b 75c8 | 4e8d 74f5 | 00c3 48b9 
  0x00000229defcd880: 3808 7466 | fe7f 0000 | 4883 e4f0 | 48b8 508c | 3766 fe7f | 0000 ffd0 | f44c 896d | c04c 8b4a 
  0x00000229defcd8a0: 0848 c742 | 0800 0000 | 0045 8b87 | d806 0000 | 4f3b 4c07 | f80f 8542 | 0000 0041 | 83af d806 
  0x00000229defcd8c0: 0000 084f | 3b4c 07f0 | 0f84 2a00 | 0000 498b | 01a8 020f | 8512 0000 | 004c 8bc0 | 4983 c801 
  0x00000229defcd8e0: f04d 0fb1 | 010f 840d | 0000 0041 | 8387 d806 | 0000 08e9 | 0500 0000 | e93e 0000 | 004c 894a 
  0x00000229defcd900: 0848 8bca | 4883 ec20 | 40f6 c40f | 0f84 1900 | 0000 4883 | ec08 48b8 | d037 1066 | fe7f 0000 
  0x00000229defcd920: ffd0 4883 | c408 e90c | 0000 0048 | b8d0 3710 | 66fe 7f00 | 00ff d048 | 83c4 204c | 8b6d c041 
  0x00000229defcd940: c687 9603 | 0000 0149 | 3b6f 280f | 8705 0000 | 00e9 ab00 | 0000 4883 | ec10 c5fb | 1104 2448 
  0x00000229defcd960: 83ec 1048 | 8904 2448 | c744 2408 | 0000 0000 | c5f8 7749 | 89af 3804 | 0000 49ba | 70d9 fcde 
  0x00000229defcd980: 2902 0000 | 4d89 9730 | 0400 0049 | 89a7 2804 | 0000 498b | cf48 83ec | 2040 f6c4 | 0f0f 8419 
  0x00000229defcd9a0: 0000 0048 | 83ec 0848 | b870 1e10 | 66fe 7f00 | 00ff d048 | 83c4 08e9 | 0c00 0000 | 48b8 701e 
  0x00000229defcd9c0: 1066 fe7f | 0000 ffd0 | 4883 c420 | 49c7 8728 | 0400 0000 | 0000 0049 | c787 3804 | 0000 0000 
  0x00000229defcd9e0: 0000 49c7 | 8730 0400 | 0000 0000 | 00c5 f877 | 488b 0424 | 4883 c410 | c5fb 1004 | 2448 83c4 
  0x00000229defcda00: 1048 8b04 | 2448 83c4 | 10c5 fb10 | 0424 4883 | c410 4c8b | 5d18 41ff | d34c 8b5d | f8c9 41c6 
  0x00000229defcda20: 8796 0300 | 0000 5f49 | 8be3 ffe7 | ba00 0000 | 00e8 0500 | 0000 e996 | 0000 0048 | 8d44 2408 
  0x00000229defcda40: 4c89 6dc0 | 498b cfc5 | f877 4989 | af38 0400 | 0049 8987 | 2804 0000 | 4883 ec20 | 40f6 c40f 
  0x00000229defcda60: 0f84 1900 | 0000 4883 | ec08 48b8 | c02d 1066 | fe7f 0000 | ffd0 4883 | c408 e90c | 0000 0048 
  0x00000229defcda80: b8c0 2d10 | 66fe 7f00 | 00ff d048 | 83c4 2049 | c787 2804 | 0000 0000 | 0000 49c7 | 8738 0400 
  0x00000229defcdaa0: 0000 0000 | 0049 c787 | 3004 0000 | 0000 0000 | c5f8 7749 | 837f 0800 | 0f84 0500 | 0000 e91d 
  0x00000229defcdac0: 37ff ff4c | 8b6d c04c | 8b75 c84e | 8d74 f500 | c348 8b5d | e8e9 6ef5 | ffff 660f | 1f44 0000 
[/MachCode]

---------------  P R O C E S S  ---------------

Threads class SMR info:
_java_thread_list=0x00000229ee8d05e0, length=16, elements={
0x00000229ee4bc4b0, 0x00000229ee4bdbe0, 0x00000229ee4c4fe0, 0x00000229ee4c60f0,
0x00000229ee4c98e0, 0x00000229ee4ca4a0, 0x00000229ee4d4ce0, 0x00000229ee4e0b80,
0x00000229ee5eab40, 0x00000229ee674d70, 0x00000229f32cf6d0, 0x00000229f32d10b0,
0x00000229f32d1870, 0x00000229f3453870, 0x00000229ccf60e30, 0x00000229f37c0720
}

Java Threads: ( => current thread )
  0x00000229ee4bc4b0 JavaThread "Reference Handler"          daemon [_thread_blocked, id=11332, stack(0x000000f1fa400000,0x000000f1fa500000) (1024K)]
  0x00000229ee4bdbe0 JavaThread "Finalizer"                  daemon [_thread_blocked, id=8736, stack(0x000000f1fa500000,0x000000f1fa600000) (1024K)]
  0x00000229ee4c4fe0 JavaThread "Signal Dispatcher"          daemon [_thread_blocked, id=11400, stack(0x000000f1fa600000,0x000000f1fa700000) (1024K)]
  0x00000229ee4c60f0 JavaThread "Attach Listener"            daemon [_thread_blocked, id=9232, stack(0x000000f1fa700000,0x000000f1fa800000) (1024K)]
  0x00000229ee4c98e0 JavaThread "Service Thread"             daemon [_thread_blocked, id=17280, stack(0x000000f1fa800000,0x000000f1fa900000) (1024K)]
  0x00000229ee4ca4a0 JavaThread "Monitor Deflation Thread"   daemon [_thread_blocked, id=12240, stack(0x000000f1fa900000,0x000000f1faa00000) (1024K)]
  0x00000229ee4d4ce0 JavaThread "C2 CompilerThread0"         daemon [_thread_blocked, id=17868, stack(0x000000f1faa00000,0x000000f1fab00000) (1024K)]
  0x00000229ee4e0b80 JavaThread "C1 CompilerThread0"         daemon [_thread_blocked, id=4192, stack(0x000000f1fab00000,0x000000f1fac00000) (1024K)]
  0x00000229ee5eab40 JavaThread "Common-Cleaner"             daemon [_thread_blocked, id=19220, stack(0x000000f1fac00000,0x000000f1fad00000) (1024K)]
  0x00000229ee674d70 JavaThread "Notification Thread"        daemon [_thread_blocked, id=1220, stack(0x000000f1fad00000,0x000000f1fae00000) (1024K)]
  0x00000229f32cf6d0 JavaThread "Java2D Disposer"            daemon [_thread_blocked, id=14980, stack(0x000000f1fae00000,0x000000f1faf00000) (1024K)]
  0x00000229f32d10b0 JavaThread "AWT-Shutdown"                      [_thread_blocked, id=18132, stack(0x000000f1faf00000,0x000000f1fb000000) (1024K)]
=>0x00000229f32d1870 JavaThread "AWT-Windows"                daemon [_thread_in_native, id=9608, stack(0x000000f1fb000000,0x000000f1fb100000) (1024K)]
  0x00000229f3453870 JavaThread "AWT-EventQueue-0"                  [_thread_in_native, id=6048, stack(0x000000f1fb100000,0x000000f1fb200000) (1024K)]
  0x00000229ccf60e30 JavaThread "DestroyJavaVM"                     [_thread_blocked, id=15084, stack(0x000000f1f9c00000,0x000000f1f9d00000) (1024K)]
  0x00000229f37c0720 JavaThread "TimerQueue"                 daemon [_thread_blocked, id=9980, stack(0x000000f1fb500000,0x000000f1fb600000) (1024K)]
Total: 16

Other Threads:
  0x00000229ee4ab1e0 VMThread "VM Thread"                           [id=1244, stack(0x000000f1fa300000,0x000000f1fa400000) (1024K)]
  0x00000229ee499850 WatcherThread "VM Periodic Task Thread"        [id=652, stack(0x000000f1fa200000,0x000000f1fa300000) (1024K)]
  0x00000229cf2723f0 WorkerThread "GC Thread#0"                     [id=13432, stack(0x000000f1f9d00000,0x000000f1f9e00000) (1024K)]
  0x00000229f3219c70 WorkerThread "GC Thread#1"                     [id=6752, stack(0x000000f1f9900000,0x000000f1f9a00000) (1024K)]
  0x00000229f46edd50 WorkerThread "GC Thread#2"                     [id=15848, stack(0x000000f1f9a00000,0x000000f1f9b00000) (1024K)]
  0x00000229f46effd0 WorkerThread "GC Thread#3"                     [id=9688, stack(0x000000f1f9b00000,0x000000f1f9c00000) (1024K)]
  0x00000229f46ef730 WorkerThread "GC Thread#4"                     [id=3340, stack(0x000000f1fb200000,0x000000f1fb300000) (1024K)]
  0x00000229f46eea40 WorkerThread "GC Thread#5"                     [id=9776, stack(0x000000f1fb300000,0x000000f1fb400000) (1024K)]
  0x00000229f46ed4b0 WorkerThread "GC Thread#6"                     [id=4160, stack(0x000000f1fb400000,0x000000f1fb500000) (1024K)]
  0x00000229cf28a640 ConcurrentGCThread "G1 Main Marker"            [id=12700, stack(0x000000f1f9e00000,0x000000f1f9f00000) (1024K)]
  0x00000229cf28c0d0 WorkerThread "G1 Conc#0"                       [id=7732, stack(0x000000f1f9f00000,0x000000f1fa000000) (1024K)]
  0x00000229cf2cea80 ConcurrentGCThread "G1 Refine#0"               [id=448, stack(0x000000f1fa000000,0x000000f1fa100000) (1024K)]
  0x00000229ee370680 ConcurrentGCThread "G1 Service"                [id=7372, stack(0x000000f1fa100000,0x000000f1fa200000) (1024K)]
Total: 13

Threads with active compile tasks:
Total: 0

VM state: not at safepoint (normal execution)

VM Mutex/Monitor currently owned by a thread: None

Heap address: 0x0000000709a00000, size: 3942 MB, Compressed Oops mode: Zero based, Oop shift amount: 3

CDS archive(s) mapped at: [0x000000009a000000-0x000000009add0000-0x000000009add0000), size 14483456, SharedBaseAddress: 0x000000009a000000, ArchiveRelocationMode: 1.
Compressed class space mapped at: 0x000000009b000000-0x00000000db000000, reserved size: 1073741824
UseCompressedClassPointers 1, UseCompactObjectHeaders 0
Narrow klass pointer bits 32, Max shift 3
Narrow klass base: 0x000000009a000000, Narrow klass shift: 0
Encoding Range: [0x000000009a000000 - 0x000000019a000000), (4294967296 bytes)
Klass Range:    [0x000000009a010000 - 0x00000000db000000), (1090453504 bytes)
Klass ID Range:  [65536 - 1090519033) (1090453497)
Protection zone: [0x000000009a000000 - 0x000000009a010000), (65536 bytes)

GC Precious Log:
 CardTable entry size: 512
 Card Set container configuration: InlinePtr #cards 4 size 8 Array Of Cards #cards 16 size 48 Howl #buckets 8 coarsen threshold 3686 Howl Bitmap #cards 512 size 80 coarsen threshold 460 Card regions per heap region 1 cards per card region 4096
 CPUs: 8 total, 8 available
 Memory: 15761M
 Large Page Support: Disabled
 NUMA Support: Disabled
 Compressed Oops: Enabled (Zero based)
 Heap Region Size: 2M
 Heap Min Capacity: 8M
 Heap Initial Capacity: 248M
 Heap Max Capacity: 3942M
 Pre-touch: Disabled
 Parallel Workers: 8
 Concurrent Workers: 2
 Concurrent Refinement Workers: 8
 Periodic GC: Disabled

Heap:
 garbage-first heap   total reserved 4036608K, committed 256000K, used 39409K [0x0000000709a00000, 0x0000000800000000)
  region size 2048K, 17 young (34816K), 2 survivors (4096K)

Heap Regions: E=young(eden), S=young(survivor), O=old, HS=humongous(starts), HC=humongous(continues), CS=collection set, F=free, TAMS=top-at-mark-start, PB=parsable bottom
|   0|0x0000000709a00000, 0x0000000709c00000, 0x0000000709c00000|100%|HS|  |TAMS 0x0000000709a00000| PB 0x0000000709a00000| Complete |  0
|   1|0x0000000709c00000, 0x0000000709e00000, 0x0000000709e00000|100%|HC|  |TAMS 0x0000000709c00000| PB 0x0000000709c00000| Complete |  0
|   2|0x0000000709e00000, 0x000000070a000000, 0x000000070a000000|100%|HC|  |TAMS 0x0000000709e00000| PB 0x0000000709e00000| Complete |  0
|   3|0x000000070a000000, 0x000000070a000000, 0x000000070a200000|  0%| F|  |TAMS 0x000000070a000000| PB 0x000000070a000000| Untracked |  0
|   4|0x000000070a200000, 0x000000070a200000, 0x000000070a400000|  0%| F|  |TAMS 0x000000070a200000| PB 0x000000070a200000| Untracked |  0
|   5|0x000000070a400000, 0x000000070a400000, 0x000000070a600000|  0%| F|  |TAMS 0x000000070a400000| PB 0x000000070a400000| Untracked |  0
|   6|0x000000070a600000, 0x000000070a600000, 0x000000070a800000|  0%| F|  |TAMS 0x000000070a600000| PB 0x000000070a600000| Untracked |  0
|   7|0x000000070a800000, 0x000000070a800000, 0x000000070aa00000|  0%| F|  |TAMS 0x000000070a800000| PB 0x000000070a800000| Untracked |  0
|   8|0x000000070aa00000, 0x000000070aa00000, 0x000000070ac00000|  0%| F|  |TAMS 0x000000070aa00000| PB 0x000000070aa00000| Untracked |  0
|   9|0x000000070ac00000, 0x000000070ac00000, 0x000000070ae00000|  0%| F|  |TAMS 0x000000070ac00000| PB 0x000000070ac00000| Untracked |  0
|  10|0x000000070ae00000, 0x000000070ae00000, 0x000000070b000000|  0%| F|  |TAMS 0x000000070ae00000| PB 0x000000070ae00000| Untracked |  0
|  11|0x000000070b000000, 0x000000070b000000, 0x000000070b200000|  0%| F|  |TAMS 0x000000070b000000| PB 0x000000070b000000| Untracked |  0
|  12|0x000000070b200000, 0x000000070b200000, 0x000000070b400000|  0%| F|  |TAMS 0x000000070b200000| PB 0x000000070b200000| Untracked |  0
|  13|0x000000070b400000, 0x000000070b400000, 0x000000070b600000|  0%| F|  |TAMS 0x000000070b400000| PB 0x000000070b400000| Untracked |  0
|  14|0x000000070b600000, 0x000000070b600000, 0x000000070b800000|  0%| F|  |TAMS 0x000000070b600000| PB 0x000000070b600000| Untracked |  0
|  15|0x000000070b800000, 0x000000070b800000, 0x000000070ba00000|  0%| F|  |TAMS 0x000000070b800000| PB 0x000000070b800000| Untracked |  0
|  16|0x000000070ba00000, 0x000000070ba00000, 0x000000070bc00000|  0%| F|  |TAMS 0x000000070ba00000| PB 0x000000070ba00000| Untracked |  0
|  17|0x000000070bc00000, 0x000000070bc00000, 0x000000070be00000|  0%| F|  |TAMS 0x000000070bc00000| PB 0x000000070bc00000| Untracked |  0
|  18|0x000000070be00000, 0x000000070be00000, 0x000000070c000000|  0%| F|  |TAMS 0x000000070be00000| PB 0x000000070be00000| Untracked |  0
|  19|0x000000070c000000, 0x000000070c000000, 0x000000070c200000|  0%| F|  |TAMS 0x000000070c000000| PB 0x000000070c000000| Untracked |  0
|  20|0x000000070c200000, 0x000000070c200000, 0x000000070c400000|  0%| F|  |TAMS 0x000000070c200000| PB 0x000000070c200000| Untracked |  0
|  21|0x000000070c400000, 0x000000070c400000, 0x000000070c600000|  0%| F|  |TAMS 0x000000070c400000| PB 0x000000070c400000| Untracked |  0
|  22|0x000000070c600000, 0x000000070c600000, 0x000000070c800000|  0%| F|  |TAMS 0x000000070c600000| PB 0x000000070c600000| Untracked |  0
|  23|0x000000070c800000, 0x000000070c800000, 0x000000070ca00000|  0%| F|  |TAMS 0x000000070c800000| PB 0x000000070c800000| Untracked |  0
|  24|0x000000070ca00000, 0x000000070ca00000, 0x000000070cc00000|  0%| F|  |TAMS 0x000000070ca00000| PB 0x000000070ca00000| Untracked |  0
|  25|0x000000070cc00000, 0x000000070cc00000, 0x000000070ce00000|  0%| F|  |TAMS 0x000000070cc00000| PB 0x000000070cc00000| Untracked |  0
|  26|0x000000070ce00000, 0x000000070ce00000, 0x000000070d000000|  0%| F|  |TAMS 0x000000070ce00000| PB 0x000000070ce00000| Untracked |  0
|  27|0x000000070d000000, 0x000000070d000000, 0x000000070d200000|  0%| F|  |TAMS 0x000000070d000000| PB 0x000000070d000000| Untracked |  0
|  28|0x000000070d200000, 0x000000070d200000, 0x000000070d400000|  0%| F|  |TAMS 0x000000070d200000| PB 0x000000070d200000| Untracked |  0
|  29|0x000000070d400000, 0x000000070d400000, 0x000000070d600000|  0%| F|  |TAMS 0x000000070d400000| PB 0x000000070d400000| Untracked |  0
|  30|0x000000070d600000, 0x000000070d600000, 0x000000070d800000|  0%| F|  |TAMS 0x000000070d600000| PB 0x000000070d600000| Untracked |  0
|  31|0x000000070d800000, 0x000000070d800000, 0x000000070da00000|  0%| F|  |TAMS 0x000000070d800000| PB 0x000000070d800000| Untracked |  0
|  32|0x000000070da00000, 0x000000070da00000, 0x000000070dc00000|  0%| F|  |TAMS 0x000000070da00000| PB 0x000000070da00000| Untracked |  0
|  33|0x000000070dc00000, 0x000000070dc00000, 0x000000070de00000|  0%| F|  |TAMS 0x000000070dc00000| PB 0x000000070dc00000| Untracked |  0
|  34|0x000000070de00000, 0x000000070de00000, 0x000000070e000000|  0%| F|  |TAMS 0x000000070de00000| PB 0x000000070de00000| Untracked |  0
|  35|0x000000070e000000, 0x000000070e000000, 0x000000070e200000|  0%| F|  |TAMS 0x000000070e000000| PB 0x000000070e000000| Untracked |  0
|  36|0x000000070e200000, 0x000000070e200000, 0x000000070e400000|  0%| F|  |TAMS 0x000000070e200000| PB 0x000000070e200000| Untracked |  0
|  37|0x000000070e400000, 0x000000070e400000, 0x000000070e600000|  0%| F|  |TAMS 0x000000070e400000| PB 0x000000070e400000| Untracked |  0
|  38|0x000000070e600000, 0x000000070e600000, 0x000000070e800000|  0%| F|  |TAMS 0x000000070e600000| PB 0x000000070e600000| Untracked |  0
|  39|0x000000070e800000, 0x000000070e800000, 0x000000070ea00000|  0%| F|  |TAMS 0x000000070e800000| PB 0x000000070e800000| Untracked |  0
|  40|0x000000070ea00000, 0x000000070ea00000, 0x000000070ec00000|  0%| F|  |TAMS 0x000000070ea00000| PB 0x000000070ea00000| Untracked |  0
|  41|0x000000070ec00000, 0x000000070ec00000, 0x000000070ee00000|  0%| F|  |TAMS 0x000000070ec00000| PB 0x000000070ec00000| Untracked |  0
|  42|0x000000070ee00000, 0x000000070ee00000, 0x000000070f000000|  0%| F|  |TAMS 0x000000070ee00000| PB 0x000000070ee00000| Untracked |  0
|  43|0x000000070f000000, 0x000000070f000000, 0x000000070f200000|  0%| F|  |TAMS 0x000000070f000000| PB 0x000000070f000000| Untracked |  0
|  44|0x000000070f200000, 0x000000070f200000, 0x000000070f400000|  0%| F|  |TAMS 0x000000070f200000| PB 0x000000070f200000| Untracked |  0
|  45|0x000000070f400000, 0x000000070f400000, 0x000000070f600000|  0%| F|  |TAMS 0x000000070f400000| PB 0x000000070f400000| Untracked |  0
|  46|0x000000070f600000, 0x000000070f600000, 0x000000070f800000|  0%| F|  |TAMS 0x000000070f600000| PB 0x000000070f600000| Untracked |  0
|  47|0x000000070f800000, 0x000000070f800000, 0x000000070fa00000|  0%| F|  |TAMS 0x000000070f800000| PB 0x000000070f800000| Untracked |  0
|  48|0x000000070fa00000, 0x000000070fa00000, 0x000000070fc00000|  0%| F|  |TAMS 0x000000070fa00000| PB 0x000000070fa00000| Untracked |  0
|  49|0x000000070fc00000, 0x000000070fc00000, 0x000000070fe00000|  0%| F|  |TAMS 0x000000070fc00000| PB 0x000000070fc00000| Untracked |  0
|  50|0x000000070fe00000, 0x000000070fe00000, 0x0000000710000000|  0%| F|  |TAMS 0x000000070fe00000| PB 0x000000070fe00000| Untracked |  0
|  51|0x0000000710000000, 0x0000000710000000, 0x0000000710200000|  0%| F|  |TAMS 0x0000000710000000| PB 0x0000000710000000| Untracked |  0
|  52|0x0000000710200000, 0x0000000710200000, 0x0000000710400000|  0%| F|  |TAMS 0x0000000710200000| PB 0x0000000710200000| Untracked |  0
|  53|0x0000000710400000, 0x0000000710400000, 0x0000000710600000|  0%| F|  |TAMS 0x0000000710400000| PB 0x0000000710400000| Untracked |  0
|  54|0x0000000710600000, 0x0000000710600000, 0x0000000710800000|  0%| F|  |TAMS 0x0000000710600000| PB 0x0000000710600000| Untracked |  0
|  55|0x0000000710800000, 0x0000000710800000, 0x0000000710a00000|  0%| F|  |TAMS 0x0000000710800000| PB 0x0000000710800000| Untracked |  0
|  56|0x0000000710a00000, 0x0000000710a00000, 0x0000000710c00000|  0%| F|  |TAMS 0x0000000710a00000| PB 0x0000000710a00000| Untracked |  0
|  57|0x0000000710c00000, 0x0000000710c00000, 0x0000000710e00000|  0%| F|  |TAMS 0x0000000710c00000| PB 0x0000000710c00000| Untracked |  0
|  58|0x0000000710e00000, 0x0000000710e00000, 0x0000000711000000|  0%| F|  |TAMS 0x0000000710e00000| PB 0x0000000710e00000| Untracked |  0
|  59|0x0000000711000000, 0x0000000711000000, 0x0000000711200000|  0%| F|  |TAMS 0x0000000711000000| PB 0x0000000711000000| Untracked |  0
|  60|0x0000000711200000, 0x0000000711200000, 0x0000000711400000|  0%| F|  |TAMS 0x0000000711200000| PB 0x0000000711200000| Untracked |  0
|  61|0x0000000711400000, 0x0000000711400000, 0x0000000711600000|  0%| F|  |TAMS 0x0000000711400000| PB 0x0000000711400000| Untracked |  0
|  62|0x0000000711600000, 0x0000000711600000, 0x0000000711800000|  0%| F|  |TAMS 0x0000000711600000| PB 0x0000000711600000| Untracked |  0
|  63|0x0000000711800000, 0x0000000711800000, 0x0000000711a00000|  0%| F|  |TAMS 0x0000000711800000| PB 0x0000000711800000| Untracked |  0
|  64|0x0000000711a00000, 0x0000000711a00000, 0x0000000711c00000|  0%| F|  |TAMS 0x0000000711a00000| PB 0x0000000711a00000| Untracked |  0
|  65|0x0000000711c00000, 0x0000000711c00000, 0x0000000711e00000|  0%| F|  |TAMS 0x0000000711c00000| PB 0x0000000711c00000| Untracked |  0
|  66|0x0000000711e00000, 0x0000000711e00000, 0x0000000712000000|  0%| F|  |TAMS 0x0000000711e00000| PB 0x0000000711e00000| Untracked |  0
|  67|0x0000000712000000, 0x0000000712000000, 0x0000000712200000|  0%| F|  |TAMS 0x0000000712000000| PB 0x0000000712000000| Untracked |  0
|  68|0x0000000712200000, 0x0000000712200000, 0x0000000712400000|  0%| F|  |TAMS 0x0000000712200000| PB 0x0000000712200000| Untracked |  0
|  69|0x0000000712400000, 0x0000000712400000, 0x0000000712600000|  0%| F|  |TAMS 0x0000000712400000| PB 0x0000000712400000| Untracked |  0
|  70|0x0000000712600000, 0x0000000712600000, 0x0000000712800000|  0%| F|  |TAMS 0x0000000712600000| PB 0x0000000712600000| Untracked |  0
|  71|0x0000000712800000, 0x0000000712800000, 0x0000000712a00000|  0%| F|  |TAMS 0x0000000712800000| PB 0x0000000712800000| Untracked |  0
|  72|0x0000000712a00000, 0x0000000712a00000, 0x0000000712c00000|  0%| F|  |TAMS 0x0000000712a00000| PB 0x0000000712a00000| Untracked |  0
|  73|0x0000000712c00000, 0x0000000712c00000, 0x0000000712e00000|  0%| F|  |TAMS 0x0000000712c00000| PB 0x0000000712c00000| Untracked |  0
|  74|0x0000000712e00000, 0x0000000712e00000, 0x0000000713000000|  0%| F|  |TAMS 0x0000000712e00000| PB 0x0000000712e00000| Untracked |  0
|  75|0x0000000713000000, 0x0000000713000000, 0x0000000713200000|  0%| F|  |TAMS 0x0000000713000000| PB 0x0000000713000000| Untracked |  0
|  76|0x0000000713200000, 0x0000000713200000, 0x0000000713400000|  0%| F|  |TAMS 0x0000000713200000| PB 0x0000000713200000| Untracked |  0
|  77|0x0000000713400000, 0x0000000713400000, 0x0000000713600000|  0%| F|  |TAMS 0x0000000713400000| PB 0x0000000713400000| Untracked |  0
|  78|0x0000000713600000, 0x0000000713600000, 0x0000000713800000|  0%| F|  |TAMS 0x0000000713600000| PB 0x0000000713600000| Untracked |  0
|  79|0x0000000713800000, 0x0000000713800000, 0x0000000713a00000|  0%| F|  |TAMS 0x0000000713800000| PB 0x0000000713800000| Untracked |  0
|  80|0x0000000713a00000, 0x0000000713a00000, 0x0000000713c00000|  0%| F|  |TAMS 0x0000000713a00000| PB 0x0000000713a00000| Untracked |  0
|  81|0x0000000713c00000, 0x0000000713c00000, 0x0000000713e00000|  0%| F|  |TAMS 0x0000000713c00000| PB 0x0000000713c00000| Untracked |  0
|  82|0x0000000713e00000, 0x0000000713e00000, 0x0000000714000000|  0%| F|  |TAMS 0x0000000713e00000| PB 0x0000000713e00000| Untracked |  0
|  83|0x0000000714000000, 0x0000000714000000, 0x0000000714200000|  0%| F|  |TAMS 0x0000000714000000| PB 0x0000000714000000| Untracked |  0
|  84|0x0000000714200000, 0x0000000714200000, 0x0000000714400000|  0%| F|  |TAMS 0x0000000714200000| PB 0x0000000714200000| Untracked |  0
|  85|0x0000000714400000, 0x0000000714400000, 0x0000000714600000|  0%| F|  |TAMS 0x0000000714400000| PB 0x0000000714400000| Untracked |  0
|  86|0x0000000714600000, 0x0000000714600000, 0x0000000714800000|  0%| F|  |TAMS 0x0000000714600000| PB 0x0000000714600000| Untracked |  0
|  87|0x0000000714800000, 0x0000000714800000, 0x0000000714a00000|  0%| F|  |TAMS 0x0000000714800000| PB 0x0000000714800000| Untracked |  0
|  88|0x0000000714a00000, 0x0000000714a00000, 0x0000000714c00000|  0%| F|  |TAMS 0x0000000714a00000| PB 0x0000000714a00000| Untracked |  0
|  89|0x0000000714c00000, 0x0000000714c00000, 0x0000000714e00000|  0%| F|  |TAMS 0x0000000714c00000| PB 0x0000000714c00000| Untracked |  0
|  90|0x0000000714e00000, 0x0000000714e00000, 0x0000000715000000|  0%| F|  |TAMS 0x0000000714e00000| PB 0x0000000714e00000| Untracked |  0
|  91|0x0000000715000000, 0x0000000715000000, 0x0000000715200000|  0%| F|  |TAMS 0x0000000715000000| PB 0x0000000715000000| Untracked |  0
|  92|0x0000000715200000, 0x0000000715200000, 0x0000000715400000|  0%| F|  |TAMS 0x0000000715200000| PB 0x0000000715200000| Untracked |  0
|  93|0x0000000715400000, 0x0000000715400000, 0x0000000715600000|  0%| F|  |TAMS 0x0000000715400000| PB 0x0000000715400000| Untracked |  0
|  94|0x0000000715600000, 0x0000000715600000, 0x0000000715800000|  0%| F|  |TAMS 0x0000000715600000| PB 0x0000000715600000| Untracked |  0
|  95|0x0000000715800000, 0x0000000715800000, 0x0000000715a00000|  0%| F|  |TAMS 0x0000000715800000| PB 0x0000000715800000| Untracked |  0
|  96|0x0000000715a00000, 0x0000000715a00000, 0x0000000715c00000|  0%| F|  |TAMS 0x0000000715a00000| PB 0x0000000715a00000| Untracked |  0
|  97|0x0000000715c00000, 0x0000000715c00000, 0x0000000715e00000|  0%| F|  |TAMS 0x0000000715c00000| PB 0x0000000715c00000| Untracked |  0
|  98|0x0000000715e00000, 0x0000000715f57020, 0x0000000716000000| 66%| S|CS|TAMS 0x0000000715e00000| PB 0x0000000715e00000| Complete |  0
|  99|0x0000000716000000, 0x0000000716200000, 0x0000000716200000|100%| S|CS|TAMS 0x0000000716000000| PB 0x0000000716000000| Complete |  0
| 100|0x0000000716200000, 0x0000000716200000, 0x0000000716400000|  0%| F|  |TAMS 0x0000000716200000| PB 0x0000000716200000| Untracked |  0
| 101|0x0000000716400000, 0x0000000716400000, 0x0000000716600000|  0%| F|  |TAMS 0x0000000716400000| PB 0x0000000716400000| Untracked |  0
| 102|0x0000000716600000, 0x0000000716600000, 0x0000000716800000|  0%| F|  |TAMS 0x0000000716600000| PB 0x0000000716600000| Untracked |  0
| 103|0x0000000716800000, 0x0000000716800000, 0x0000000716a00000|  0%| F|  |TAMS 0x0000000716800000| PB 0x0000000716800000| Untracked |  0
| 104|0x0000000716a00000, 0x0000000716a00000, 0x0000000716c00000|  0%| F|  |TAMS 0x0000000716a00000| PB 0x0000000716a00000| Untracked |  0
| 105|0x0000000716c00000, 0x0000000716c00000, 0x0000000716e00000|  0%| F|  |TAMS 0x0000000716c00000| PB 0x0000000716c00000| Untracked |  0
| 106|0x0000000716e00000, 0x0000000716e00000, 0x0000000717000000|  0%| F|  |TAMS 0x0000000716e00000| PB 0x0000000716e00000| Untracked |  0
| 107|0x0000000717000000, 0x0000000717000000, 0x0000000717200000|  0%| F|  |TAMS 0x0000000717000000| PB 0x0000000717000000| Untracked |  0
| 108|0x0000000717200000, 0x0000000717200000, 0x0000000717400000|  0%| F|  |TAMS 0x0000000717200000| PB 0x0000000717200000| Untracked |  0
| 109|0x0000000717400000, 0x00000007175a9100, 0x0000000717600000| 83%| E|  |TAMS 0x0000000717400000| PB 0x0000000717400000| Complete |  0
| 110|0x0000000717600000, 0x0000000717800000, 0x0000000717800000|100%| E|CS|TAMS 0x0000000717600000| PB 0x0000000717600000| Complete |  0
| 111|0x0000000717800000, 0x0000000717a00000, 0x0000000717a00000|100%| E|CS|TAMS 0x0000000717800000| PB 0x0000000717800000| Complete |  0
| 112|0x0000000717a00000, 0x0000000717c00000, 0x0000000717c00000|100%| E|CS|TAMS 0x0000000717a00000| PB 0x0000000717a00000| Complete |  0
| 113|0x0000000717c00000, 0x0000000717e00000, 0x0000000717e00000|100%| E|CS|TAMS 0x0000000717c00000| PB 0x0000000717c00000| Complete |  0
| 114|0x0000000717e00000, 0x0000000718000000, 0x0000000718000000|100%| E|CS|TAMS 0x0000000717e00000| PB 0x0000000717e00000| Complete |  0
| 115|0x0000000718000000, 0x0000000718200000, 0x0000000718200000|100%| E|CS|TAMS 0x0000000718000000| PB 0x0000000718000000| Complete |  0
| 116|0x0000000718200000, 0x0000000718400000, 0x0000000718400000|100%| E|CS|TAMS 0x0000000718200000| PB 0x0000000718200000| Complete |  0
| 117|0x0000000718400000, 0x0000000718600000, 0x0000000718600000|100%| E|CS|TAMS 0x0000000718400000| PB 0x0000000718400000| Complete |  0
| 118|0x0000000718600000, 0x0000000718800000, 0x0000000718800000|100%| E|CS|TAMS 0x0000000718600000| PB 0x0000000718600000| Complete |  0
| 119|0x0000000718800000, 0x0000000718a00000, 0x0000000718a00000|100%| E|CS|TAMS 0x0000000718800000| PB 0x0000000718800000| Complete |  0
| 120|0x0000000718a00000, 0x0000000718c00000, 0x0000000718c00000|100%| E|CS|TAMS 0x0000000718a00000| PB 0x0000000718a00000| Complete |  0
| 121|0x0000000718c00000, 0x0000000718e00000, 0x0000000718e00000|100%| E|CS|TAMS 0x0000000718c00000| PB 0x0000000718c00000| Complete |  0
| 122|0x0000000718e00000, 0x0000000719000000, 0x0000000719000000|100%| E|CS|TAMS 0x0000000718e00000| PB 0x0000000718e00000| Complete |  0
| 123|0x0000000719000000, 0x0000000719200000, 0x0000000719200000|100%| E|CS|TAMS 0x0000000719000000| PB 0x0000000719000000| Complete |  0
|1970|0x00000007ffe00000, 0x00000007fff25608, 0x0000000800000000| 57%| O|  |TAMS 0x00000007ffe00000| PB 0x00000007ffe00000| Untracked |  0

Card table byte_map: [0x00000229e7580000,0x00000229e7d40000] _byte_map_base: 0x00000229e3d33000

Marking Bits: (CMBitMap*) 0x00000229cf272b80
 Bits: [0x00000229e7d40000, 0x00000229ebad8000)

Polling page: 0x00000229ce980000

Metaspace:
Metaspace        used 13359K, committed 13632K, reserved 1114112K
 class space     used 1229K, committed 1344K, reserved 1048576K

Usage:
  Non-class:     11.85 MB used.
      Class:      1.20 MB used.
       Both:     13.05 MB used.

Virtual space:
  Non-class space:       64.00 MB reserved,      12.00 MB ( 19%) committed,  1 nodes.
      Class space:        1.00 GB reserved,       1.31 MB ( <1%) committed,  1 nodes.
             Both:        1.06 GB reserved,      13.31 MB (  1%) committed. 

Chunk freelists:
   Non-Class:  3.99 MB
       Class:  14.73 MB
        Both:  18.72 MB

MaxMetaspaceSize: unlimited
CompressedClassSpaceSize: 1.00 GB
Initial GC threshold: 21.00 MB
Current GC threshold: 21.00 MB
CDS: on
 - commit_granule_bytes: 65536.
 - commit_granule_words: 8192.
 - virtual_space_node_default_size: 8388608.
 - enlarge_chunks_in_place: 1.
UseCompressedClassPointers 1, UseCompactObjectHeaders 0
Narrow klass pointer bits 32, Max shift 3
Narrow klass base: 0x000000009a000000, Narrow klass shift: 0
Encoding Range: [0x000000009a000000 - 0x000000019a000000), (4294967296 bytes)
Klass Range:    [0x000000009a010000 - 0x00000000db000000), (1090453504 bytes)
Klass ID Range:  [65536 - 1090519033) (1090453497)
Protection zone: [0x000000009a000000 - 0x000000009a010000), (65536 bytes)


Internal statistics:

num_allocs_failed_limit: 0.
num_arena_births: 112.
num_arena_deaths: 0.
num_vsnodes_births: 2.
num_vsnodes_deaths: 0.
num_space_committed: 213.
num_space_uncommitted: 0.
num_chunks_returned_to_freelist: 0.
num_chunks_taken_from_freelist: 174.
num_chunk_merges: 0.
num_chunk_splits: 95.
num_chunks_enlarged: 43.
num_inconsistent_stats: 0.

CodeHeap 'non-profiled nmethods': size=120064Kb used=1421Kb max_used=1421Kb free=118642Kb
 bounds [0x00000229df550000, 0x00000229df7c0000, 0x00000229e6a90000]
CodeHeap 'profiled nmethods': size=120000Kb used=4749Kb max_used=4749Kb free=115250Kb
 bounds [0x00000229d7a90000, 0x00000229d7f40000, 0x00000229defc0000]
CodeHeap 'non-nmethods': size=5696Kb used=1774Kb max_used=1862Kb free=3921Kb
 bounds [0x00000229defc0000, 0x00000229df230000, 0x00000229df550000]
CodeCache: size=245760Kb, used=7944Kb, max_used=8032Kb, free=237813Kb
 total_blobs=3935, nmethods=3209, adapters=627, full_count=0
Compilation: enabled, stopped_count=0, restarted_count=0

Compilation events (20 events):
Event: 194.129 Thread 0x00000229ee4e0b80 nmethod 3198 0x00000229d7f30508 code [0x00000229d7f30600, 0x00000229d7f309b0]
Event: 194.252 Thread 0x00000229ee4e0b80 3199       3       jdk.internal.misc.Unsafe::getAndAddLong (27 bytes)
Event: 194.252 Thread 0x00000229ee4e0b80 nmethod 3199 0x00000229d7f30a08 code [0x00000229d7f30b00, 0x00000229d7f30da8]
Event: 194.252 Thread 0x00000229ee4e0b80 3200       3       jdk.internal.misc.Unsafe::weakCompareAndSetLong (11 bytes)
Event: 194.252 Thread 0x00000229ee4e0b80 nmethod 3200 0x00000229d7f30e08 code [0x00000229d7f30f00, 0x00000229d7f31028]
Event: 194.258 Thread 0x00000229ee4e0b80 3201       3       java.awt.AWTEventMulticaster::mouseMoved (27 bytes)
Event: 194.259 Thread 0x00000229ee4e0b80 nmethod 3201 0x00000229d7f31108 code [0x00000229d7f31200, 0x00000229d7f31688]
Event: 194.500 Thread 0x00000229ee4d4ce0 3202       4       java.awt.Toolkit$SelectiveAWTEventListener::eventDispatched (745 bytes)
Event: 194.506 Thread 0x00000229ee4d4ce0 nmethod 3202 0x00000229df6b1708 code [0x00000229df6b1800, 0x00000229df6b1fb8]
Event: 194.628 Thread 0x00000229ee4e0b80 3203       3       java.awt.image.DirectColorModel::getGreenMask (7 bytes)
Event: 194.629 Thread 0x00000229ee4e0b80 nmethod 3203 0x00000229d7f31708 code [0x00000229d7f31800, 0x00000229d7f31938]
Event: 194.629 Thread 0x00000229ee4e0b80 3204       3       java.awt.image.DirectColorModel::getBlueMask (7 bytes)
Event: 194.629 Thread 0x00000229ee4e0b80 nmethod 3204 0x00000229d7f31a08 code [0x00000229d7f31b00, 0x00000229d7f31c38]
Event: 196.753 Thread 0x00000229ee4e0b80 3205       3       javax.swing.plaf.synth.SynthTextFieldUI::getContext (10 bytes)
Event: 196.753 Thread 0x00000229ee4e0b80 nmethod 3205 0x00000229d7f31d08 code [0x00000229d7f31e00, 0x00000229d7f32320]
Event: 196.753 Thread 0x00000229ee4e0b80 3206       3       sun.java2d.StateTrackableDelegate::<init> (10 bytes)
Event: 196.754 Thread 0x00000229ee4e0b80 nmethod 3206 0x00000229d7f32388 code [0x00000229d7f32480, 0x00000229d7f32640]
Event: 196.754 Thread 0x00000229ee4e0b80 3207       3       java.awt.image.SampleModel::<init> (124 bytes)
Event: 196.754 Thread 0x00000229ee4e0b80 nmethod 3207 0x00000229d7f32688 code [0x00000229d7f32780, 0x00000229d7f32e88]
Event: 641.302 Thread 0x00000229ee4d4ce0 3208       4       javax.swing.GroupLayout$Group::calculateSize (107 bytes)

GC Heap Usage History (2 events):
Event: 190.692 {heap Before GC invocations=0 (full 0):
 garbage-first heap   total reserved 4036608K, committed 256000K, used 56469K [0x0000000709a00000, 0x0000000800000000)
  region size 2048K, 24 young (49152K), 0 survivors (0K)
}
Event: 190.701 {heap After GC invocations=1 (full 0):
 garbage-first heap   total reserved 4036608K, committed 256000K, used 10737K [0x0000000709a00000, 0x0000000800000000)
  region size 2048K, 2 young (4096K), 2 survivors (4096K)
}

Metaspace Usage History (2 events):
Event: 190.692 {metaspace Before GC invocations=0 (full 0):
 Metaspace       used 13201K, committed 13440K, reserved 1114112K
  class space    used 1228K, committed 1344K, reserved 1048576K
}
Event: 190.701 {metaspace After GC invocations=1 (full 0):
 Metaspace       used 13201K, committed 13440K, reserved 1114112K
  class space    used 1228K, committed 1344K, reserved 1048576K
}

Dll operation events (8 events):
Event: 0.010 Loaded shared library C:\Program Files\Java\jdk-25\bin\java.dll
Event: 0.057 Loaded shared library C:\Program Files\Java\jdk-25\bin\net.dll
Event: 0.058 Loaded shared library C:\Program Files\Java\jdk-25\bin\nio.dll
Event: 0.072 Loaded shared library C:\Program Files\Java\jdk-25\bin\zip.dll
Event: 0.081 Loaded shared library C:\Program Files\Java\jdk-25\bin\jimage.dll
Event: 0.088 Loaded shared library C:\Program Files\Java\jdk-25\bin\awt.dll
Event: 0.188 Loaded shared library C:\Program Files\Java\jdk-25\bin\freetype.dll
Event: 0.190 Loaded shared library C:\Program Files\Java\jdk-25\bin\fontmanager.dll

Deoptimization events (20 events):
Event: 192.984 Thread 0x00000229f3453870 DEOPT PACKING pc=0x00000229df6ac084 sp=0x000000f1fb1fd860
Event: 192.984 Thread 0x00000229f3453870 DEOPT UNPACKING pc=0x00000229df0eeb82 sp=0x000000f1fb1fd7d8 mode 2
Event: 193.120 Thread 0x00000229f3453870 DEOPT PACKING pc=0x00000229d7e73bb1 sp=0x000000f1fb1fdab0
Event: 193.120 Thread 0x00000229f3453870 DEOPT UNPACKING pc=0x00000229df0112a2 sp=0x000000f1fb1fcf60 mode 0
Event: 641.301 Thread 0x00000229f3453870 Uncommon trap: trap_request=0xffffff45 fr.pc=0x00000229df66a0ac relative=0x0000000000000b2c
Event: 641.301 Thread 0x00000229f3453870 Uncommon trap: reason=unstable_if action=reinterpret pc=0x00000229df66a0ac method=java.awt.Component.notifyNewBounds(ZZ)V @ 26 c2
Event: 641.301 Thread 0x00000229f3453870 DEOPT PACKING pc=0x00000229df66a0ac sp=0x000000f1fb1feee0
Event: 641.302 Thread 0x00000229f3453870 DEOPT UNPACKING pc=0x00000229df0eeb82 sp=0x000000f1fb1fed40 mode 2
Event: 641.302 Thread 0x00000229f3453870 Uncommon trap: trap_request=0xffffffde fr.pc=0x00000229df63d6b0 relative=0x00000000000001b0
Event: 641.302 Thread 0x00000229f3453870 Uncommon trap: reason=class_check action=maybe_recompile pc=0x00000229df63d6b0 method=java.awt.Component.repaintParentIfNeeded(IIII)V @ 37 c2
Event: 641.302 Thread 0x00000229f3453870 DEOPT PACKING pc=0x00000229df63d6b0 sp=0x000000f1fb1fed90
Event: 641.302 Thread 0x00000229f3453870 DEOPT UNPACKING pc=0x00000229df0eeb82 sp=0x000000f1fb1fed30 mode 2
Event: 641.302 Thread 0x00000229f3453870 Uncommon trap: trap_request=0xffffffde fr.pc=0x00000229df63d6b0 relative=0x00000000000001b0
Event: 641.302 Thread 0x00000229f3453870 Uncommon trap: reason=class_check action=maybe_recompile pc=0x00000229df63d6b0 method=java.awt.Component.repaintParentIfNeeded(IIII)V @ 37 c2
Event: 641.302 Thread 0x00000229f3453870 DEOPT PACKING pc=0x00000229df63d6b0 sp=0x000000f1fb1fed50
Event: 641.302 Thread 0x00000229f3453870 DEOPT UNPACKING pc=0x00000229df0eeb82 sp=0x000000f1fb1fecc8 mode 2
Event: 641.302 Thread 0x00000229f3453870 Uncommon trap: trap_request=0xffffffde fr.pc=0x00000229df63d6b0 relative=0x00000000000001b0
Event: 641.302 Thread 0x00000229f3453870 Uncommon trap: reason=class_check action=maybe_recompile pc=0x00000229df63d6b0 method=java.awt.Component.repaintParentIfNeeded(IIII)V @ 37 c2
Event: 641.302 Thread 0x00000229f3453870 DEOPT PACKING pc=0x00000229df63d6b0 sp=0x000000f1fb1fed50
Event: 641.302 Thread 0x00000229f3453870 DEOPT UNPACKING pc=0x00000229df0eeb82 sp=0x000000f1fb1fecc8 mode 2

Classes loaded (20 events):
Event: 113.392 Loading class java/awt/WaitDispatchSupport
Event: 113.392 Loading class java/awt/SecondaryLoop
Event: 113.392 Loading class java/awt/SecondaryLoop done
Event: 113.392 Loading class java/awt/WaitDispatchSupport done
Event: 113.392 Loading class java/awt/WaitDispatchSupport$4
Event: 113.392 Loading class java/awt/WaitDispatchSupport$4 done
Event: 113.392 Loading class java/awt/WaitDispatchSupport$1
Event: 113.392 Loading class java/awt/WaitDispatchSupport$1 done
Event: 113.392 Loading class java/awt/WaitDispatchSupport$2
Event: 113.392 Loading class java/awt/WaitDispatchSupport$2 done
Event: 113.402 Loading class javax/swing/plaf/nimbus/OptionPanePainter
Event: 113.402 Loading class javax/swing/plaf/nimbus/OptionPanePainter done
Event: 120.147 Loading class sun/awt/SunToolkit$1
Event: 120.147 Loading class sun/awt/SunToolkit$1 done
Event: 120.159 Loading class java/awt/Window$1DisposeAction
Event: 120.159 Loading class java/awt/Window$1DisposeAction done
Event: 120.169 Loading class java/util/ArrayList$ListItr
Event: 120.169 Loading class java/util/ArrayList$ListItr done
Event: 190.703 Loading class javax/swing/RowSorter
Event: 190.703 Loading class javax/swing/RowSorter done

Classes unloaded (0 events):
No events

Classes redefined (0 events):
No events

Internal exceptions (20 events):
Event: 0.228 Thread 0x00000229ccf60e30 Exception <a 'java/lang/ClassNotFoundException'{0x000000071896db68}: com/sun/swing/internal/plaf/basic/resources/spi/basicProvider> (0x000000071896db68) 
thrown [s\open\src\hotspot\share\classfile\systemDictionary.cpp, line 327]
Event: 0.245 Thread 0x00000229f3453870 Exception <a 'java/lang/ClassNotFoundException'{0x000000071863c8c0}: com/sun/swing/internal/plaf/synth/resources/spi/synthProvider> (0x000000071863c8c0) 
thrown [s\open\src\hotspot\share\classfile\systemDictionary.cpp, line 327]
Event: 0.256 Thread 0x00000229f3453870 Exception <a 'java/lang/NoSuchMethodError'{0x000000071868d3d0}: 'int java.lang.invoke.Invokers$Holder.invokeExact_MT(java.lang.Object, java.lang.Object)'> (0x000000071868d3d0) 
thrown [s\open\src\hotspot\share\interpreter\linkResolver.cpp, line 804]
Event: 0.261 Thread 0x00000229f3453870 Exception <a 'java/lang/NoSuchMethodError'{0x00000007186a09d8}: 'java.lang.Object java.lang.invoke.DirectMethodHandle$Holder.newInvokeSpecial(java.lang.Object, java.lang.Object, int)'> (0x00000007186a09d8) 
thrown [s\open\src\hotspot\share\interpreter\linkResolver.cpp, line 804]
Event: 0.263 Thread 0x00000229f3453870 Exception <a 'java/lang/NoSuchMethodError'{0x00000007186baa40}: 'java.lang.Object java.lang.invoke.DirectMethodHandle$Holder.invokeStatic(java.lang.Object, java.lang.Object, java.lang.Object, java.lang.Object, int)'> (0x00000007186baa40) 
thrown [s\open\src\hotspot\share\interpreter\linkResolver.cpp, line 804]
Event: 0.332 Thread 0x00000229f32d1870 Exception <a 'java/lang/NoSuchMethodError'{0x0000000718d05930}: 'void java.lang.invoke.DirectMethodHandle$Holder.invokeVirtual(java.lang.Object, java.lang.Object)'> (0x0000000718d05930) 
thrown [s\open\src\hotspot\share\interpreter\linkResolver.cpp, line 804]
Event: 0.341 Thread 0x00000229f3453870 Exception <a 'java/lang/NoSuchMethodError'{0x00000007184214e0}: 'void java.lang.invoke.DirectMethodHandle$Holder.invokeStaticInit(java.lang.Object)'> (0x00000007184214e0) 
thrown [s\open\src\hotspot\share\interpreter\linkResolver.cpp, line 804]
Event: 0.370 Thread 0x00000229f3453870 Exception <a 'java/lang/NoSuchMethodError'{0x0000000718489da8}: 'void java.lang.invoke.DelegatingMethodHandle$Holder.reinvoke_L(java.lang.Object, java.lang.Object, java.lang.Object, long, float)'> (0x0000000718489da8) 
thrown [s\open\src\hotspot\share\interpreter\linkResolver.cpp, line 804]
Event: 0.371 Thread 0x00000229f3453870 Exception <a 'java/lang/NoSuchMethodError'{0x00000007184a1ad0}: 'java.lang.Object java.lang.invoke.DirectMethodHandle$Holder.invokeStatic(java.lang.Object, java.lang.Object, java.lang.Object, java.lang.Object, long)'> (0x00000007184a1ad0) 
thrown [s\open\src\hotspot\share\interpreter\linkResolver.cpp, line 804]
Event: 0.372 Thread 0x00000229f3453870 Exception <a 'java/lang/NoSuchMethodError'{0x00000007184c4390}: 'float java.lang.invoke.DelegatingMethodHandle$Holder.reinvoke_L(java.lang.Object, java.lang.Object, java.lang.Object, long)'> (0x00000007184c4390) 
thrown [s\open\src\hotspot\share\interpreter\linkResolver.cpp, line 804]
Event: 0.553 Thread 0x00000229f3453870 Exception <a 'java/io/FileNotFoundException'{0x00000007182f79d8}> (0x00000007182f79d8) 
thrown [s\open\src\hotspot\share\prims\jni.cpp, line 516]
Event: 0.555 Thread 0x00000229f3453870 Exception <a 'java/io/FileNotFoundException'{0x00000007183069f8}> (0x00000007183069f8) 
thrown [s\open\src\hotspot\share\prims\jni.cpp, line 516]
Event: 113.133 Thread 0x00000229f3453870 Implicit null exception at 0x00000229df612b9e to 0x00000229df6130c6
Event: 113.133 Thread 0x00000229f3453870 Implicit null exception at 0x00000229df5dc502 to 0x00000229df5dcb3d
Event: 113.133 Thread 0x00000229f3453870 Implicit null exception at 0x00000229df612b9e to 0x00000229df6130c6
Event: 113.133 Thread 0x00000229f3453870 Implicit null exception at 0x00000229df5dc502 to 0x00000229df5dcb3d
Event: 113.133 Thread 0x00000229f3453870 Implicit null exception at 0x00000229df612b9e to 0x00000229df6130c6
Event: 113.364 Thread 0x00000229f3453870 Implicit null exception at 0x00000229df5d022e to 0x00000229df5d02b9
Event: 113.371 Thread 0x00000229f3453870 Exception <a 'java/lang/NoSuchMethodError'{0x0000000717473c50}: 'void java.lang.invoke.DirectMethodHandle$Holder.invokeStatic(java.lang.Object, java.lang.Object)'> (0x0000000717473c50) 
thrown [s\open\src\hotspot\share\interpreter\linkResolver.cpp, line 804]
Event: 113.391 Thread 0x00000229f3453870 Exception <a 'java/lang/NoSuchMethodError'{0x0000000717498c00}: 'int java.lang.invoke.DirectMethodHandle$Holder.invokeStatic(java.lang.Object)'> (0x0000000717498c00) 
thrown [s\open\src\hotspot\share\interpreter\linkResolver.cpp, line 804]

VM Operations (20 events):
Event: 60.056 Executing non-safepoint VM operation: RendezvousGCThreads
Event: 60.056 Executing non-safepoint VM operation: RendezvousGCThreads done
Event: 113.362 Executing non-safepoint VM operation: HandshakeAllThreads (Deoptimize)
Event: 113.362 Executing non-safepoint VM operation: HandshakeAllThreads (Deoptimize) done
Event: 120.114 Executing non-safepoint VM operation: HandshakeAllThreads (HandshakeForDeflation)
Event: 120.114 Executing non-safepoint VM operation: HandshakeAllThreads (HandshakeForDeflation) done
Event: 120.114 Executing non-safepoint VM operation: RendezvousGCThreads
Event: 120.114 Executing non-safepoint VM operation: RendezvousGCThreads done
Event: 120.169 Executing non-safepoint VM operation: HandshakeAllThreads (Deoptimize)
Event: 120.169 Executing non-safepoint VM operation: HandshakeAllThreads (Deoptimize) done
Event: 180.324 Executing non-safepoint VM operation: HandshakeAllThreads (HandshakeForDeflation)
Event: 180.324 Executing non-safepoint VM operation: HandshakeAllThreads (HandshakeForDeflation) done
Event: 180.324 Executing non-safepoint VM operation: RendezvousGCThreads
Event: 180.324 Executing non-safepoint VM operation: RendezvousGCThreads done
Event: 190.692 Executing safepoint VM operation: G1CollectForAllocation (G1 Evacuation Pause)
Event: 190.701 Executing safepoint VM operation: G1CollectForAllocation (G1 Evacuation Pause) done
Event: 240.526 Executing non-safepoint VM operation: HandshakeAllThreads (HandshakeForDeflation)
Event: 240.526 Executing non-safepoint VM operation: HandshakeAllThreads (HandshakeForDeflation) done
Event: 240.526 Executing non-safepoint VM operation: RendezvousGCThreads
Event: 240.526 Executing non-safepoint VM operation: RendezvousGCThreads done

Memory protections (0 events):
No events

Nmethod flushes (0 events):
No events

Events (20 events):
Event: 0.234 Thread 0x00000229ccf60e30 Thread added: 0x00000229f3453870
Event: 0.234 Thread 0x00000229ccf60e30 Thread exited: 0x00000229ccf60e30
Event: 0.234 Thread 0x00000229ccf60e30 Thread added: 0x00000229ccf60e30
Event: 0.601 Thread 0x00000229f3453870 Thread added: 0x00000229f37c0720
Event: 6.483 Thread 0x00000229ee4d4ce0 Thread added: 0x00000229f32eb600
Event: 7.615 Thread 0x00000229f32eb600 Thread exited: 0x00000229f32eb600
Event: 107.648 Thread 0x00000229ee4e0b80 Thread added: 0x00000229ee8f5130
Event: 108.496 Thread 0x00000229ee8f5130 Thread exited: 0x00000229ee8f5130
Event: 120.173 Thread 0x00000229ee4d4ce0 Thread added: 0x00000229ee807550
Event: 120.173 Thread 0x00000229ee4d4ce0 Thread added: 0x00000229f318f190
Event: 121.209 Thread 0x00000229f318f190 Thread exited: 0x00000229f318f190
Event: 121.209 Thread 0x00000229ee807550 Thread exited: 0x00000229ee807550
Event: 141.800 Thread 0x00000229ee4e0b80 Thread added: 0x00000229f4581e80
Event: 144.573 Thread 0x00000229f4581e80 Thread exited: 0x00000229f4581e80
Event: 190.082 Thread 0x00000229ee4e0b80 Thread added: 0x00000229ee805580
Event: 190.185 Thread 0x00000229ee805580 Thread added: 0x00000229ee7fdf90
Event: 190.433 Thread 0x00000229ee7fdf90 Thread exited: 0x00000229ee7fdf90
Event: 190.433 Thread 0x00000229ee805580 Thread exited: 0x00000229ee805580
Event: 190.717 Thread 0x00000229ee4e0b80 Thread added: 0x00000229f30c80a0
Event: 191.120 Thread 0x00000229f30c80a0 Thread exited: 0x00000229f30c80a0


Dynamic libraries:
0x00007ff629040000 - 0x00007ff629050000 	C:\Program Files\Java\jdk-25\bin\java.exe
0x00007ffee48a0000 - 0x00007ffee4b08000 	C:\WINDOWS\SYSTEM32\ntdll.dll
0x00007ffee37a0000 - 0x00007ffee3869000 	C:\WINDOWS\System32\KERNEL32.DLL
0x00007ffee1ce0000 - 0x00007ffee20d2000 	C:\WINDOWS\System32\KERNELBASE.dll
0x00007ffee2110000 - 0x00007ffee225b000 	C:\WINDOWS\System32\ucrtbase.dll
0x00007ffe7c990000 - 0x00007ffe7c9a7000 	C:\Program Files\Java\jdk-25\bin\jli.dll
0x00007ffeabb20000 - 0x00007ffeabb3e000 	C:\Program Files\Java\jdk-25\bin\VCRUNTIME140.dll
0x00007ffee4690000 - 0x00007ffee4855000 	C:\WINDOWS\System32\USER32.dll
0x00007ffee20e0000 - 0x00007ffee2107000 	C:\WINDOWS\System32\win32u.dll
0x00007ffee3d60000 - 0x00007ffee3d8b000 	C:\WINDOWS\System32\GDI32.dll
0x00007ffecd540000 - 0x00007ffecd7d3000 	C:\WINDOWS\WinSxS\amd64_microsoft.windows.common-controls_6595b64144ccf1df_6.0.26100.6899_none_3e0efeeae32e88c1\COMCTL32.dll
0x00007ffee1bb0000 - 0x00007ffee1cdd000 	C:\WINDOWS\System32\gdi32full.dll
0x00007ffee3cb0000 - 0x00007ffee3d59000 	C:\WINDOWS\System32\msvcrt.dll
0x00007ffee2300000 - 0x00007ffee23a3000 	C:\WINDOWS\System32\msvcp_win.dll
0x00007ffee3f70000 - 0x00007ffee3f9f000 	C:\WINDOWS\System32\IMM32.DLL
0x00007ffeca6c0000 - 0x00007ffeca6cc000 	C:\Program Files\Java\jdk-25\bin\vcruntime140_1.dll
0x00007ffe67da0000 - 0x00007ffe67e2d000 	C:\Program Files\Java\jdk-25\bin\msvcp140.dll
0x00007ffe65c90000 - 0x00007ffe66aef000 	C:\Program Files\Java\jdk-25\bin\server\jvm.dll
0x00007ffee3e90000 - 0x00007ffee3f44000 	C:\WINDOWS\System32\ADVAPI32.dll
0x00007ffee3de0000 - 0x00007ffee3e86000 	C:\WINDOWS\System32\sechost.dll
0x00007ffee3510000 - 0x00007ffee3628000 	C:\WINDOWS\System32\RPCRT4.dll
0x00007ffee3720000 - 0x00007ffee3794000 	C:\WINDOWS\System32\WS2_32.dll
0x00007ffee1890000 - 0x00007ffee18ee000 	C:\WINDOWS\SYSTEM32\POWRPROF.dll
0x00007ffed8610000 - 0x00007ffed8645000 	C:\WINDOWS\SYSTEM32\WINMM.dll
0x00007ffec9630000 - 0x00007ffec963b000 	C:\WINDOWS\SYSTEM32\VERSION.dll
0x00007ffee1870000 - 0x00007ffee1884000 	C:\WINDOWS\SYSTEM32\UMPDC.dll
0x00007ffee0800000 - 0x00007ffee081b000 	C:\WINDOWS\SYSTEM32\kernel.appcore.dll
0x00007ffeab1d0000 - 0x00007ffeab1da000 	C:\Program Files\Java\jdk-25\bin\jimage.dll
0x00007ffedf1a0000 - 0x00007ffedf3e2000 	C:\WINDOWS\SYSTEM32\DBGHELP.DLL
0x00007ffee3930000 - 0x00007ffee3cab000 	C:\WINDOWS\System32\combase.dll
0x00007ffee3630000 - 0x00007ffee3707000 	C:\WINDOWS\System32\OLEAUT32.dll
0x00007ffecc5b0000 - 0x00007ffecc5ec000 	C:\WINDOWS\SYSTEM32\dbgcore.DLL
0x00007ffee2260000 - 0x00007ffee22f8000 	C:\WINDOWS\System32\bcryptPrimitives.dll
0x00007ffe7c9b0000 - 0x00007ffe7c9cf000 	C:\Program Files\Java\jdk-25\bin\java.dll
0x00007ffee2770000 - 0x00007ffee2908000 	C:\WINDOWS\System32\ole32.dll
0x00007ffee2910000 - 0x00007ffee305d000 	C:\WINDOWS\System32\SHELL32.dll
0x00007ffee2500000 - 0x00007ffee266b000 	C:\WINDOWS\System32\wintypes.dll
0x00007ffedf6a0000 - 0x00007ffedfefd000 	C:\WINDOWS\SYSTEM32\windows.storage.dll
0x00007ffee4590000 - 0x00007ffee4682000 	C:\WINDOWS\System32\SHCORE.dll
0x00007ffee3060000 - 0x00007ffee30c2000 	C:\WINDOWS\System32\shlwapi.dll
0x00007ffee1950000 - 0x00007ffee1979000 	C:\WINDOWS\SYSTEM32\profapi.dll
0x00007ffe7ba20000 - 0x00007ffe7ba32000 	C:\Program Files\Java\jdk-25\bin\net.dll
0x00007ffee0d70000 - 0x00007ffee0ddb000 	C:\WINDOWS\system32\mswsock.dll
0x00007ffe7ba00000 - 0x00007ffe7ba16000 	C:\Program Files\Java\jdk-25\bin\nio.dll
0x00007ffe7c970000 - 0x00007ffe7c987000 	C:\Program Files\Java\jdk-25\bin\zip.dll
0x00007ffe67e30000 - 0x00007ffe67fb4000 	C:\Program Files\Java\jdk-25\bin\awt.dll
0x00007ffede580000 - 0x00007ffede61f000 	C:\WINDOWS\SYSTEM32\apphelp.dll
0x00007ffedeb00000 - 0x00007ffedebaa000 	C:\WINDOWS\system32\uxtheme.dll
0x00007ffee33b0000 - 0x00007ffee350b000 	C:\WINDOWS\System32\MSCTF.dll
0x00007ffedefa0000 - 0x00007ffedefcd000 	C:\WINDOWS\system32\DWMAPI.DLL
0x00007ffe67d10000 - 0x00007ffe67d97000 	C:\Program Files\Java\jdk-25\bin\freetype.dll
0x00007ffe67c20000 - 0x00007ffe67d0e000 	C:\Program Files\Java\jdk-25\bin\fontmanager.dll
0x00007ffec4d00000 - 0x00007ffec4e0c000 	C:\WINDOWS\system32\opengl32.dll
0x00007ffec9760000 - 0x00007ffec978d000 	C:\WINDOWS\SYSTEM32\GLU32.dll
0x00007ffedebe0000 - 0x00007ffedec24000 	C:\WINDOWS\SYSTEM32\dxcore.dll
0x00007ffee3870000 - 0x00007ffee3921000 	C:\WINDOWS\System32\clbcatq.dll
0x00007ffeda880000 - 0x00007ffedaab0000 	C:\WINDOWS\SYSTEM32\WindowsCodecs.dll
0x00007ffeb8100000 - 0x00007ffeb815a000 	C:\WINDOWS\system32\dataexchange.dll
0x00007ffed1c50000 - 0x00007ffed1e95000 	C:\WINDOWS\system32\twinapi.appcore.dll
0x00007ffeb8440000 - 0x00007ffeb858a000 	C:\WINDOWS\SYSTEM32\textinputframework.dll
0x00007ffedbc80000 - 0x00007ffedbda5000 	C:\WINDOWS\SYSTEM32\CoreMessaging.dll
0x00007ffed9cd0000 - 0x00007ffed9fb3000 	C:\WINDOWS\SYSTEM32\CoreUIComponents.dll
0x00007ffee1020000 - 0x00007ffee102c000 	C:\WINDOWS\SYSTEM32\CRYPTBASE.DLL
0x00007ffebbfd0000 - 0x00007ffebc04e000 	C:\WINDOWS\system32\Ninput.dll

JVMTI agents: none

dbghelp: loaded successfully - version: 4.0.5 - missing functions: none
symbol engine: initialized successfully - sym options: 0x614 - pdb path: .;C:\Program Files\Java\jdk-25\bin;C:\WINDOWS\SYSTEM32;C:\WINDOWS\WinSxS\amd64_microsoft.windows.common-controls_6595b64144ccf1df_6.0.26100.6899_none_3e0efeeae32e88c1;C:\Program Files\Java\jdk-25\bin\server

VM Arguments:
jvm_args: -Dfile.encoding=UTF-8 --enable-preview --module-path=C:\Users\User\OneDrive\Documentos\NetBeansProjects\Versiones-PrototipoSistemaContable-master\abrilolivo07 Prototipo-Sistema-Contable master PrototipoSistemaContable-Nuevo\build\classes 
java_command: prototiposistemacontable.FrmCatalogoCuentas
java_class_path (initial): C:\Users\User\Downloads\netbeans-27\netbeans\java\modules\ext\AbsoluteLayout.jar;C:\Users\User\OneDrive\Documentos\NetBeansProjects\Versiones-PrototipoSistemaContable-master\abrilolivo07 Prototipo-Sistema-Contable master PrototipoSistemaContable-Nuevo\build\classes
Launcher Type: SUN_STANDARD

[Global flags]
     intx CICompilerCount                          = 4                                         {product} {ergonomic}
     uint ConcGCThreads                            = 2                                         {product} {ergonomic}
     uint G1ConcRefinementThreads                  = 8                                         {product} {ergonomic}
   size_t G1HeapRegionSize                         = 2097152                                   {product} {ergonomic}
   size_t InitialHeapSize                          = 260046848                                 {product} {ergonomic}
   size_t MarkStackSize                            = 4194304                                   {product} {ergonomic}
   size_t MarkStackSizeMax                         = 536870912                                 {product} {ergonomic}
   size_t MaxHeapSize                              = 4133486592                                {product} {ergonomic}
   size_t MaxNewSize                               = 2478833664                                {product} {ergonomic}
   size_t MinHeapDeltaBytes                        = 2097152                                   {product} {ergonomic}
   size_t MinHeapSize                              = 8388608                                   {product} {ergonomic}
    uintx NonNMethodCodeHeapSize                   = 5832704                                {pd product} {ergonomic}
    uintx NonProfiledCodeHeapSize                  = 122945536                              {pd product} {ergonomic}
    uintx ProfiledCodeHeapSize                     = 122880000                              {pd product} {ergonomic}
    uintx ReservedCodeCacheSize                    = 251658240                              {pd product} {ergonomic}
     bool SegmentedCodeCache                       = true                                      {product} {ergonomic}
   size_t SoftMaxHeapSize                          = 4133486592                             {manageable} {ergonomic}
     bool UseCompressedOops                        = true                           {product lp64_product} {ergonomic}
     bool UseG1GC                                  = true                                      {product} {ergonomic}
     bool UseLargePagesIndividualAllocation        = false                                  {pd product} {ergonomic}

Logging:
Log output configuration:
 #0: stdout all=warning uptime,level,tags foldmultilines=false
 #1: stderr all=off uptime,level,tags foldmultilines=false

Release file:
IMPLEMENTOR="Oracle Corporation" 
JAVA_RUNTIME_VERSION="25+37-LTS-3491" 
JAVA_VERSION="25" 
JAVA_VERSION_DATE="2025-09-16" 
LIBC="default" 
MODULES="java.base java.compiler java.datatransfer java.xml java.prefs java.desktop java.instrument java.logging java.management java.security.sasl java.naming java.rmi java.management.rmi java.net.http java.scripting java.security.jgss java.transaction.xa java.sql java.sql.rowset java.xml.crypto java.se java.smartcardio jdk.accessibility jdk.internal.jvmstat jdk.attach jdk.charsets jdk.internal.opt jdk.zipfs jdk.compiler jdk.crypto.cryptoki jdk.crypto.ec jdk.crypto.mscapi jdk.dynalink jdk.internal.ed jdk.editpad jdk.internal.vm.ci jdk.graal.compiler jdk.graal.compiler.management jdk.hotspot.agent jdk.httpserver jdk.incubator.vector jdk.internal.le jdk.internal.md jdk.jartool jdk.javadoc jdk.jcmd jdk.management jdk.management.agent jdk.jconsole jdk.jdeps jdk.jdwp.agent jdk.jdi jdk.jfr jdk.jlink jdk.jpackage jdk.jshell jdk.jsobject jdk.jstatd jdk.localedata jdk.management.jfr jdk.naming.dns jdk.naming.rmi jdk.net jdk.nio.mapmode jdk.sctp jdk.security.auth jdk.security.jgss jdk.unsupported jdk.unsupported.desktop jdk.xml.dom" 
OS_ARCH="x86_64" 
OS_NAME="Windows" 
SOURCE=".:git:49d6a23b8806 open:git:6c48f4ed707b" 

Environment Variables:
PATH=C:\Program Files\Common Files\Oracle\Java\javapath;C:\WINDOWS\system32;C:\WINDOWS;C:\WINDOWS\System32\Wbem;C:\WINDOWS\System32\WindowsPowerShell\v1.0\;C:\WINDOWS\System32\OpenSSH\;C:\Program Files\Java\jdk-25\bin;C:\Users\User\AppData\Local\Microsoft\WindowsApps;C:\Users\User\AppData\Local\GitHubDesktop\bin
USERNAME=User
OS=Windows_NT
PROCESSOR_IDENTIFIER=Intel64 Family 6 Model 140 Stepping 1, GenuineIntel
TMP=C:\Users\User\AppData\Local\Temp
TEMP=C:\Users\User\AppData\Local\Temp




Compilation memory statistics disabled.

Periodic native trim disabled

---------------  S Y S T E M  ---------------

OS:
 Windows 11 , 64 bit Build 26100 (10.0.26100.6725)
OS uptime: 21 days 3:20 hours

CPU: total 8 (initial active 8) (4 cores per cpu, 2 threads per core) family 6 model 140 stepping 1 microcode 0xbc, cx8, cmov, fxsr, ht, mmx, 3dnowpref, sse, sse2, sse3, ssse3, sse4.1, sse4.2, popcnt, lzcnt, tsc, tscinvbit, avx, avx2, aes, erms, clmul, bmi1, bmi2, adx, avx512f, avx512dq, avx512cd, avx512bw, avx512vl, sha, fma, vzeroupper, avx512_vpopcntdq, avx512_vpclmulqdq, avx512_vaes, avx512_vnni, clflush, clflushopt, clwb, avx512_vbmi2, avx512_vbmi, rdtscp, rdpid, fsrm, gfni, avx512_bitalg, f16c, pku, cet_ibt, cet_ss, avx512_ifma
Processor Information for the first 8 processors :
  Max Mhz: 1498, Current Mhz: 1498, Mhz Limit: 1498

Memory: 4k page, system-wide physical 15761M (7624M free)
TotalPageFile size 18193M (AvailPageFile size 8368M)
current process WorkingSet (physical memory assigned to process): 154M, peak: 156M
current process commit charge ("private bytes"): 369M, peak: 382M

vm_info: Java HotSpot(TM) 64-Bit Server VM (25+37-LTS-3491) for windows-amd64 JRE (25+37-LTS-3491), built on 2025-08-14T21:13:00Z with unknown MS VC++:1943

END.
