#
# A fatal error has been detected by the Java Runtime Environment:
#
#  EXCEPTION_ACCESS_VIOLATION (0xc0000005) at pc=0x00007ffe67f0e5c6, pid=7404, tid=17336
#
# JRE version: Java(TM) SE Runtime Environment (25.0+37) (build 25+37-LTS-3491)
# Java VM: Java HotSpot(TM) 64-Bit Server VM (25+37-LTS-3491, mixed mode, sharing, tiered, compressed oops, compressed class ptrs, g1 gc, windows-amd64)
# Problematic frame:
# C  [awt.dll+0xde5c6]
#
# No core dump will be written. Minidumps are not enabled by default on client versions of Windows
#
# If you would like to submit a bug report, please visit:
#   https://bugreport.java.com/bugreport/crash.jsp
# The crash happened outside the Java Virtual Machine in native code.
# See problematic frame for where to report the bug.
#

---------------  S U M M A R Y ------------

Command Line: -Dfile.encoding=UTF-8 --enable-preview --module-path=C:\Users\User\OneDrive\Documentos\NetBeansProjects\Versiones-PrototipoSistemaContable-master\abrilolivo07 Prototipo-Sistema-Contable master PrototipoSistemaContable-Nuevo\build\classes prototiposistemacontable.FrmCatalogoCuentas

Host: 11th Gen Intel(R) Core(TM) i5-1145G7 @ 2.60GHz, 8 cores, 15G,  Windows 11 , 64 bit Build 26100 (10.0.26100.6725)
Time: Tue Nov 25 21:59:06 2025 Hora estándar del Centro elapsed time: 1146.867388 seconds (0d 0h 19m 6s)

---------------  T H R E A D  ---------------

Current thread (0x000002288a0cddf0):  JavaThread "AWT-EventQueue-0"        [_thread_in_native, id=17336, stack(0x000000601cb00000,0x000000601cc00000) (1024K)]

Stack: [0x000000601cb00000,0x000000601cc00000],  sp=0x000000601cbfe4a0,  free space=1017k
Native frames: (J=compiled Java code, j=interpreted, Vv=VM code, C=native code)
C  [awt.dll+0xde5c6]  (no source info available)
C  [awt.dll+0xdfeb2]  (no source info available)
C  0x00000228f56dd2b3  (no source info available)

The last pc belongs to native method entry point (kind = native) (printed below).
Java frames: (J=compiled Java code, j=interpreted, Vv=VM code)
j  sun.awt.Win32GraphicsDevice.initNativeScale(I)V+0 java.desktop@25
j  sun.awt.Win32GraphicsDevice.initScaleFactors()V+60 java.desktop@25
j  sun.awt.Win32GraphicsDevice.displayChanged()V+16 java.desktop@25
j  sun.awt.Win32GraphicsEnvironment.displayChanged()V+271 java.desktop@25
j  sun.awt.windows.WToolkit.lambda$displayChanged$0()V+15 java.desktop@25
j  sun.awt.windows.WToolkit$$Lambda+0x000000008516fed8.run()V+0 java.desktop@25
j  java.awt.event.InvocationEvent.dispatch()V+47 java.desktop@25
j  java.awt.EventQueue.dispatchEventImpl(Ljava/awt/AWTEvent;Ljava/lang/Object;)V+21 java.desktop@25
j  java.awt.EventQueue.dispatchEvent(Ljava/awt/AWTEvent;)V+22 java.desktop@25
j  java.awt.EventDispatchThread.pumpOneEventForFilters(I)V+81 java.desktop@25
j  java.awt.EventDispatchThread.pumpEventsForFilter(ILjava/awt/Conditional;Ljava/awt/EventFilter;)V+35 java.desktop@25
j  java.awt.EventDispatchThread.pumpEventsForFilter(Ljava/awt/Conditional;Ljava/awt/EventFilter;)V+4 java.desktop@25
j  java.awt.WaitDispatchSupport$2.run()V+59 java.desktop@25
j  java.awt.WaitDispatchSupport.enter()Z+258 java.desktop@25
j  java.awt.Dialog.show()V+212 java.desktop@25
j  javax.swing.JOptionPane.showOptionDialog(Ljava/awt/Component;Ljava/lang/Object;Ljava/lang/String;IILjavax/swing/Icon;[Ljava/lang/Object;Ljava/lang/Object;)I+70 java.desktop@25
j  javax.swing.JOptionPane.showMessageDialog(Ljava/awt/Component;Ljava/lang/Object;Ljava/lang/String;ILjavax/swing/Icon;)V+9 java.desktop@25
j  javax.swing.JOptionPane.showMessageDialog(Ljava/awt/Component;Ljava/lang/Object;Ljava/lang/String;I)V+5 java.desktop@25
j  prototiposistemacontable.FrmCatalogoCuentas.cargarTablaCuentas()V+360
j  prototiposistemacontable.FrmCatalogoCuentas.<init>()V+113
j  prototiposistemacontable.FrmCatalogoCuentas.lambda$main$0()V+4
j  prototiposistemacontable.FrmCatalogoCuentas$$Lambda+0x0000000085043128.run()V+0
j  java.awt.event.InvocationEvent.dispatch()V+47 java.desktop@25
j  java.awt.EventQueue.dispatchEventImpl(Ljava/awt/AWTEvent;Ljava/lang/Object;)V+21 java.desktop@25
j  java.awt.EventQueue.dispatchEvent(Ljava/awt/AWTEvent;)V+22 java.desktop@25
j  java.awt.EventDispatchThread.pumpOneEventForFilters(I)V+81 java.desktop@25
j  java.awt.EventDispatchThread.pumpEventsForFilter(ILjava/awt/Conditional;Ljava/awt/EventFilter;)V+35 java.desktop@25
j  java.awt.EventDispatchThread.pumpEventsForHierarchy(ILjava/awt/Conditional;Ljava/awt/Component;)V+11 java.desktop@25
j  java.awt.EventDispatchThread.pumpEvents(ILjava/awt/Conditional;)V+4 java.desktop@25
j  java.awt.EventDispatchThread.pumpEvents(Ljava/awt/Conditional;)V+3 java.desktop@25
j  java.awt.EventDispatchThread.run()V+9 java.desktop@25
v  ~StubRoutines::call_stub 0x00000228f56d12ed

siginfo: EXCEPTION_ACCESS_VIOLATION (0xc0000005), reading address 0x000000010000004e


Registers:
RAX=0x00000000fffffffe, RBX=0x000002288ab28850, RCX=0x00000000fffffffe, RDX=0x0000000000000000
RSP=0x000000601cbfe4a0, RBP=0x000000601cbfe580, RSI=0x0000000000000000, RDI=0x0000000000000000
R8 =0x0000000000000001, R9 =0x000000601b1d7000, R10=0x00000228f56dd353, R11=0x0000000000000100
R12=0x0000000000000000, R13=0x0000022886458a20, R14=0x000000601cbfe5a8, R15=0x000002288a0cddf0
RIP=0x00007ffe67f0e5c6, EFLAGS=0x0000000000010206

XMM[0]=0x0000000000000000 0x0000000000000000
XMM[1]=0x0000000000000000 0x00000000bf800000
XMM[2]=0x0000000000000000 0x0000000000000000
XMM[3]=0x0000000000000000 0x0000000000000000
XMM[4]=0x0000000000000000 0x0000000000000000
XMM[5]=0x00000000842b49c0 0x00000000842b48c8
XMM[6]=0x0000000000000000 0x6e57dba924b969a9
XMM[7]=0x0000000000000000 0xf623122fe01e66da
XMM[8]=0x0000000000000000 0x86073aad0aa274b1
XMM[9]=0x0000000000000000 0x39ac51a24908a2ff
XMM[10]=0x0000000000000000 0x000000000f5c515d
XMM[11]=0x0000000000000000 0x56182f9a9f20d299
XMM[12]=0x0000000000000000 0x000000004908a2ff
XMM[13]=0x0000000000000000 0x0000000000000000
XMM[14]=0x0000000000000000 0x0000000000000000
XMM[15]=0x0000000000000000 0x0000000000000000
  MXCSR=0x00001fa2


Register to memory mapping:

RAX=0x00000000fffffffe is an unknown value
RBX=0x000002288ab28850 points into unknown readable memory: 0x000002288a8c7860 | 60 78 8c 8a 28 02 00 00
RCX=0x00000000fffffffe is an unknown value
RDX=0x0 is null
RSP=0x000000601cbfe4a0 is pointing into the stack for thread: 0x000002288a0cddf0
RBP=0x000000601cbfe580 is pointing into the stack for thread: 0x000002288a0cddf0
RSI=0x0 is null
RDI=0x0 is null
R8 =0x0000000000000001 is an unknown value
R9 =0x000000601b1d7000 points into unknown readable memory: 0x0000000000000000 | 00 00 00 00 00 00 00 00
R10=0x00000228f56dd353 is at code_begin+1139 in an Interpreter codelet
native method entry point (kind = native)  [0x00000228f56dcee0, 0x00000228f56ddae0]  3072 bytes
R11=0x0000000000000100 is an unknown value
R12=0x0 is null
R13={method} {0x0000022886458a28} 'initNativeScale' '(I)V' in 'sun/awt/Win32GraphicsDevice'
R14=0x000000601cbfe5a8 is pointing into the stack for thread: 0x000002288a0cddf0
R15=0x000002288a0cddf0 is a thread

Top of Stack: (sp=0x000000601cbfe4a0)
0x000000601cbfe4a0:   000002288ab28850 000000000000000a   P...(...........
0x000000601cbfe4b0:   000000601cbfe4d0 000002288ab28850   ....`...P...(...
0x000000601cbfe4c0:   000002288ab28850 00007ffe67f0feb2   P...(......g....
0x000000601cbfe4d0:   00007ffe67f6c838 0000022886458a20   8..g.... .E.(...
0x000000601cbfe4e0:   000000601cbfe600 00000228f56e8b39   ....`...9.n.(...
0x000000601cbfe4f0:   00000228f56d8cb2 00000228f56dd2b3   ..m.(.....m.(...
0x000000601cbfe500:   0000022886458a20 000000601cbfe658    .E.(...X...`...
0x000000601cbfe510:   000000601cbfe600 000000601cbfe670   ....`...p...`...
0x000000601cbfe520:   00000228f56d8cb2 00007ffe663e185d   ..m.(...].>f....
0x000000601cbfe530:   000000601cbfe670 fffffffffffffff7   p...`...........
0x000000601cbfe540:   0000000000000000 0000000000000005   ................
0x000000601cbfe550:   000002288645bfc8 0000000000000000   ..E.(...........
0x000000601cbfe560:   000000071870fc28 0000022886458a20   (.p..... .E.(...
0x000000601cbfe570:   0000000000000000 000000601cbfe5a0   ............`...
0x000000601cbfe580:   000000601cbfe5f8 00000228f56d8b18   ....`.....m.(...
0x000000601cbfe590:   0000000000000000 00000228f56da757   ........W.m.(...
0x000000601cbfe5a0:   0000000000000000 000000071871f998   ..........q.....
0x000000601cbfe5b0:   fffffffffffffff7 0000022886459084   ..........E.(...
0x000000601cbfe5c0:   0000000000000002 000002288645bfc8   ..........E.(...
0x000000601cbfe5d0:   0000000000000000 000000071870fc28   ........(.p.....
0x000000601cbfe5e0:   00000228864590d0 fffffffffffffff5   ..E.(...........
0x000000601cbfe5f0:   000000601cbfe608 000000601cbfe658   ....`...X...`...
0x000000601cbfe600:   00000228f56d8b18 000000071871f998   ..m.(.....q.....
0x000000601cbfe610:   fffffffffffffff7 000002288645a840   ........@.E.(...
0x000000601cbfe620:   0000000000000003 000002288645bfc8   ..........E.(...
0x000000601cbfe630:   0000000000000000 000000071870fc28   ........(.p.....
0x000000601cbfe640:   000002288645a888 fffffffffffffff6   ..E.(...........
0x000000601cbfe650:   000000601cbfe670 000000601cbfe6c0   p...`.......`...
0x000000601cbfe660:   00000228f56d8b18 0000000000000000   ..m.(...........
0x000000601cbfe670:   000000071871f998 fffffffffffffff7   ..q.............
0x000000601cbfe680:   000002288634008f 0000000000000008   ..4.(...........
0x000000601cbfe690:   00000228863442d0 0000000000000000   .B4.(...........

Instructions: (pc=0x00007ffe67f0e5c6)
  0x00007ffe67f0e4c6:   11 45 d4 0f 11 45 e4 0f 11 45 f4 89 45 04 c7 45
  0x00007ffe67f0e4d6:   a0 68 00 00 00 0f 11 44 24 34 0f 11 44 24 44 0f
  0x00007ffe67f0e4e6:   11 44 24 54 0f 11 44 24 64 0f 11 44 24 74 0f 11
  0x00007ffe67f0e4f6:   45 84 89 45 94 c7 44 24 30 68 00 00 00 48 8d 55
  0x00007ffe67f0e506:   a0 49 8b ce ff 15 78 74 06 00 85 c0 74 41 48 8d
  0x00007ffe67f0e516:   54 24 30 48 8b ce ff 15 66 74 06 00 85 c0 74 2f
  0x00007ffe67f0e526:   48 8d 54 24 34 48 8d 4d a4 ff 15 9b 73 06 00 85
  0x00007ffe67f0e536:   c0 74 1c 48 8d 54 24 44 48 8d 4d b4 ff 15 88 73
  0x00007ffe67f0e546:   06 00 85 c0 74 09 8b 44 24 54 39 45 c4 74 11 ff
  0x00007ffe67f0e556:   c7 3b 7b 0c 0f 8c 40 ff ff ff 8b 3d ca ae 06 00
  0x00007ffe67f0e566:   48 8b cb e8 02 a0 f4 ff 90 8b c7 48 8b 4d 10 48
  0x00007ffe67f0e576:   33 cc e8 c3 f9 00 00 4c 8d 9c 24 20 01 00 00 49
  0x00007ffe67f0e586:   8b 5b 28 49 8b 73 30 49 8b e3 41 5e 5f 5d c3 cc
  0x00007ffe67f0e596:   cc cc cc cc cc cc cc cc cc cc 48 8b 41 08 48 8b
  0x00007ffe67f0e5a6:   80 18 0c 00 00 c3 cc cc cc cc 48 8b 41 08 48 05
  0x00007ffe67f0e5b6:   00 04 00 00 c3 cc cc cc cc cc 40 53 48 83 ec 20
=>0x00007ffe67f0e5c6:   83 79 50 00 48 8b d9 75 56 48 8b 49 28 4c 8d 44
  0x00007ffe67f0e5d6:   24 38 48 8d 54 24 30 c7 44 24 30 00 00 80 bf c7
  0x00007ffe67f0e5e6:   44 24 38 00 00 80 bf e8 be d7 00 00 f3 0f 10 54
  0x00007ffe67f0e5f6:   24 30 0f 57 c0 0f 2f d0 76 25 f3 0f 10 4c 24 38
  0x00007ffe67f0e606:   0f 2f c8 76 1a f3 0f 5e 15 19 97 02 00 f3 0f 5e
  0x00007ffe67f0e616:   0d 11 97 02 00 f3 0f 11 53 48 f3 0f 11 4b 4c 48
  0x00007ffe67f0e626:   83 c4 20 5b c3 cc cc cc cc cc 48 89 5c 24 10 48
  0x00007ffe67f0e636:   89 74 24 18 48 89 7c 24 20 41 56 48 83 ec 40 48
  0x00007ffe67f0e646:   8b d9 48 83 79 18 00 75 14 b9 28 04 00 00 e8 87
  0x00007ffe67f0e656:   8d 00 00 48 89 43 18 c7 00 28 00 00 00 48 8b 43
  0x00007ffe67f0e666:   18 45 33 f6 66 44 89 70 0e 48 8b 4b 28 e8 68 03
  0x00007ffe67f0e676:   00 00 48 8b f8 ba 01 00 00 00 44 8b c2 48 8b c8
  0x00007ffe67f0e686:   ff 15 a4 6f 06 00 48 8b f0 44 89 74 24 30 48 8b
  0x00007ffe67f0e696:   4b 18 48 89 4c 24 28 4c 89 74 24 20 41 b9 01 00
  0x00007ffe67f0e6a6:   00 00 45 33 c0 48 8b d0 48 8b cf ff 15 99 6e 06
  0x00007ffe67f0e6b6:   00 48 8b 53 30 48 8b 0b 83 79 04 08 0f 8e 0f 02


Stack slot to memory mapping:

stack at sp + 0 slots: 0x000002288ab28850 points into unknown readable memory: 0x000002288a8c7860 | 60 78 8c 8a 28 02 00 00
stack at sp + 1 slots: 0x000000000000000a is an unknown value
stack at sp + 2 slots: 0x000000601cbfe4d0 is pointing into the stack for thread: 0x000002288a0cddf0
stack at sp + 3 slots: 0x000002288ab28850 points into unknown readable memory: 0x000002288a8c7860 | 60 78 8c 8a 28 02 00 00
stack at sp + 4 slots: 0x000002288ab28850 points into unknown readable memory: 0x000002288a8c7860 | 60 78 8c 8a 28 02 00 00
stack at sp + 5 slots: 0x00007ffe67f0feb2 awt.dll
stack at sp + 6 slots: 0x00007ffe67f6c838 awt.dll
stack at sp + 7 slots: {method} {0x0000022886458a28} 'initNativeScale' '(I)V' in 'sun/awt/Win32GraphicsDevice'

Lock stack of current Java thread (top to bottom):

native method entry point (kind = native)  [0x00000228f56dcee0, 0x00000228f56ddae0]  3072 bytes
[MachCode]
  0x00000228f56dcee0: 488b 4b08 | 0fb7 492e | 584c 8d74 | ccf8 6800 | 0000 0068 | 0000 0000 | 5055 488b | ec41 5548 
  0x00000228f56dcf00: 8b43 084c | 8d68 3848 | 8b40 0868 | 0000 0000 | 5348 8b50 | 1848 8b52 | 7048 8b12 | 5248 8b53 
  0x00000228f56dcf20: 1048 85d2 | 7407 4881 | c2d0 0000 | 0052 488b | 5010 5249 | 8bc6 482b | c548 c1e8 | 0350 6800 
  0x00000228f56dcf40: 0000 0068 | f7ff ffff | 41c6 87f1 | 0400 0001 | 488b 4310 | 4885 c074 | 208b 8890 | 0000 0083 
  0x00000228f56dcf60: c102 8988 | 9000 0000 | 2388 a400 | 0000 0f84 | b80a 0000 | e9cf 0000 | 0048 8b43 | 1848 85c0 
  0x00000228f56dcf80: 0f85 b000 | 0000 e805 | 0000 00e9 | 9900 0000 | 488b d348 | 8d44 2408 | 4c89 6dc0 | 498b cfc5 
  0x00000228f56dcfa0: f877 4989 | af38 0400 | 0049 8987 | 2804 0000 | 4883 ec20 | 40f6 c40f | 0f84 1900 | 0000 4883 
  0x00000228f56dcfc0: ec08 48b8 | e01e 1066 | fe7f 0000 | ffd0 4883 | c408 e90c | 0000 0048 | b8e0 1e10 | 66fe 7f00 
  0x00000228f56dcfe0: 00ff d048 | 83c4 2049 | c787 2804 | 0000 0000 | 0000 49c7 | 8738 0400 | 0000 0000 | 0049 c787 
  0x00000228f56dd000: 3004 0000 | 0000 0000 | c5f8 7749 | 837f 0800 | 0f84 0500 | 0000 e9c5 | 41ff ff4c | 8b6d c04c 
  0x00000228f56dd020: 8b75 c84e | 8d74 f500 | c348 8b43 | 1848 85c0 | 0f84 1200 | 0000 8b48 | 0883 c102 | 8948 0823 
  0x00000228f56dd040: 482c 0f84 | e409 0000 | 493b a770 | 0500 000f | 8748 0000 | 0089 8424 | 00f0 ffff | 8984 2400 
  0x00000228f56dd060: e0ff ff89 | 8424 00d0 | ffff 8984 | 2400 c0ff | ff89 8424 | 00b0 ffff | 8984 2400 | a0ff ff89 
  0x00000228f56dd080: 8424 0090 | ffff 8984 | 2400 80ff | ff49 3ba7 | 6805 0000 | 7607 4989 | a770 0500 | 0041 c687 
  0x00000228f56dd0a0: f104 0000 | 0048 8b5d | e84c 8b5b | 0845 0fb7 | 5b2e 41c1 | e303 492b | e348 83ec | 2048 83e4 
  0x00000228f56dd0c0: f04c 8b5b | 604d 85db | 0f85 ab00 | 0000 e805 | 0000 00e9 | 9900 0000 | 488b d348 | 8d44 2408 
  0x00000228f56dd0e0: 4c89 6dc0 | 498b cfc5 | f877 4989 | af38 0400 | 0049 8987 | 2804 0000 | 4883 ec20 | 40f6 c40f 
  0x00000228f56dd100: 0f84 1900 | 0000 4883 | ec08 48b8 | 1048 1066 | fe7f 0000 | ffd0 4883 | c408 e90c | 0000 0048 
  0x00000228f56dd120: b810 4810 | 66fe 7f00 | 00ff d048 | 83c4 2049 | c787 2804 | 0000 0000 | 0000 49c7 | 8738 0400 
  0x00000228f56dd140: 0000 0000 | 0049 c787 | 3004 0000 | 0000 0000 | c5f8 7749 | 837f 0800 | 0f84 0500 | 0000 e97d 
  0x00000228f56dd160: 40ff ff4c | 8b6d c04c | 8b75 c84e | 8d74 f500 | c348 8b5d | e84c 8b5b | 6041 ffd3 | 488b 5de8 
  0x00000228f56dd180: 4889 4518 | 440f b75b | 2c41 f6c3 | 080f 841b | 0000 004c | 8b5b 084d | 8b5b 084d | 8b5b 184d 
  0x00000228f56dd1a0: 8b5b 704d | 8b1b 4c89 | 5d10 488d | 5510 488b | 4358 49ba | 800e 4b66 | fe7f 0000 | 493b c20f 
  0x00000228f56dd1c0: 85ab 0000 | 00e8 0500 | 0000 e999 | 0000 0048 | 8bd3 488d | 4424 084c | 896d c049 | 8bcf c5f8 
  0x00000228f56dd1e0: 7749 89af | 3804 0000 | 4989 8728 | 0400 0048 | 83ec 2040 | f6c4 0f0f | 8419 0000 | 0048 83ec 
  0x00000228f56dd200: 0848 b810 | 4810 66fe | 7f00 00ff | d048 83c4 | 08e9 0c00 | 0000 48b8 | 1048 1066 | fe7f 0000 
  0x00000228f56dd220: ffd0 4883 | c420 49c7 | 8728 0400 | 0000 0000 | 0049 c787 | 3804 0000 | 0000 0000 | 49c7 8730 
  0x00000228f56dd240: 0400 0000 | 0000 00c5 | f877 4983 | 7f08 000f | 8405 0000 | 00e9 863f | ffff 4c8b | 6dc0 4c8b 
  0x00000228f56dd260: 75c8 4e8d | 74f5 00c3 | 488b 5de8 | 488b 4358 | 498d 8f48 | 0400 004c | 8d15 d500 | 0000 4d89 
  0x00000228f56dd280: 9730 0400 | 00c5 f877 | 4989 af38 | 0400 0049 | 89a7 2804 | 0000 41c7 | 87d4 0400 | 0004 0000 
  0x00000228f56dd2a0: 0049 3ba7 | c805 0000 | 7607 4989 | a7c8 0500 | 00ff d049 | 3ba7 c805 | 0000 720b | 49c7 87c8 
  0x00000228f56dd2c0: 0500 0000 | 0000 00c5 | f877 4883 | ec10 c5fb | 1104 2448 | 83ec 1048 | 8904 2448 | c744 2408 
  0x00000228f56dd2e0: 0000 0000 | 41c7 87d4 | 0400 0005 | 0000 00f0 | 8344 24c0 | 0049 3b6f | 280f 870e | 0000 0041 
  0x00000228f56dd300: 83bf d004 | 0000 000f | 8420 0000 | 0049 8bcf | 4c8b e448 | 83ec 2048 | 83e4 f048 | b840 ac11 
  0x00000228f56dd320: 66fe 7f00 | 00ff d049 | 8be4 4d33 | e441 c787 | d404 0000 | 0800 0000 | 4d8b 97f0 | 0500 0049 
  0x00000228f56dd340: 83fa 0074 | 3549 c787 | f005 0000 | 0000 0000 | 41ff e249 | ba60 be6d | f528 0200 | 0041 ffd2 
  0x00000228f56dd360: 4883 ec10 | c5fb 1104 | 2448 83ec | 1048 8904 | 2448 c744 | 2408 0000 | 0000 49c7 | 8728 0400 
  0x00000228f56dd380: 0000 0000 | 0049 c787 | 3804 0000 | 0000 0000 | 49c7 8730 | 0400 0000 | 0000 00c5 | f877 4d8b 
  0x00000228f56dd3a0: 9fb8 0400 | 0041 c783 | 0001 0000 | 0000 0000 | 49bb 5aa7 | 6df5 2802 | 0000 4c3b | 5d18 0f85 
  0x00000228f56dd3c0: 5b02 0000 | 488b 0424 | 4883 c410 | 4885 c00f | 8435 0200 | 00a8 030f | 8508 0000 | 0048 8b00 
  0x00000228f56dd3e0: e925 0200 | 00a8 010f | 8509 0000 | 0048 8b40 | fee9 1402 | 0000 488b | 40ff 4180 | 7f48 000f 
  0x00000228f56dd400: 8405 0200 | 0048 83f8 | 000f 84fb | 0100 004d | 8b5f 384d | 85db 0f84 | 1400 0000 | 4983 eb08 
  0x00000228f56dd420: 4d89 5f38 | 4d03 5f40 | 4989 03e9 | da01 0000 | 4881 ecf0 | 0000 0048 | 8904 2448 | 894c 2408 
  0x00000228f56dd440: 4889 5424 | 104c 8944 | 2418 4c89 | 4c24 204c | 8954 2428 | 4c89 5c24 | 30c5 fb11 | 4424 40c5 
  0x00000228f56dd460: fb11 4c24 | 48c5 fb11 | 5424 50c5 | fb11 5c24 | 58c5 fb11 | 6424 60c5 | fb11 6c24 | 6862 e1ff 
  0x00000228f56dd480: 0811 4424 | 0e62 e1ff | 0811 4c24 | 0f62 e1ff | 0811 5424 | 1062 e1ff | 0811 5c24 | 1162 e1ff 
  0x00000228f56dd4a0: 0811 6424 | 1262 e1ff | 0811 6c24 | 1362 e1ff | 0811 7424 | 1462 e1ff | 0811 7c24 | 1562 61ff 
  0x00000228f56dd4c0: 0811 4424 | 1662 61ff | 0811 4c24 | 1762 61ff | 0811 5424 | 1862 61ff | 0811 5c24 | 1962 61ff 
  0x00000228f56dd4e0: 0811 6424 | 1a62 61ff | 0811 6c24 | 1b62 61ff | 0811 7424 | 1c62 61ff | 0811 7c24 | 1d49 8bd7 
  0x00000228f56dd500: 488b c848 | 83ec 2040 | f6c4 0f0f | 8419 0000 | 0048 83ec | 0848 b820 | 7604 66fe | 7f00 00ff 
  0x00000228f56dd520: d048 83c4 | 08e9 0c00 | 0000 48b8 | 2076 0466 | fe7f 0000 | ffd0 4883 | c420 6261 | ff08 107c 
  0x00000228f56dd540: 241d 6261 | ff08 1074 | 241c 6261 | ff08 106c | 241b 6261 | ff08 1064 | 241a 6261 | ff08 105c 
  0x00000228f56dd560: 2419 6261 | ff08 1054 | 2418 6261 | ff08 104c | 2417 6261 | ff08 1044 | 2416 62e1 | ff08 107c 
  0x00000228f56dd580: 2415 62e1 | ff08 1074 | 2414 62e1 | ff08 106c | 2413 62e1 | ff08 1064 | 2412 62e1 | ff08 105c 
  0x00000228f56dd5a0: 2411 62e1 | ff08 1054 | 2410 62e1 | ff08 104c | 240f 62e1 | ff08 1044 | 240e c5fb | 106c 2468 
  0x00000228f56dd5c0: c5fb 1064 | 2460 c5fb | 105c 2458 | c5fb 1054 | 2450 c5fb | 104c 2448 | c5fb 1044 | 2440 4c8b 
  0x00000228f56dd5e0: 5c24 304c | 8b54 2428 | 4c8b 4c24 | 204c 8b44 | 2418 488b | 5424 1048 | 8b4c 2408 | 488b 0424 
  0x00000228f56dd600: 4881 c4f0 | 0000 00c5 | f877 4889 | 4510 4883 | ec10 4889 | 0424 48c7 | 4424 0800 | 0000 0041 
  0x00000228f56dd620: 83bf 5005 | 0000 020f | 85bf 0000 | 0048 81ec | 8000 0000 | 4889 4424 | 7848 894c | 2470 4889 
  0x00000228f56dd640: 5424 6848 | 895c 2460 | 4889 6c24 | 5048 8974 | 2448 4889 | 7c24 404c | 8944 2438 | 4c89 4c24 
  0x00000228f56dd660: 304c 8954 | 2428 4c89 | 5c24 204c | 8964 2418 | 4c89 6c24 | 104c 8974 | 2408 4c89 | 3c24 4c8b 
  0x00000228f56dd680: e448 83ec | 2048 83e4 | f048 b8f0 | f54a 66fe | 7f00 00ff | d049 8be4 | 4c8b 3c24 | 4c8b 7424 
  0x00000228f56dd6a0: 084c 8b6c | 2410 4c8b | 6424 184c | 8b5c 2420 | 4c8b 5424 | 284c 8b4c | 2430 4c8b | 4424 3848 
  0x00000228f56dd6c0: 8b7c 2440 | 488b 7424 | 4848 8b6c | 2450 488b | 5c24 6048 | 8b54 2468 | 488b 4c24 | 7048 8b44 
  0x00000228f56dd6e0: 2478 4881 | c480 0000 | 004d 33e4 | 488b 5de8 | 4c8b 6b08 | 4d8d 6d38 | 4983 7f08 | 000f 84bb 
  0x00000228f56dd700: 0000 00e8 | 0500 0000 | e996 0000 | 0048 8d44 | 2408 4c89 | 6dc0 498b | cfc5 f877 | 4989 af38 
  0x00000228f56dd720: 0400 0049 | 8987 2804 | 0000 4883 | ec20 40f6 | c40f 0f84 | 1900 0000 | 4883 ec08 | 48b8 5066 
  0x00000228f56dd740: 1066 fe7f | 0000 ffd0 | 4883 c408 | e90c 0000 | 0048 b850 | 6610 66fe | 7f00 00ff | d048 83c4 
  0x00000228f56dd760: 2049 c787 | 2804 0000 | 0000 0000 | 49c7 8738 | 0400 0000 | 0000 0049 | c787 3004 | 0000 0000 
  0x00000228f56dd780: 0000 c5f8 | 7749 837f | 0800 0f84 | 0500 0000 | e94b 3aff | ff4c 8b6d | c04c 8b75 | c84e 8d74 
  0x00000228f56dd7a0: f500 c348 | b938 0874 | 66fe 7f00 | 0048 83e4 | f048 b850 | 8c37 66fe | 7f00 00ff | d0f4 440f 
  0x00000228f56dd7c0: b75b 2c41 | f6c3 200f | 8472 0100 | 0048 8d55 | a84c 8b5a | 084d 85db | 0f85 bb00 | 0000 e805 
  0x00000228f56dd7e0: 0000 00e9 | 9600 0000 | 488d 4424 | 084c 896d | c049 8bcf | c5f8 7749 | 89af 3804 | 0000 4989 
  0x00000228f56dd800: 8728 0400 | 0048 83ec | 2040 f6c4 | 0f0f 8419 | 0000 0048 | 83ec 0848 | b880 6510 | 66fe 7f00 
  0x00000228f56dd820: 00ff d048 | 83c4 08e9 | 0c00 0000 | 48b8 8065 | 1066 fe7f | 0000 ffd0 | 4883 c420 | 49c7 8728 
  0x00000228f56dd840: 0400 0000 | 0000 0049 | c787 3804 | 0000 0000 | 0000 49c7 | 8730 0400 | 0000 0000 | 00c5 f877 
  0x00000228f56dd860: 4983 7f08 | 000f 8405 | 0000 00e9 | 7039 ffff | 4c8b 6dc0 | 4c8b 75c8 | 4e8d 74f5 | 00c3 48b9 
  0x00000228f56dd880: 3808 7466 | fe7f 0000 | 4883 e4f0 | 48b8 508c | 3766 fe7f | 0000 ffd0 | f44c 896d | c04c 8b4a 
  0x00000228f56dd8a0: 0848 c742 | 0800 0000 | 0045 8b87 | d806 0000 | 4f3b 4c07 | f80f 8542 | 0000 0041 | 83af d806 
  0x00000228f56dd8c0: 0000 084f | 3b4c 07f0 | 0f84 2a00 | 0000 498b | 01a8 020f | 8512 0000 | 004c 8bc0 | 4983 c801 
  0x00000228f56dd8e0: f04d 0fb1 | 010f 840d | 0000 0041 | 8387 d806 | 0000 08e9 | 0500 0000 | e93e 0000 | 004c 894a 
  0x00000228f56dd900: 0848 8bca | 4883 ec20 | 40f6 c40f | 0f84 1900 | 0000 4883 | ec08 48b8 | d037 1066 | fe7f 0000 
  0x00000228f56dd920: ffd0 4883 | c408 e90c | 0000 0048 | b8d0 3710 | 66fe 7f00 | 00ff d048 | 83c4 204c | 8b6d c041 
  0x00000228f56dd940: c687 9603 | 0000 0149 | 3b6f 280f | 8705 0000 | 00e9 ab00 | 0000 4883 | ec10 c5fb | 1104 2448 
  0x00000228f56dd960: 83ec 1048 | 8904 2448 | c744 2408 | 0000 0000 | c5f8 7749 | 89af 3804 | 0000 49ba | 70d9 6df5 
  0x00000228f56dd980: 2802 0000 | 4d89 9730 | 0400 0049 | 89a7 2804 | 0000 498b | cf48 83ec | 2040 f6c4 | 0f0f 8419 
  0x00000228f56dd9a0: 0000 0048 | 83ec 0848 | b870 1e10 | 66fe 7f00 | 00ff d048 | 83c4 08e9 | 0c00 0000 | 48b8 701e 
  0x00000228f56dd9c0: 1066 fe7f | 0000 ffd0 | 4883 c420 | 49c7 8728 | 0400 0000 | 0000 0049 | c787 3804 | 0000 0000 
  0x00000228f56dd9e0: 0000 49c7 | 8730 0400 | 0000 0000 | 00c5 f877 | 488b 0424 | 4883 c410 | c5fb 1004 | 2448 83c4 
  0x00000228f56dda00: 1048 8b04 | 2448 83c4 | 10c5 fb10 | 0424 4883 | c410 4c8b | 5d18 41ff | d34c 8b5d | f8c9 41c6 
  0x00000228f56dda20: 8796 0300 | 0000 5f49 | 8be3 ffe7 | ba00 0000 | 00e8 0500 | 0000 e996 | 0000 0048 | 8d44 2408 
  0x00000228f56dda40: 4c89 6dc0 | 498b cfc5 | f877 4989 | af38 0400 | 0049 8987 | 2804 0000 | 4883 ec20 | 40f6 c40f 
  0x00000228f56dda60: 0f84 1900 | 0000 4883 | ec08 48b8 | c02d 1066 | fe7f 0000 | ffd0 4883 | c408 e90c | 0000 0048 
  0x00000228f56dda80: b8c0 2d10 | 66fe 7f00 | 00ff d048 | 83c4 2049 | c787 2804 | 0000 0000 | 0000 49c7 | 8738 0400 
  0x00000228f56ddaa0: 0000 0000 | 0049 c787 | 3004 0000 | 0000 0000 | c5f8 7749 | 837f 0800 | 0f84 0500 | 0000 e91d 
  0x00000228f56ddac0: 37ff ff4c | 8b6d c04c | 8b75 c84e | 8d74 f500 | c348 8b5d | e8e9 6ef5 | ffff 660f | 1f44 0000 
[/MachCode]

---------------  P R O C E S S  ---------------

Threads class SMR info:
_java_thread_list=0x000002288a8cd3c0, length=15, elements={
0x00000228ff601890, 0x00000228ff6021a0, 0x00000228ff603d70, 0x00000228ff6074e0,
0x00000228ff609860, 0x00000228ff609090, 0x00000228ff610d20, 0x00000228ff618690,
0x000002288a0ca740, 0x000002288a0cb6e0, 0x000002288a0c8fd0, 0x000002288a0cce50,
0x000002288a0cd620, 0x000002288a0cddf0, 0x000002288a0ce5c0
}

Java Threads: ( => current thread )
  0x00000228ff601890 JavaThread "Reference Handler"          daemon [_thread_blocked, id=9360, stack(0x000000601be00000,0x000000601bf00000) (1024K)]
  0x00000228ff6021a0 JavaThread "Finalizer"                  daemon [_thread_blocked, id=11668, stack(0x000000601bf00000,0x000000601c000000) (1024K)]
  0x00000228ff603d70 JavaThread "Signal Dispatcher"          daemon [_thread_blocked, id=13700, stack(0x000000601c000000,0x000000601c100000) (1024K)]
  0x00000228ff6074e0 JavaThread "Attach Listener"            daemon [_thread_blocked, id=10540, stack(0x000000601c100000,0x000000601c200000) (1024K)]
  0x00000228ff609860 JavaThread "Service Thread"             daemon [_thread_blocked, id=14140, stack(0x000000601c200000,0x000000601c300000) (1024K)]
  0x00000228ff609090 JavaThread "Monitor Deflation Thread"   daemon [_thread_blocked, id=14760, stack(0x000000601c300000,0x000000601c400000) (1024K)]
  0x00000228ff610d20 JavaThread "C2 CompilerThread0"         daemon [_thread_blocked, id=9228, stack(0x000000601c400000,0x000000601c500000) (1024K)]
  0x00000228ff618690 JavaThread "C1 CompilerThread0"         daemon [_thread_blocked, id=8132, stack(0x000000601c500000,0x000000601c600000) (1024K)]
  0x000002288a0ca740 JavaThread "Common-Cleaner"             daemon [_thread_blocked, id=2944, stack(0x000000601c600000,0x000000601c700000) (1024K)]
  0x000002288a0cb6e0 JavaThread "Notification Thread"        daemon [_thread_blocked, id=7700, stack(0x000000601c700000,0x000000601c800000) (1024K)]
  0x000002288a0c8fd0 JavaThread "Java2D Disposer"            daemon [_thread_blocked, id=7432, stack(0x000000601c800000,0x000000601c900000) (1024K)]
  0x000002288a0cce50 JavaThread "AWT-Shutdown"                      [_thread_blocked, id=14592, stack(0x000000601c900000,0x000000601ca00000) (1024K)]
  0x000002288a0cd620 JavaThread "AWT-Windows"                daemon [_thread_in_native, id=9872, stack(0x000000601ca00000,0x000000601cb00000) (1024K)]
=>0x000002288a0cddf0 JavaThread "AWT-EventQueue-0"                  [_thread_in_native, id=17336, stack(0x000000601cb00000,0x000000601cc00000) (1024K)]
  0x000002288a0ce5c0 JavaThread "DestroyJavaVM"                     [_thread_blocked, id=18944, stack(0x000000601b600000,0x000000601b700000) (1024K)]
Total: 15

Other Threads:
  0x00000228ff5efb20 VMThread "VM Thread"                           [id=10660, stack(0x000000601bd00000,0x000000601be00000) (1024K)]
  0x00000228ff5e2920 WatcherThread "VM Periodic Task Thread"        [id=15772, stack(0x000000601bc00000,0x000000601bd00000) (1024K)]
  0x00000228e5812a50 WorkerThread "GC Thread#0"                     [id=14300, stack(0x000000601b700000,0x000000601b800000) (1024K)]
  0x00000228e582cbb0 ConcurrentGCThread "G1 Main Marker"            [id=18816, stack(0x000000601b800000,0x000000601b900000) (1024K)]
  0x00000228e582d550 WorkerThread "G1 Conc#0"                       [id=7044, stack(0x000000601b900000,0x000000601ba00000) (1024K)]
  0x00000228e586e4f0 ConcurrentGCThread "G1 Refine#0"               [id=7076, stack(0x000000601ba00000,0x000000601bb00000) (1024K)]
  0x00000228ff4b8020 ConcurrentGCThread "G1 Service"                [id=6784, stack(0x000000601bb00000,0x000000601bc00000) (1024K)]
Total: 7

Threads with active compile tasks:
Total: 0

VM state: not at safepoint (normal execution)

VM Mutex/Monitor currently owned by a thread: None

Heap address: 0x0000000709a00000, size: 3942 MB, Compressed Oops mode: Zero based, Oop shift amount: 3

CDS archive(s) mapped at: [0x0000000084000000-0x0000000084dd0000-0x0000000084dd0000), size 14483456, SharedBaseAddress: 0x0000000084000000, ArchiveRelocationMode: 1.
Compressed class space mapped at: 0x0000000085000000-0x00000000c5000000, reserved size: 1073741824
UseCompressedClassPointers 1, UseCompactObjectHeaders 0
Narrow klass pointer bits 32, Max shift 3
Narrow klass base: 0x0000000084000000, Narrow klass shift: 0
Encoding Range: [0x0000000084000000 - 0x0000000184000000), (4294967296 bytes)
Klass Range:    [0x0000000084010000 - 0x00000000c5000000), (1090453504 bytes)
Klass ID Range:  [65536 - 1090519033) (1090453497)
Protection zone: [0x0000000084000000 - 0x0000000084010000), (65536 bytes)

GC Precious Log:
 CardTable entry size: 512
 Card Set container configuration: InlinePtr #cards 4 size 8 Array Of Cards #cards 16 size 48 Howl #buckets 8 coarsen threshold 3686 Howl Bitmap #cards 512 size 80 coarsen threshold 460 Card regions per heap region 1 cards per card region 4096
 CPUs: 8 total, 8 available
 Memory: 15761M
 Large Page Support: Disabled
 NUMA Support: Disabled
 Compressed Oops: Enabled (Zero based)
 Heap Region Size: 2M
 Heap Min Capacity: 8M
 Heap Initial Capacity: 248M
 Heap Max Capacity: 3942M
 Pre-touch: Disabled
 Parallel Workers: 8
 Concurrent Workers: 2
 Concurrent Refinement Workers: 8
 Periodic GC: Disabled

Heap:
 garbage-first heap   total reserved 4036608K, committed 256000K, used 15509K [0x0000000709a00000, 0x0000000800000000)
  region size 2048K, 8 young (16384K), 0 survivors (0K)

Heap Regions: E=young(eden), S=young(survivor), O=old, HS=humongous(starts), HC=humongous(continues), CS=collection set, F=free, TAMS=top-at-mark-start, PB=parsable bottom
|   0|0x0000000709a00000, 0x0000000709a00000, 0x0000000709c00000|  0%| F|  |TAMS 0x0000000709a00000| PB 0x0000000709a00000| Untracked |  0
|   1|0x0000000709c00000, 0x0000000709c00000, 0x0000000709e00000|  0%| F|  |TAMS 0x0000000709c00000| PB 0x0000000709c00000| Untracked |  0
|   2|0x0000000709e00000, 0x0000000709e00000, 0x000000070a000000|  0%| F|  |TAMS 0x0000000709e00000| PB 0x0000000709e00000| Untracked |  0
|   3|0x000000070a000000, 0x000000070a000000, 0x000000070a200000|  0%| F|  |TAMS 0x000000070a000000| PB 0x000000070a000000| Untracked |  0
|   4|0x000000070a200000, 0x000000070a200000, 0x000000070a400000|  0%| F|  |TAMS 0x000000070a200000| PB 0x000000070a200000| Untracked |  0
|   5|0x000000070a400000, 0x000000070a400000, 0x000000070a600000|  0%| F|  |TAMS 0x000000070a400000| PB 0x000000070a400000| Untracked |  0
|   6|0x000000070a600000, 0x000000070a600000, 0x000000070a800000|  0%| F|  |TAMS 0x000000070a600000| PB 0x000000070a600000| Untracked |  0
|   7|0x000000070a800000, 0x000000070a800000, 0x000000070aa00000|  0%| F|  |TAMS 0x000000070a800000| PB 0x000000070a800000| Untracked |  0
|   8|0x000000070aa00000, 0x000000070aa00000, 0x000000070ac00000|  0%| F|  |TAMS 0x000000070aa00000| PB 0x000000070aa00000| Untracked |  0
|   9|0x000000070ac00000, 0x000000070ac00000, 0x000000070ae00000|  0%| F|  |TAMS 0x000000070ac00000| PB 0x000000070ac00000| Untracked |  0
|  10|0x000000070ae00000, 0x000000070ae00000, 0x000000070b000000|  0%| F|  |TAMS 0x000000070ae00000| PB 0x000000070ae00000| Untracked |  0
|  11|0x000000070b000000, 0x000000070b000000, 0x000000070b200000|  0%| F|  |TAMS 0x000000070b000000| PB 0x000000070b000000| Untracked |  0
|  12|0x000000070b200000, 0x000000070b200000, 0x000000070b400000|  0%| F|  |TAMS 0x000000070b200000| PB 0x000000070b200000| Untracked |  0
|  13|0x000000070b400000, 0x000000070b400000, 0x000000070b600000|  0%| F|  |TAMS 0x000000070b400000| PB 0x000000070b400000| Untracked |  0
|  14|0x000000070b600000, 0x000000070b600000, 0x000000070b800000|  0%| F|  |TAMS 0x000000070b600000| PB 0x000000070b600000| Untracked |  0
|  15|0x000000070b800000, 0x000000070b800000, 0x000000070ba00000|  0%| F|  |TAMS 0x000000070b800000| PB 0x000000070b800000| Untracked |  0
|  16|0x000000070ba00000, 0x000000070ba00000, 0x000000070bc00000|  0%| F|  |TAMS 0x000000070ba00000| PB 0x000000070ba00000| Untracked |  0
|  17|0x000000070bc00000, 0x000000070bc00000, 0x000000070be00000|  0%| F|  |TAMS 0x000000070bc00000| PB 0x000000070bc00000| Untracked |  0
|  18|0x000000070be00000, 0x000000070be00000, 0x000000070c000000|  0%| F|  |TAMS 0x000000070be00000| PB 0x000000070be00000| Untracked |  0
|  19|0x000000070c000000, 0x000000070c000000, 0x000000070c200000|  0%| F|  |TAMS 0x000000070c000000| PB 0x000000070c000000| Untracked |  0
|  20|0x000000070c200000, 0x000000070c200000, 0x000000070c400000|  0%| F|  |TAMS 0x000000070c200000| PB 0x000000070c200000| Untracked |  0
|  21|0x000000070c400000, 0x000000070c400000, 0x000000070c600000|  0%| F|  |TAMS 0x000000070c400000| PB 0x000000070c400000| Untracked |  0
|  22|0x000000070c600000, 0x000000070c600000, 0x000000070c800000|  0%| F|  |TAMS 0x000000070c600000| PB 0x000000070c600000| Untracked |  0
|  23|0x000000070c800000, 0x000000070c800000, 0x000000070ca00000|  0%| F|  |TAMS 0x000000070c800000| PB 0x000000070c800000| Untracked |  0
|  24|0x000000070ca00000, 0x000000070ca00000, 0x000000070cc00000|  0%| F|  |TAMS 0x000000070ca00000| PB 0x000000070ca00000| Untracked |  0
|  25|0x000000070cc00000, 0x000000070cc00000, 0x000000070ce00000|  0%| F|  |TAMS 0x000000070cc00000| PB 0x000000070cc00000| Untracked |  0
|  26|0x000000070ce00000, 0x000000070ce00000, 0x000000070d000000|  0%| F|  |TAMS 0x000000070ce00000| PB 0x000000070ce00000| Untracked |  0
|  27|0x000000070d000000, 0x000000070d000000, 0x000000070d200000|  0%| F|  |TAMS 0x000000070d000000| PB 0x000000070d000000| Untracked |  0
|  28|0x000000070d200000, 0x000000070d200000, 0x000000070d400000|  0%| F|  |TAMS 0x000000070d200000| PB 0x000000070d200000| Untracked |  0
|  29|0x000000070d400000, 0x000000070d400000, 0x000000070d600000|  0%| F|  |TAMS 0x000000070d400000| PB 0x000000070d400000| Untracked |  0
|  30|0x000000070d600000, 0x000000070d600000, 0x000000070d800000|  0%| F|  |TAMS 0x000000070d600000| PB 0x000000070d600000| Untracked |  0
|  31|0x000000070d800000, 0x000000070d800000, 0x000000070da00000|  0%| F|  |TAMS 0x000000070d800000| PB 0x000000070d800000| Untracked |  0
|  32|0x000000070da00000, 0x000000070da00000, 0x000000070dc00000|  0%| F|  |TAMS 0x000000070da00000| PB 0x000000070da00000| Untracked |  0
|  33|0x000000070dc00000, 0x000000070dc00000, 0x000000070de00000|  0%| F|  |TAMS 0x000000070dc00000| PB 0x000000070dc00000| Untracked |  0
|  34|0x000000070de00000, 0x000000070de00000, 0x000000070e000000|  0%| F|  |TAMS 0x000000070de00000| PB 0x000000070de00000| Untracked |  0
|  35|0x000000070e000000, 0x000000070e000000, 0x000000070e200000|  0%| F|  |TAMS 0x000000070e000000| PB 0x000000070e000000| Untracked |  0
|  36|0x000000070e200000, 0x000000070e200000, 0x000000070e400000|  0%| F|  |TAMS 0x000000070e200000| PB 0x000000070e200000| Untracked |  0
|  37|0x000000070e400000, 0x000000070e400000, 0x000000070e600000|  0%| F|  |TAMS 0x000000070e400000| PB 0x000000070e400000| Untracked |  0
|  38|0x000000070e600000, 0x000000070e600000, 0x000000070e800000|  0%| F|  |TAMS 0x000000070e600000| PB 0x000000070e600000| Untracked |  0
|  39|0x000000070e800000, 0x000000070e800000, 0x000000070ea00000|  0%| F|  |TAMS 0x000000070e800000| PB 0x000000070e800000| Untracked |  0
|  40|0x000000070ea00000, 0x000000070ea00000, 0x000000070ec00000|  0%| F|  |TAMS 0x000000070ea00000| PB 0x000000070ea00000| Untracked |  0
|  41|0x000000070ec00000, 0x000000070ec00000, 0x000000070ee00000|  0%| F|  |TAMS 0x000000070ec00000| PB 0x000000070ec00000| Untracked |  0
|  42|0x000000070ee00000, 0x000000070ee00000, 0x000000070f000000|  0%| F|  |TAMS 0x000000070ee00000| PB 0x000000070ee00000| Untracked |  0
|  43|0x000000070f000000, 0x000000070f000000, 0x000000070f200000|  0%| F|  |TAMS 0x000000070f000000| PB 0x000000070f000000| Untracked |  0
|  44|0x000000070f200000, 0x000000070f200000, 0x000000070f400000|  0%| F|  |TAMS 0x000000070f200000| PB 0x000000070f200000| Untracked |  0
|  45|0x000000070f400000, 0x000000070f400000, 0x000000070f600000|  0%| F|  |TAMS 0x000000070f400000| PB 0x000000070f400000| Untracked |  0
|  46|0x000000070f600000, 0x000000070f600000, 0x000000070f800000|  0%| F|  |TAMS 0x000000070f600000| PB 0x000000070f600000| Untracked |  0
|  47|0x000000070f800000, 0x000000070f800000, 0x000000070fa00000|  0%| F|  |TAMS 0x000000070f800000| PB 0x000000070f800000| Untracked |  0
|  48|0x000000070fa00000, 0x000000070fa00000, 0x000000070fc00000|  0%| F|  |TAMS 0x000000070fa00000| PB 0x000000070fa00000| Untracked |  0
|  49|0x000000070fc00000, 0x000000070fc00000, 0x000000070fe00000|  0%| F|  |TAMS 0x000000070fc00000| PB 0x000000070fc00000| Untracked |  0
|  50|0x000000070fe00000, 0x000000070fe00000, 0x0000000710000000|  0%| F|  |TAMS 0x000000070fe00000| PB 0x000000070fe00000| Untracked |  0
|  51|0x0000000710000000, 0x0000000710000000, 0x0000000710200000|  0%| F|  |TAMS 0x0000000710000000| PB 0x0000000710000000| Untracked |  0
|  52|0x0000000710200000, 0x0000000710200000, 0x0000000710400000|  0%| F|  |TAMS 0x0000000710200000| PB 0x0000000710200000| Untracked |  0
|  53|0x0000000710400000, 0x0000000710400000, 0x0000000710600000|  0%| F|  |TAMS 0x0000000710400000| PB 0x0000000710400000| Untracked |  0
|  54|0x0000000710600000, 0x0000000710600000, 0x0000000710800000|  0%| F|  |TAMS 0x0000000710600000| PB 0x0000000710600000| Untracked |  0
|  55|0x0000000710800000, 0x0000000710800000, 0x0000000710a00000|  0%| F|  |TAMS 0x0000000710800000| PB 0x0000000710800000| Untracked |  0
|  56|0x0000000710a00000, 0x0000000710a00000, 0x0000000710c00000|  0%| F|  |TAMS 0x0000000710a00000| PB 0x0000000710a00000| Untracked |  0
|  57|0x0000000710c00000, 0x0000000710c00000, 0x0000000710e00000|  0%| F|  |TAMS 0x0000000710c00000| PB 0x0000000710c00000| Untracked |  0
|  58|0x0000000710e00000, 0x0000000710e00000, 0x0000000711000000|  0%| F|  |TAMS 0x0000000710e00000| PB 0x0000000710e00000| Untracked |  0
|  59|0x0000000711000000, 0x0000000711000000, 0x0000000711200000|  0%| F|  |TAMS 0x0000000711000000| PB 0x0000000711000000| Untracked |  0
|  60|0x0000000711200000, 0x0000000711200000, 0x0000000711400000|  0%| F|  |TAMS 0x0000000711200000| PB 0x0000000711200000| Untracked |  0
|  61|0x0000000711400000, 0x0000000711400000, 0x0000000711600000|  0%| F|  |TAMS 0x0000000711400000| PB 0x0000000711400000| Untracked |  0
|  62|0x0000000711600000, 0x0000000711600000, 0x0000000711800000|  0%| F|  |TAMS 0x0000000711600000| PB 0x0000000711600000| Untracked |  0
|  63|0x0000000711800000, 0x0000000711800000, 0x0000000711a00000|  0%| F|  |TAMS 0x0000000711800000| PB 0x0000000711800000| Untracked |  0
|  64|0x0000000711a00000, 0x0000000711a00000, 0x0000000711c00000|  0%| F|  |TAMS 0x0000000711a00000| PB 0x0000000711a00000| Untracked |  0
|  65|0x0000000711c00000, 0x0000000711c00000, 0x0000000711e00000|  0%| F|  |TAMS 0x0000000711c00000| PB 0x0000000711c00000| Untracked |  0
|  66|0x0000000711e00000, 0x0000000711e00000, 0x0000000712000000|  0%| F|  |TAMS 0x0000000711e00000| PB 0x0000000711e00000| Untracked |  0
|  67|0x0000000712000000, 0x0000000712000000, 0x0000000712200000|  0%| F|  |TAMS 0x0000000712000000| PB 0x0000000712000000| Untracked |  0
|  68|0x0000000712200000, 0x0000000712200000, 0x0000000712400000|  0%| F|  |TAMS 0x0000000712200000| PB 0x0000000712200000| Untracked |  0
|  69|0x0000000712400000, 0x0000000712400000, 0x0000000712600000|  0%| F|  |TAMS 0x0000000712400000| PB 0x0000000712400000| Untracked |  0
|  70|0x0000000712600000, 0x0000000712600000, 0x0000000712800000|  0%| F|  |TAMS 0x0000000712600000| PB 0x0000000712600000| Untracked |  0
|  71|0x0000000712800000, 0x0000000712800000, 0x0000000712a00000|  0%| F|  |TAMS 0x0000000712800000| PB 0x0000000712800000| Untracked |  0
|  72|0x0000000712a00000, 0x0000000712a00000, 0x0000000712c00000|  0%| F|  |TAMS 0x0000000712a00000| PB 0x0000000712a00000| Untracked |  0
|  73|0x0000000712c00000, 0x0000000712c00000, 0x0000000712e00000|  0%| F|  |TAMS 0x0000000712c00000| PB 0x0000000712c00000| Untracked |  0
|  74|0x0000000712e00000, 0x0000000712e00000, 0x0000000713000000|  0%| F|  |TAMS 0x0000000712e00000| PB 0x0000000712e00000| Untracked |  0
|  75|0x0000000713000000, 0x0000000713000000, 0x0000000713200000|  0%| F|  |TAMS 0x0000000713000000| PB 0x0000000713000000| Untracked |  0
|  76|0x0000000713200000, 0x0000000713200000, 0x0000000713400000|  0%| F|  |TAMS 0x0000000713200000| PB 0x0000000713200000| Untracked |  0
|  77|0x0000000713400000, 0x0000000713400000, 0x0000000713600000|  0%| F|  |TAMS 0x0000000713400000| PB 0x0000000713400000| Untracked |  0
|  78|0x0000000713600000, 0x0000000713600000, 0x0000000713800000|  0%| F|  |TAMS 0x0000000713600000| PB 0x0000000713600000| Untracked |  0
|  79|0x0000000713800000, 0x0000000713800000, 0x0000000713a00000|  0%| F|  |TAMS 0x0000000713800000| PB 0x0000000713800000| Untracked |  0
|  80|0x0000000713a00000, 0x0000000713a00000, 0x0000000713c00000|  0%| F|  |TAMS 0x0000000713a00000| PB 0x0000000713a00000| Untracked |  0
|  81|0x0000000713c00000, 0x0000000713c00000, 0x0000000713e00000|  0%| F|  |TAMS 0x0000000713c00000| PB 0x0000000713c00000| Untracked |  0
|  82|0x0000000713e00000, 0x0000000713e00000, 0x0000000714000000|  0%| F|  |TAMS 0x0000000713e00000| PB 0x0000000713e00000| Untracked |  0
|  83|0x0000000714000000, 0x0000000714000000, 0x0000000714200000|  0%| F|  |TAMS 0x0000000714000000| PB 0x0000000714000000| Untracked |  0
|  84|0x0000000714200000, 0x0000000714200000, 0x0000000714400000|  0%| F|  |TAMS 0x0000000714200000| PB 0x0000000714200000| Untracked |  0
|  85|0x0000000714400000, 0x0000000714400000, 0x0000000714600000|  0%| F|  |TAMS 0x0000000714400000| PB 0x0000000714400000| Untracked |  0
|  86|0x0000000714600000, 0x0000000714600000, 0x0000000714800000|  0%| F|  |TAMS 0x0000000714600000| PB 0x0000000714600000| Untracked |  0
|  87|0x0000000714800000, 0x0000000714800000, 0x0000000714a00000|  0%| F|  |TAMS 0x0000000714800000| PB 0x0000000714800000| Untracked |  0
|  88|0x0000000714a00000, 0x0000000714a00000, 0x0000000714c00000|  0%| F|  |TAMS 0x0000000714a00000| PB 0x0000000714a00000| Untracked |  0
|  89|0x0000000714c00000, 0x0000000714c00000, 0x0000000714e00000|  0%| F|  |TAMS 0x0000000714c00000| PB 0x0000000714c00000| Untracked |  0
|  90|0x0000000714e00000, 0x0000000714e00000, 0x0000000715000000|  0%| F|  |TAMS 0x0000000714e00000| PB 0x0000000714e00000| Untracked |  0
|  91|0x0000000715000000, 0x0000000715000000, 0x0000000715200000|  0%| F|  |TAMS 0x0000000715000000| PB 0x0000000715000000| Untracked |  0
|  92|0x0000000715200000, 0x0000000715200000, 0x0000000715400000|  0%| F|  |TAMS 0x0000000715200000| PB 0x0000000715200000| Untracked |  0
|  93|0x0000000715400000, 0x0000000715400000, 0x0000000715600000|  0%| F|  |TAMS 0x0000000715400000| PB 0x0000000715400000| Untracked |  0
|  94|0x0000000715600000, 0x0000000715600000, 0x0000000715800000|  0%| F|  |TAMS 0x0000000715600000| PB 0x0000000715600000| Untracked |  0
|  95|0x0000000715800000, 0x0000000715800000, 0x0000000715a00000|  0%| F|  |TAMS 0x0000000715800000| PB 0x0000000715800000| Untracked |  0
|  96|0x0000000715a00000, 0x0000000715a00000, 0x0000000715c00000|  0%| F|  |TAMS 0x0000000715a00000| PB 0x0000000715a00000| Untracked |  0
|  97|0x0000000715c00000, 0x0000000715c00000, 0x0000000715e00000|  0%| F|  |TAMS 0x0000000715c00000| PB 0x0000000715c00000| Untracked |  0
|  98|0x0000000715e00000, 0x0000000715e00000, 0x0000000716000000|  0%| F|  |TAMS 0x0000000715e00000| PB 0x0000000715e00000| Untracked |  0
|  99|0x0000000716000000, 0x0000000716000000, 0x0000000716200000|  0%| F|  |TAMS 0x0000000716000000| PB 0x0000000716000000| Untracked |  0
| 100|0x0000000716200000, 0x0000000716200000, 0x0000000716400000|  0%| F|  |TAMS 0x0000000716200000| PB 0x0000000716200000| Untracked |  0
| 101|0x0000000716400000, 0x0000000716400000, 0x0000000716600000|  0%| F|  |TAMS 0x0000000716400000| PB 0x0000000716400000| Untracked |  0
| 102|0x0000000716600000, 0x0000000716600000, 0x0000000716800000|  0%| F|  |TAMS 0x0000000716600000| PB 0x0000000716600000| Untracked |  0
| 103|0x0000000716800000, 0x0000000716800000, 0x0000000716a00000|  0%| F|  |TAMS 0x0000000716800000| PB 0x0000000716800000| Untracked |  0
| 104|0x0000000716a00000, 0x0000000716a00000, 0x0000000716c00000|  0%| F|  |TAMS 0x0000000716a00000| PB 0x0000000716a00000| Untracked |  0
| 105|0x0000000716c00000, 0x0000000716c00000, 0x0000000716e00000|  0%| F|  |TAMS 0x0000000716c00000| PB 0x0000000716c00000| Untracked |  0
| 106|0x0000000716e00000, 0x0000000716e00000, 0x0000000717000000|  0%| F|  |TAMS 0x0000000716e00000| PB 0x0000000716e00000| Untracked |  0
| 107|0x0000000717000000, 0x0000000717000000, 0x0000000717200000|  0%| F|  |TAMS 0x0000000717000000| PB 0x0000000717000000| Untracked |  0
| 108|0x0000000717200000, 0x0000000717200000, 0x0000000717400000|  0%| F|  |TAMS 0x0000000717200000| PB 0x0000000717200000| Untracked |  0
| 109|0x0000000717400000, 0x0000000717400000, 0x0000000717600000|  0%| F|  |TAMS 0x0000000717400000| PB 0x0000000717400000| Untracked |  0
| 110|0x0000000717600000, 0x0000000717600000, 0x0000000717800000|  0%| F|  |TAMS 0x0000000717600000| PB 0x0000000717600000| Untracked |  0
| 111|0x0000000717800000, 0x0000000717800000, 0x0000000717a00000|  0%| F|  |TAMS 0x0000000717800000| PB 0x0000000717800000| Untracked |  0
| 112|0x0000000717a00000, 0x0000000717a00000, 0x0000000717c00000|  0%| F|  |TAMS 0x0000000717a00000| PB 0x0000000717a00000| Untracked |  0
| 113|0x0000000717c00000, 0x0000000717c00000, 0x0000000717e00000|  0%| F|  |TAMS 0x0000000717c00000| PB 0x0000000717c00000| Untracked |  0
| 114|0x0000000717e00000, 0x0000000717e00000, 0x0000000718000000|  0%| F|  |TAMS 0x0000000717e00000| PB 0x0000000717e00000| Untracked |  0
| 115|0x0000000718000000, 0x0000000718000000, 0x0000000718200000|  0%| F|  |TAMS 0x0000000718000000| PB 0x0000000718000000| Untracked |  0
| 116|0x0000000718200000, 0x00000007183ff888, 0x0000000718400000| 99%| E|  |TAMS 0x0000000718200000| PB 0x0000000718200000| Complete |  0
| 117|0x0000000718400000, 0x0000000718600000, 0x0000000718600000|100%| E|CS|TAMS 0x0000000718400000| PB 0x0000000718400000| Complete |  0
| 118|0x0000000718600000, 0x0000000718800000, 0x0000000718800000|100%| E|CS|TAMS 0x0000000718600000| PB 0x0000000718600000| Complete |  0
| 119|0x0000000718800000, 0x0000000718a00000, 0x0000000718a00000|100%| E|CS|TAMS 0x0000000718800000| PB 0x0000000718800000| Complete |  0
| 120|0x0000000718a00000, 0x0000000718c00000, 0x0000000718c00000|100%| E|CS|TAMS 0x0000000718a00000| PB 0x0000000718a00000| Complete |  0
| 121|0x0000000718c00000, 0x0000000718e00000, 0x0000000718e00000|100%| E|CS|TAMS 0x0000000718c00000| PB 0x0000000718c00000| Complete |  0
| 122|0x0000000718e00000, 0x0000000719000000, 0x0000000719000000|100%| E|CS|TAMS 0x0000000718e00000| PB 0x0000000718e00000| Complete |  0
| 123|0x0000000719000000, 0x0000000719200000, 0x0000000719200000|100%| E|CS|TAMS 0x0000000719000000| PB 0x0000000719000000| Complete |  0
|1970|0x00000007ffe00000, 0x00000007fff25608, 0x0000000800000000| 57%| O|  |TAMS 0x00000007ffe00000| PB 0x00000007ffe00000| Untracked |  0

Card table byte_map: [0x00000228fe3e0000,0x00000228feba0000] _byte_map_base: 0x00000228fab93000

Marking Bits: (CMBitMap*) 0x00000228e58150f0
 Bits: [0x0000022880000000, 0x0000022883d98000)

Polling page: 0x00000228e5880000

Metaspace:
Metaspace        used 12037K, committed 12288K, reserved 1114112K
 class space     used 1205K, committed 1344K, reserved 1048576K

Usage:
  Non-class:     10.58 MB used.
      Class:      1.18 MB used.
       Both:     11.76 MB used.

Virtual space:
  Non-class space:       64.00 MB reserved,      10.69 MB ( 17%) committed,  1 nodes.
      Class space:        1.00 GB reserved,       1.31 MB ( <1%) committed,  1 nodes.
             Both:        1.06 GB reserved,      12.00 MB (  1%) committed. 

Chunk freelists:
   Non-Class:  5.00 MB
       Class:  14.73 MB
        Both:  19.73 MB

MaxMetaspaceSize: unlimited
CompressedClassSpaceSize: 1.00 GB
Initial GC threshold: 21.00 MB
Current GC threshold: 21.00 MB
CDS: on
 - commit_granule_bytes: 65536.
 - commit_granule_words: 8192.
 - virtual_space_node_default_size: 8388608.
 - enlarge_chunks_in_place: 1.
UseCompressedClassPointers 1, UseCompactObjectHeaders 0
Narrow klass pointer bits 32, Max shift 3
Narrow klass base: 0x0000000084000000, Narrow klass shift: 0
Encoding Range: [0x0000000084000000 - 0x0000000184000000), (4294967296 bytes)
Klass Range:    [0x0000000084010000 - 0x00000000c5000000), (1090453504 bytes)
Klass ID Range:  [65536 - 1090519033) (1090453497)
Protection zone: [0x0000000084000000 - 0x0000000084010000), (65536 bytes)


Internal statistics:

num_allocs_failed_limit: 0.
num_arena_births: 112.
num_arena_deaths: 0.
num_vsnodes_births: 2.
num_vsnodes_deaths: 0.
num_space_committed: 192.
num_space_uncommitted: 0.
num_chunks_returned_to_freelist: 0.
num_chunks_taken_from_freelist: 175.
num_chunk_merges: 0.
num_chunk_splits: 95.
num_chunks_enlarged: 42.
num_inconsistent_stats: 0.

CodeHeap 'non-profiled nmethods': size=120064Kb used=400Kb max_used=400Kb free=119663Kb
 bounds [0x00000228f5c60000, 0x00000228f5ed0000, 0x00000228fd1a0000]
CodeHeap 'profiled nmethods': size=120000Kb used=2141Kb max_used=2141Kb free=117858Kb
 bounds [0x00000228ee1a0000, 0x00000228ee410000, 0x00000228f56d0000]
CodeHeap 'non-nmethods': size=5696Kb used=1746Kb max_used=1766Kb free=3949Kb
 bounds [0x00000228f56d0000, 0x00000228f5940000, 0x00000228f5c60000]
CodeCache: size=245760Kb, used=4287Kb, max_used=4307Kb, free=241470Kb
 total_blobs=2245, nmethods=1538, adapters=610, full_count=0
Compilation: enabled, stopped_count=0, restarted_count=0

Compilation events (20 events):
Event: 16.880 Thread 0x00000228ff618690 1527       1       sun.java2d.pipe.Region::getLoY (5 bytes)
Event: 16.880 Thread 0x00000228ff618690 nmethod 1527 0x00000228f5cc1008 code [0x00000228f5cc1100, 0x00000228f5cc11c8]
Event: 16.880 Thread 0x00000228ff618690 1528       1       sun.java2d.pipe.Region::getLoX (5 bytes)
Event: 16.880 Thread 0x00000228ff618690 nmethod 1528 0x00000228f5cc1308 code [0x00000228f5cc1400, 0x00000228f5cc14c8]
Event: 16.880 Thread 0x00000228ff610d20 1529 %     4       sun.java2d.marlin.MarlinCache::copyAARowRLE_WithBlockFlags @ 195 (733 bytes)
Event: 16.883 Thread 0x00000228ff618690 1530       3       java.awt.MultipleGradientPaintContext::interpolate (202 bytes)
Event: 16.883 Thread 0x00000228ff618690 nmethod 1530 0x00000228ee3b6708 code [0x00000228ee3b6840, 0x00000228ee3b6ba0]
Event: 16.883 Thread 0x00000228ff618690 1532       1       sun.awt.image.SunVolatileImage::getWidth (5 bytes)
Event: 16.883 Thread 0x00000228ff618690 nmethod 1532 0x00000228f5cc1988 code [0x00000228f5cc1a80, 0x00000228f5cc1b48]
Event: 16.883 Thread 0x00000228ff618690 1533       1       sun.awt.image.SunVolatileImage::getHeight (5 bytes)
Event: 16.883 Thread 0x00000228ff618690 nmethod 1533 0x00000228f5cc1c88 code [0x00000228f5cc1d80, 0x00000228f5cc1e48]
Event: 16.884 Thread 0x00000228ff618690 1534       1       sun.awt.image.BufImgSurfaceData::getDefaultScaleX (5 bytes)
Event: 16.884 Thread 0x00000228ff618690 nmethod 1534 0x00000228f5cc1f88 code [0x00000228f5cc2080, 0x00000228f5cc2148]
Event: 16.884 Thread 0x00000228ff618690 1536   !   3       sun.awt.image.SurfaceManager::getManager (47 bytes)
Event: 16.884 Thread 0x00000228ff618690 nmethod 1536 0x00000228ee3b6c08 code [0x00000228ee3b6d00, 0x00000228ee3b7250]
Event: 16.884 Thread 0x00000228ff618690 1537       3       java.awt.Image$1::getSurfaceManager (5 bytes)
Event: 16.884 Thread 0x00000228ff618690 nmethod 1537 0x00000228ee3b7288 code [0x00000228ee3b7380, 0x00000228ee3b7498]
Event: 16.884 Thread 0x00000228ff618690 1535       1       sun.awt.image.BufImgSurfaceData::getDefaultScaleY (5 bytes)
Event: 16.884 Thread 0x00000228ff618690 nmethod 1535 0x00000228f5cc2288 code [0x00000228f5cc2380, 0x00000228f5cc2448]
Event: 16.969 Thread 0x00000228ff610d20 nmethod 1529% 0x00000228f5cc2588 code [0x00000228f5cc2680, 0x00000228f5cc3f48]

GC Heap Usage History (0 events):
No events

Metaspace Usage History (0 events):
No events

Dll operation events (8 events):
Event: 0.008 Loaded shared library C:\Program Files\Java\jdk-25\bin\java.dll
Event: 0.050 Loaded shared library C:\Program Files\Java\jdk-25\bin\net.dll
Event: 0.051 Loaded shared library C:\Program Files\Java\jdk-25\bin\nio.dll
Event: 0.069 Loaded shared library C:\Program Files\Java\jdk-25\bin\zip.dll
Event: 0.079 Loaded shared library C:\Program Files\Java\jdk-25\bin\jimage.dll
Event: 0.085 Loaded shared library C:\Program Files\Java\jdk-25\bin\awt.dll
Event: 0.165 Loaded shared library C:\Program Files\Java\jdk-25\bin\freetype.dll
Event: 0.166 Loaded shared library C:\Program Files\Java\jdk-25\bin\fontmanager.dll

Deoptimization events (20 events):
Event: 0.371 Thread 0x000002288a0cddf0 Uncommon trap: trap_request=0xffffffde fr.pc=0x00000228f5c71ddc relative=0x00000000000001dc
Event: 0.371 Thread 0x000002288a0cddf0 Uncommon trap: reason=class_check action=maybe_recompile pc=0x00000228f5c71ddc method=java.lang.String.equals(Ljava/lang/Object;)Z @ 8 c2
Event: 0.371 Thread 0x000002288a0cddf0 DEOPT PACKING pc=0x00000228f5c71ddc sp=0x000000601cbfcfb0
Event: 0.371 Thread 0x000002288a0cddf0 DEOPT UNPACKING pc=0x00000228f5800d02 sp=0x000000601cbfcf38 mode 2
Event: 0.373 Thread 0x000002288a0cddf0 Uncommon trap: trap_request=0xffffffde fr.pc=0x00000228f5c71ddc relative=0x00000000000001dc
Event: 0.373 Thread 0x000002288a0cddf0 Uncommon trap: reason=class_check action=maybe_recompile pc=0x00000228f5c71ddc method=java.lang.String.equals(Ljava/lang/Object;)Z @ 8 c2
Event: 0.373 Thread 0x000002288a0cddf0 DEOPT PACKING pc=0x00000228f5c71ddc sp=0x000000601cbfdd10
Event: 0.373 Thread 0x000002288a0cddf0 DEOPT UNPACKING pc=0x00000228f5800d02 sp=0x000000601cbfdc98 mode 2
Event: 0.375 Thread 0x000002288a0cddf0 Uncommon trap: trap_request=0xffffffde fr.pc=0x00000228f5c71ddc relative=0x00000000000001dc
Event: 0.375 Thread 0x000002288a0cddf0 Uncommon trap: reason=class_check action=maybe_recompile pc=0x00000228f5c71ddc method=java.lang.String.equals(Ljava/lang/Object;)Z @ 8 c2
Event: 0.375 Thread 0x000002288a0cddf0 DEOPT PACKING pc=0x00000228f5c71ddc sp=0x000000601cbfded0
Event: 0.375 Thread 0x000002288a0cddf0 DEOPT UNPACKING pc=0x00000228f5800d02 sp=0x000000601cbfde58 mode 2
Event: 0.434 Thread 0x000002288a0cddf0 Uncommon trap: trap_request=0xffffff45 fr.pc=0x00000228f5cb6510 relative=0x00000000000002f0
Event: 0.434 Thread 0x000002288a0cddf0 Uncommon trap: reason=unstable_if action=reinterpret pc=0x00000228f5cb6510 method=java.awt.MultipleGradientPaintContext.indexIntoGradientsArrays(F)I @ 24 c2
Event: 0.434 Thread 0x000002288a0cddf0 DEOPT PACKING pc=0x00000228f5cb6510 sp=0x000000601cbfc590
Event: 0.434 Thread 0x000002288a0cddf0 DEOPT UNPACKING pc=0x00000228f5800d02 sp=0x000000601cbfc528 mode 2
Event: 15.739 Thread 0x000002288a0cddf0 DEOPT PACKING pc=0x00000228ee3aaa83 sp=0x000000601cbfcfb0
Event: 15.739 Thread 0x000002288a0cddf0 DEOPT UNPACKING pc=0x00000228f57212a2 sp=0x000000601cbfc360 mode 0
Event: 15.741 Thread 0x000002288a0cddf0 DEOPT PACKING pc=0x00000228ee3998fd sp=0x000000601cbfceb0
Event: 15.741 Thread 0x000002288a0cddf0 DEOPT UNPACKING pc=0x00000228f57212a2 sp=0x000000601cbfc360 mode 0

Classes loaded (20 events):
Event: 1.418 Loading class sun/awt/ModalExclude
Event: 1.418 Loading class sun/awt/ModalExclude done
Event: 1.418 Loading class java/awt/Container$MouseEventTargetFilter
Event: 1.418 Loading class java/awt/Container$EventTargetFilter
Event: 1.418 Loading class java/awt/Container$EventTargetFilter done
Event: 1.418 Loading class java/awt/Container$MouseEventTargetFilter done
Event: 1.419 Loading class java/awt/event/MouseWheelEvent
Event: 1.419 Loading class java/awt/event/MouseWheelEvent done
Event: 10.945 Loading class sun/awt/DebugSettings
Event: 10.946 Loading class sun/awt/DebugSettings done
Event: 10.947 Loading class javax/swing/JComponent$KeyboardState
Event: 10.947 Loading class javax/swing/JComponent$KeyboardState done
Event: 10.947 Loading class javax/swing/JComponent$IntVector
Event: 10.947 Loading class javax/swing/JComponent$IntVector done
Event: 10.947 Loading class javax/swing/Popup$HeavyWeightWindow
Event: 10.947 Loading class javax/swing/JWindow
Event: 10.947 Loading class javax/swing/JWindow done
Event: 10.947 Loading class javax/swing/Popup$HeavyWeightWindow done
Event: 1146.855 Loading class java/util/ArrayList$ListItr
Event: 1146.855 Loading class java/util/ArrayList$ListItr done

Classes unloaded (0 events):
No events

Classes redefined (0 events):
No events

Internal exceptions (20 events):
Event: 0.207 Thread 0x00000228e3dd1c10 Exception <a 'java/lang/ClassNotFoundException'{0x00000007189651f8}: ToolBarSeparator> (0x00000007189651f8) 
thrown [s\open\src\hotspot\share\classfile\systemDictionary.cpp, line 327]
Event: 0.207 Thread 0x00000228e3dd1c10 Exception <a 'java/lang/ClassNotFoundException'{0x0000000718965718}: ToolTip> (0x0000000718965718) 
thrown [s\open\src\hotspot\share\classfile\systemDictionary.cpp, line 327]
Event: 0.207 Thread 0x00000228e3dd1c10 Exception <a 'java/lang/ClassNotFoundException'{0x0000000718966070}: Tree> (0x0000000718966070) 
thrown [s\open\src\hotspot\share\classfile\systemDictionary.cpp, line 327]
Event: 0.207 Thread 0x00000228e3dd1c10 Exception <a 'java/lang/ClassNotFoundException'{0x0000000718966568}: Tree> (0x0000000718966568) 
thrown [s\open\src\hotspot\share\classfile\systemDictionary.cpp, line 327]
Event: 0.207 Thread 0x00000228e3dd1c10 Exception <a 'java/lang/ClassNotFoundException'{0x00000007189668d8}: javax/swing/JTreeCell> (0x00000007189668d8) 
thrown [s\open\src\hotspot\share\classfile\systemDictionary.cpp, line 327]
Event: 0.207 Thread 0x00000228e3dd1c10 Exception <a 'java/lang/ClassNotFoundException'{0x0000000718966be0}: TreeCell> (0x0000000718966be0) 
thrown [s\open\src\hotspot\share\classfile\systemDictionary.cpp, line 327]
Event: 0.208 Thread 0x00000228e3dd1c10 Exception <a 'java/lang/ClassNotFoundException'{0x0000000718967380}: RootPane> (0x0000000718967380) 
thrown [s\open\src\hotspot\share\classfile\systemDictionary.cpp, line 327]
Event: 0.209 Thread 0x00000228e3dd1c10 Exception <a 'java/lang/ClassNotFoundException'{0x000000071896a148}: com/sun/swing/internal/plaf/metal/resources/spi/metalProvider> (0x000000071896a148) 
thrown [s\open\src\hotspot\share\classfile\systemDictionary.cpp, line 327]
Event: 0.209 Thread 0x00000228e3dd1c10 Exception <a 'java/lang/ClassNotFoundException'{0x000000071896db68}: com/sun/swing/internal/plaf/basic/resources/spi/basicProvider> (0x000000071896db68) 
thrown [s\open\src\hotspot\share\classfile\systemDictionary.cpp, line 327]
Event: 0.225 Thread 0x000002288a0cddf0 Exception <a 'java/lang/ClassNotFoundException'{0x0000000718722908}: com/sun/swing/internal/plaf/synth/resources/spi/synthProvider> (0x0000000718722908) 
thrown [s\open\src\hotspot\share\classfile\systemDictionary.cpp, line 327]
Event: 0.235 Thread 0x000002288a0cddf0 Exception <a 'java/lang/NoSuchMethodError'{0x0000000718773418}: 'int java.lang.invoke.Invokers$Holder.invokeExact_MT(java.lang.Object, java.lang.Object)'> (0x0000000718773418) 
thrown [s\open\src\hotspot\share\interpreter\linkResolver.cpp, line 804]
Event: 0.239 Thread 0x000002288a0cddf0 Exception <a 'java/lang/NoSuchMethodError'{0x0000000718786a20}: 'java.lang.Object java.lang.invoke.DirectMethodHandle$Holder.newInvokeSpecial(java.lang.Object, java.lang.Object, int)'> (0x0000000718786a20) 
thrown [s\open\src\hotspot\share\interpreter\linkResolver.cpp, line 804]
Event: 0.241 Thread 0x000002288a0cddf0 Exception <a 'java/lang/NoSuchMethodError'{0x00000007187a0a88}: 'java.lang.Object java.lang.invoke.DirectMethodHandle$Holder.invokeStatic(java.lang.Object, java.lang.Object, java.lang.Object, java.lang.Object, int)'> (0x00000007187a0a88) 
thrown [s\open\src\hotspot\share\interpreter\linkResolver.cpp, line 804]
Event: 0.304 Thread 0x000002288a0cd620 Exception <a 'java/lang/NoSuchMethodError'{0x0000000718d05930}: 'void java.lang.invoke.DirectMethodHandle$Holder.invokeVirtual(java.lang.Object, java.lang.Object)'> (0x0000000718d05930) 
thrown [s\open\src\hotspot\share\interpreter\linkResolver.cpp, line 804]
Event: 0.313 Thread 0x000002288a0cddf0 Exception <a 'java/lang/NoSuchMethodError'{0x0000000718503cc8}: 'void java.lang.invoke.DirectMethodHandle$Holder.invokeStaticInit(java.lang.Object)'> (0x0000000718503cc8) 
thrown [s\open\src\hotspot\share\interpreter\linkResolver.cpp, line 804]
Event: 0.342 Thread 0x000002288a0cddf0 Exception <a 'java/lang/NoSuchMethodError'{0x000000071856b468}: 'void java.lang.invoke.DelegatingMethodHandle$Holder.reinvoke_L(java.lang.Object, java.lang.Object, java.lang.Object, long, float)'> (0x000000071856b468) 
thrown [s\open\src\hotspot\share\interpreter\linkResolver.cpp, line 804]
Event: 0.343 Thread 0x000002288a0cddf0 Exception <a 'java/lang/NoSuchMethodError'{0x0000000718583190}: 'java.lang.Object java.lang.invoke.DirectMethodHandle$Holder.invokeStatic(java.lang.Object, java.lang.Object, java.lang.Object, java.lang.Object, long)'> (0x0000000718583190) 
thrown [s\open\src\hotspot\share\interpreter\linkResolver.cpp, line 804]
Event: 0.344 Thread 0x000002288a0cddf0 Exception <a 'java/lang/NoSuchMethodError'{0x00000007185a5a50}: 'float java.lang.invoke.DelegatingMethodHandle$Holder.reinvoke_L(java.lang.Object, java.lang.Object, java.lang.Object, long)'> (0x00000007185a5a50) 
thrown [s\open\src\hotspot\share\interpreter\linkResolver.cpp, line 804]
Event: 0.389 Thread 0x000002288a0cddf0 Exception <a 'java/lang/NoSuchMethodError'{0x00000007185fc640}: 'void java.lang.invoke.DirectMethodHandle$Holder.invokeStatic(java.lang.Object, java.lang.Object)'> (0x00000007185fc640) 
thrown [s\open\src\hotspot\share\interpreter\linkResolver.cpp, line 804]
Event: 0.411 Thread 0x000002288a0cddf0 Exception <a 'java/lang/NoSuchMethodError'{0x0000000718225f58}: 'int java.lang.invoke.DirectMethodHandle$Holder.invokeStatic(java.lang.Object)'> (0x0000000718225f58) 
thrown [s\open\src\hotspot\share\interpreter\linkResolver.cpp, line 804]

VM Operations (16 events):
Event: 0.054 Executing non-safepoint VM operation: HandshakeAllThreads (Deoptimize)
Event: 0.054 Executing non-safepoint VM operation: HandshakeAllThreads (Deoptimize) done
Event: 0.268 Executing non-safepoint VM operation: HandshakeAllThreads (Deoptimize)
Event: 0.268 Executing non-safepoint VM operation: HandshakeAllThreads (Deoptimize) done
Event: 0.306 Executing non-safepoint VM operation: HandshakeAllThreads (Deoptimize)
Event: 0.306 Executing non-safepoint VM operation: HandshakeAllThreads (Deoptimize) done
Event: 0.419 Executing non-safepoint VM operation: HandshakeAllThreads (Deoptimize)
Event: 0.419 Executing non-safepoint VM operation: HandshakeAllThreads (Deoptimize) done
Event: 0.421 Executing non-safepoint VM operation: HandshakeAllThreads (Deoptimize)
Event: 0.421 Executing non-safepoint VM operation: HandshakeAllThreads (Deoptimize) done
Event: 60.042 Executing non-safepoint VM operation: HandshakeAllThreads (HandshakeForDeflation)
Event: 60.042 Executing non-safepoint VM operation: HandshakeAllThreads (HandshakeForDeflation) done
Event: 60.042 Executing non-safepoint VM operation: RendezvousGCThreads
Event: 60.042 Executing non-safepoint VM operation: RendezvousGCThreads done
Event: 1146.856 Executing non-safepoint VM operation: HandshakeAllThreads (Deoptimize)
Event: 1146.856 Executing non-safepoint VM operation: HandshakeAllThreads (Deoptimize) done

Memory protections (0 events):
No events

Nmethod flushes (0 events):
No events

Events (17 events):
Event: 0.022 Thread 0x00000228e3dd1c10 Thread added: 0x00000228e3dd1c10
Event: 0.031 Thread 0x00000228e3dd1c10 Thread added: 0x00000228ff601890
Event: 0.031 Thread 0x00000228e3dd1c10 Thread added: 0x00000228ff6021a0
Event: 0.031 Thread 0x00000228e3dd1c10 Thread added: 0x00000228ff603d70
Event: 0.031 Thread 0x00000228e3dd1c10 Thread added: 0x00000228ff6074e0
Event: 0.031 Thread 0x00000228e3dd1c10 Thread added: 0x00000228ff609860
Event: 0.031 Thread 0x00000228e3dd1c10 Thread added: 0x00000228ff609090
Event: 0.031 Thread 0x00000228e3dd1c10 Thread added: 0x00000228ff610d20
Event: 0.031 Thread 0x00000228e3dd1c10 Thread added: 0x00000228ff618690
Event: 0.049 Thread 0x00000228e3dd1c10 Thread added: 0x000002288a0ca740
Event: 0.065 Thread 0x00000228e3dd1c10 Thread added: 0x000002288a0cb6e0
Event: 0.113 Thread 0x00000228e3dd1c10 Thread added: 0x000002288a0c8fd0
Event: 0.113 Thread 0x00000228e3dd1c10 Thread added: 0x000002288a0cce50
Event: 0.114 Thread 0x00000228e3dd1c10 Thread added: 0x000002288a0cd620
Event: 0.215 Thread 0x00000228e3dd1c10 Thread added: 0x000002288a0cddf0
Event: 0.215 Thread 0x00000228e3dd1c10 Thread exited: 0x00000228e3dd1c10
Event: 0.215 Thread 0x000002288a0ce5c0 Thread added: 0x000002288a0ce5c0


Dynamic libraries:
0x00007ff629040000 - 0x00007ff629050000 	C:\Program Files\Java\jdk-25\bin\java.exe
0x00007ffee48a0000 - 0x00007ffee4b08000 	C:\WINDOWS\SYSTEM32\ntdll.dll
0x00007ffee37a0000 - 0x00007ffee3869000 	C:\WINDOWS\System32\KERNEL32.DLL
0x00007ffee1ce0000 - 0x00007ffee20d2000 	C:\WINDOWS\System32\KERNELBASE.dll
0x00007ffee2110000 - 0x00007ffee225b000 	C:\WINDOWS\System32\ucrtbase.dll
0x00007ffe7c990000 - 0x00007ffe7c9a7000 	C:\Program Files\Java\jdk-25\bin\jli.dll
0x00007ffee4690000 - 0x00007ffee4855000 	C:\WINDOWS\System32\USER32.dll
0x00007ffeabb20000 - 0x00007ffeabb3e000 	C:\Program Files\Java\jdk-25\bin\VCRUNTIME140.dll
0x00007ffecd540000 - 0x00007ffecd7d3000 	C:\WINDOWS\WinSxS\amd64_microsoft.windows.common-controls_6595b64144ccf1df_6.0.26100.6899_none_3e0efeeae32e88c1\COMCTL32.dll
0x00007ffee20e0000 - 0x00007ffee2107000 	C:\WINDOWS\System32\win32u.dll
0x00007ffee3d60000 - 0x00007ffee3d8b000 	C:\WINDOWS\System32\GDI32.dll
0x00007ffee3cb0000 - 0x00007ffee3d59000 	C:\WINDOWS\System32\msvcrt.dll
0x00007ffee1bb0000 - 0x00007ffee1cdd000 	C:\WINDOWS\System32\gdi32full.dll
0x00007ffee2300000 - 0x00007ffee23a3000 	C:\WINDOWS\System32\msvcp_win.dll
0x00007ffee3f70000 - 0x00007ffee3f9f000 	C:\WINDOWS\System32\IMM32.DLL
0x00007ffeca6c0000 - 0x00007ffeca6cc000 	C:\Program Files\Java\jdk-25\bin\vcruntime140_1.dll
0x00007ffe67da0000 - 0x00007ffe67e2d000 	C:\Program Files\Java\jdk-25\bin\msvcp140.dll
0x00007ffe65c90000 - 0x00007ffe66aef000 	C:\Program Files\Java\jdk-25\bin\server\jvm.dll
0x00007ffee3e90000 - 0x00007ffee3f44000 	C:\WINDOWS\System32\ADVAPI32.dll
0x00007ffee3de0000 - 0x00007ffee3e86000 	C:\WINDOWS\System32\sechost.dll
0x00007ffee3510000 - 0x00007ffee3628000 	C:\WINDOWS\System32\RPCRT4.dll
0x00007ffee3720000 - 0x00007ffee3794000 	C:\WINDOWS\System32\WS2_32.dll
0x00007ffee1890000 - 0x00007ffee18ee000 	C:\WINDOWS\SYSTEM32\POWRPROF.dll
0x00007ffed8610000 - 0x00007ffed8645000 	C:\WINDOWS\SYSTEM32\WINMM.dll
0x00007ffec9630000 - 0x00007ffec963b000 	C:\WINDOWS\SYSTEM32\VERSION.dll
0x00007ffee1870000 - 0x00007ffee1884000 	C:\WINDOWS\SYSTEM32\UMPDC.dll
0x00007ffee0800000 - 0x00007ffee081b000 	C:\WINDOWS\SYSTEM32\kernel.appcore.dll
0x00007ffeab1d0000 - 0x00007ffeab1da000 	C:\Program Files\Java\jdk-25\bin\jimage.dll
0x00007ffedf1a0000 - 0x00007ffedf3e2000 	C:\WINDOWS\SYSTEM32\DBGHELP.DLL
0x00007ffee3930000 - 0x00007ffee3cab000 	C:\WINDOWS\System32\combase.dll
0x00007ffee3630000 - 0x00007ffee3707000 	C:\WINDOWS\System32\OLEAUT32.dll
0x00007ffecc5b0000 - 0x00007ffecc5ec000 	C:\WINDOWS\SYSTEM32\dbgcore.DLL
0x00007ffee2260000 - 0x00007ffee22f8000 	C:\WINDOWS\System32\bcryptPrimitives.dll
0x00007ffe7c9b0000 - 0x00007ffe7c9cf000 	C:\Program Files\Java\jdk-25\bin\java.dll
0x00007ffee2770000 - 0x00007ffee2908000 	C:\WINDOWS\System32\ole32.dll
0x00007ffee2910000 - 0x00007ffee305d000 	C:\WINDOWS\System32\SHELL32.dll
0x00007ffee2500000 - 0x00007ffee266b000 	C:\WINDOWS\System32\wintypes.dll
0x00007ffedf6a0000 - 0x00007ffedfefd000 	C:\WINDOWS\SYSTEM32\windows.storage.dll
0x00007ffee4590000 - 0x00007ffee4682000 	C:\WINDOWS\System32\SHCORE.dll
0x00007ffee3060000 - 0x00007ffee30c2000 	C:\WINDOWS\System32\shlwapi.dll
0x00007ffee1950000 - 0x00007ffee1979000 	C:\WINDOWS\SYSTEM32\profapi.dll
0x00007ffe7ba20000 - 0x00007ffe7ba32000 	C:\Program Files\Java\jdk-25\bin\net.dll
0x00007ffee0d70000 - 0x00007ffee0ddb000 	C:\WINDOWS\system32\mswsock.dll
0x00007ffe7ba00000 - 0x00007ffe7ba16000 	C:\Program Files\Java\jdk-25\bin\nio.dll
0x00007ffe7c970000 - 0x00007ffe7c987000 	C:\Program Files\Java\jdk-25\bin\zip.dll
0x00007ffe67e30000 - 0x00007ffe67fb4000 	C:\Program Files\Java\jdk-25\bin\awt.dll
0x00007ffede580000 - 0x00007ffede61f000 	C:\WINDOWS\SYSTEM32\apphelp.dll
0x00007ffedeb00000 - 0x00007ffedebaa000 	C:\WINDOWS\system32\uxtheme.dll
0x00007ffee33b0000 - 0x00007ffee350b000 	C:\WINDOWS\System32\MSCTF.dll
0x00007ffedefa0000 - 0x00007ffedefcd000 	C:\WINDOWS\system32\DWMAPI.DLL
0x00007ffe67d10000 - 0x00007ffe67d97000 	C:\Program Files\Java\jdk-25\bin\freetype.dll
0x00007ffe67c20000 - 0x00007ffe67d0e000 	C:\Program Files\Java\jdk-25\bin\fontmanager.dll
0x00007ffec4d00000 - 0x00007ffec4e0c000 	C:\WINDOWS\system32\opengl32.dll
0x00007ffec9760000 - 0x00007ffec978d000 	C:\WINDOWS\SYSTEM32\GLU32.dll
0x00007ffedebe0000 - 0x00007ffedec24000 	C:\WINDOWS\SYSTEM32\dxcore.dll
0x00007ffee3870000 - 0x00007ffee3921000 	C:\WINDOWS\System32\clbcatq.dll
0x00007ffeda880000 - 0x00007ffedaab0000 	C:\WINDOWS\SYSTEM32\WindowsCodecs.dll
0x00007ffeb8100000 - 0x00007ffeb815a000 	C:\WINDOWS\system32\dataexchange.dll
0x00007ffed1c50000 - 0x00007ffed1e95000 	C:\WINDOWS\system32\twinapi.appcore.dll
0x00007ffeb8440000 - 0x00007ffeb858a000 	C:\WINDOWS\SYSTEM32\textinputframework.dll
0x00007ffedbc80000 - 0x00007ffedbda5000 	C:\WINDOWS\SYSTEM32\CoreMessaging.dll
0x00007ffed9cd0000 - 0x00007ffed9fb3000 	C:\WINDOWS\SYSTEM32\CoreUIComponents.dll
0x00007ffee1020000 - 0x00007ffee102c000 	C:\WINDOWS\SYSTEM32\CRYPTBASE.DLL

JVMTI agents: none

dbghelp: loaded successfully - version: 4.0.5 - missing functions: none
symbol engine: initialized successfully - sym options: 0x614 - pdb path: .;C:\Program Files\Java\jdk-25\bin;C:\WINDOWS\SYSTEM32;C:\WINDOWS\WinSxS\amd64_microsoft.windows.common-controls_6595b64144ccf1df_6.0.26100.6899_none_3e0efeeae32e88c1;C:\Program Files\Java\jdk-25\bin\server

VM Arguments:
jvm_args: -Dfile.encoding=UTF-8 --enable-preview --module-path=C:\Users\User\OneDrive\Documentos\NetBeansProjects\Versiones-PrototipoSistemaContable-master\abrilolivo07 Prototipo-Sistema-Contable master PrototipoSistemaContable-Nuevo\build\classes 
java_command: prototiposistemacontable.FrmCatalogoCuentas
java_class_path (initial): C:\Users\User\Downloads\netbeans-27\netbeans\java\modules\ext\AbsoluteLayout.jar;C:\Users\User\OneDrive\Documentos\NetBeansProjects\Versiones-PrototipoSistemaContable-master\abrilolivo07 Prototipo-Sistema-Contable master PrototipoSistemaContable-Nuevo\build\classes
Launcher Type: SUN_STANDARD

[Global flags]
     intx CICompilerCount                          = 4                                         {product} {ergonomic}
     uint ConcGCThreads                            = 2                                         {product} {ergonomic}
     uint G1ConcRefinementThreads                  = 8                                         {product} {ergonomic}
   size_t G1HeapRegionSize                         = 2097152                                   {product} {ergonomic}
   size_t InitialHeapSize                          = 260046848                                 {product} {ergonomic}
   size_t MarkStackSize                            = 4194304                                   {product} {ergonomic}
   size_t MarkStackSizeMax                         = 536870912                                 {product} {ergonomic}
   size_t MaxHeapSize                              = 4133486592                                {product} {ergonomic}
   size_t MaxNewSize                               = 2478833664                                {product} {ergonomic}
   size_t MinHeapDeltaBytes                        = 2097152                                   {product} {ergonomic}
   size_t MinHeapSize                              = 8388608                                   {product} {ergonomic}
    uintx NonNMethodCodeHeapSize                   = 5832704                                {pd product} {ergonomic}
    uintx NonProfiledCodeHeapSize                  = 122945536                              {pd product} {ergonomic}
    uintx ProfiledCodeHeapSize                     = 122880000                              {pd product} {ergonomic}
    uintx ReservedCodeCacheSize                    = 251658240                              {pd product} {ergonomic}
     bool SegmentedCodeCache                       = true                                      {product} {ergonomic}
   size_t SoftMaxHeapSize                          = 4133486592                             {manageable} {ergonomic}
     bool UseCompressedOops                        = true                           {product lp64_product} {ergonomic}
     bool UseG1GC                                  = true                                      {product} {ergonomic}
     bool UseLargePagesIndividualAllocation        = false                                  {pd product} {ergonomic}

Logging:
Log output configuration:
 #0: stdout all=warning uptime,level,tags foldmultilines=false
 #1: stderr all=off uptime,level,tags foldmultilines=false

Release file:
IMPLEMENTOR="Oracle Corporation" 
JAVA_RUNTIME_VERSION="25+37-LTS-3491" 
JAVA_VERSION="25" 
JAVA_VERSION_DATE="2025-09-16" 
LIBC="default" 
MODULES="java.base java.compiler java.datatransfer java.xml java.prefs java.desktop java.instrument java.logging java.management java.security.sasl java.naming java.rmi java.management.rmi java.net.http java.scripting java.security.jgss java.transaction.xa java.sql java.sql.rowset java.xml.crypto java.se java.smartcardio jdk.accessibility jdk.internal.jvmstat jdk.attach jdk.charsets jdk.internal.opt jdk.zipfs jdk.compiler jdk.crypto.cryptoki jdk.crypto.ec jdk.crypto.mscapi jdk.dynalink jdk.internal.ed jdk.editpad jdk.internal.vm.ci jdk.graal.compiler jdk.graal.compiler.management jdk.hotspot.agent jdk.httpserver jdk.incubator.vector jdk.internal.le jdk.internal.md jdk.jartool jdk.javadoc jdk.jcmd jdk.management jdk.management.agent jdk.jconsole jdk.jdeps jdk.jdwp.agent jdk.jdi jdk.jfr jdk.jlink jdk.jpackage jdk.jshell jdk.jsobject jdk.jstatd jdk.localedata jdk.management.jfr jdk.naming.dns jdk.naming.rmi jdk.net jdk.nio.mapmode jdk.sctp jdk.security.auth jdk.security.jgss jdk.unsupported jdk.unsupported.desktop jdk.xml.dom" 
OS_ARCH="x86_64" 
OS_NAME="Windows" 
SOURCE=".:git:49d6a23b8806 open:git:6c48f4ed707b" 

Environment Variables:
PATH=C:\Program Files\Common Files\Oracle\Java\javapath;C:\WINDOWS\system32;C:\WINDOWS;C:\WINDOWS\System32\Wbem;C:\WINDOWS\System32\WindowsPowerShell\v1.0\;C:\WINDOWS\System32\OpenSSH\;C:\Program Files\Java\jdk-25\bin;C:\Users\User\AppData\Local\Microsoft\WindowsApps;C:\Users\User\AppData\Local\GitHubDesktop\bin
USERNAME=User
OS=Windows_NT
PROCESSOR_IDENTIFIER=Intel64 Family 6 Model 140 Stepping 1, GenuineIntel
TMP=C:\Users\User\AppData\Local\Temp
TEMP=C:\Users\User\AppData\Local\Temp




Compilation memory statistics disabled.

Periodic native trim disabled

---------------  S Y S T E M  ---------------

OS:
 Windows 11 , 64 bit Build 26100 (10.0.26100.6725)
OS uptime: 21 days 3:20 hours

CPU: total 8 (initial active 8) (4 cores per cpu, 2 threads per core) family 6 model 140 stepping 1 microcode 0xbc, cx8, cmov, fxsr, ht, mmx, 3dnowpref, sse, sse2, sse3, ssse3, sse4.1, sse4.2, popcnt, lzcnt, tsc, tscinvbit, avx, avx2, aes, erms, clmul, bmi1, bmi2, adx, avx512f, avx512dq, avx512cd, avx512bw, avx512vl, sha, fma, vzeroupper, avx512_vpopcntdq, avx512_vpclmulqdq, avx512_vaes, avx512_vnni, clflush, clflushopt, clwb, avx512_vbmi2, avx512_vbmi, rdtscp, rdpid, fsrm, gfni, avx512_bitalg, f16c, pku, cet_ibt, cet_ss, avx512_ifma
Processor Information for the first 8 processors :
  Max Mhz: 1498, Current Mhz: 1498, Mhz Limit: 1498

Memory: 4k page, system-wide physical 15761M (7623M free)
TotalPageFile size 18193M (AvailPageFile size 8365M)
current process WorkingSet (physical memory assigned to process): 82M, peak: 88M
current process commit charge ("private bytes"): 354M, peak: 360M

vm_info: Java HotSpot(TM) 64-Bit Server VM (25+37-LTS-3491) for windows-amd64 JRE (25+37-LTS-3491), built on 2025-08-14T21:13:00Z with unknown MS VC++:1943

END.
